[AVG.LOG.SM] ALL 2013-04-11 15:50:49,938 MAC-AZURE PID:1696 THID:1700 ID:AVG.LOG.SM:0.0.0.0 MSG:c00000000001930384096bAAAb8oMqmn3kqsDFAQe7uEvFR1f0D4kwlFlx0XANi+yoipSq/+kTxuF+NQxrbUQoF+FWE6tO2MChRDM1YGlyDpGqngHtdbmQMLNDwcOZ3vdm9COeh2MwUoZrmqzQ9ermi6709w5OEmujnYt9JhySQj4qZLXXCtgQ2wvoRQ6dpkjo1TmI/ys/50nBza2sLm39ByJ+oVFO7wbq6IQ8hToTigZf04k2+Hr8kBrr9uskM1CU9vftTRvDFr28o03yiscmSEsN2YUoI8TosP7eAl1++7QpIaoqwR2foYeAKm3xnvkmCIRHyAsElY96WK2J3M695RvvFtQ/zkxUZ/na1/v+UUE=
[AVG.CSL] INFO 2013-04-11 15:54:00,723 MAC-AZURE PID:1696 THID:2060 ID:{CEC60BE8-366C-4ff3-AB3D-38450F35F5AE}:2224.2900.081641c.0 MSG:*
[AVG.CSL] INFO 2013-04-11 15:54:00,801 MAC-AZURE PID:1696 THID:2060 ID:{CEC60BE8-366C-4ff3-AB3D-38450F35F5AE}:1209.2900.081641c.0 MSG:aA8raDL7w9fznWibO5zX3b8npe8k=
[AVG.CSL] INFO 2013-04-11 15:54:00,801 MAC-AZURE PID:1696 THID:2060 ID:{CEC60BE8-366C-4ff3-AB3D-38450F35F5AE}:701.2900.081641c.0 MSG:*
[AVG.CSL] INFO 2013-04-11 15:54:00,801 MAC-AZURE PID:1696 THID:2060 ID:{CEC60BE8-366C-4ff3-AB3D-38450F35F5AE}:709.2900.081641c.0 MSG:*
[AVG.CSL] INFO 2013-04-11 15:54:00,801 MAC-AZURE PID:1696 THID:2060 ID:{CEC60BE8-366C-4ff3-AB3D-38450F35F5AE}:717.2900.081641c.0 MSG:*
[AVG.CSL] INFO 2013-04-11 15:54:00,801 MAC-AZURE PID:1696 THID:2060 ID:{CEC60BE8-366C-4ff3-AB3D-38450F35F5AE}:821.2900.081641c.0 MSG:*
[AVG.CSL] INFO 2013-04-11 15:54:00,801 MAC-AZURE PID:1696 THID:2060 ID:{CEC60BE8-366C-4ff3-AB3D-38450F35F5AE}:1209.2900.081641c.0 MSG:aDMnX3vQL7gwKNBfubkryWKbkob0=
[AVG.CSL] INFO 2013-04-11 15:54:00,801 MAC-AZURE PID:1696 THID:2060 ID:{CEC60BE8-366C-4ff3-AB3D-38450F35F5AE}:1209.2900.081641c.0 MSG:aA8raDL7w9fznWibO5zX3b8npe8k=
[AVG.CSL] INFO 2013-04-11 15:54:00,801 MAC-AZURE PID:1696 THID:2060 ID:{CEC60BE8-366C-4ff3-AB3D-38450F35F5AE}:1209.2900.081641c.0 MSG:aCIZsGOfHFJDXIAXfh25fLbmk9Fs=
[AVG.CSL] INFO 2013-04-11 15:54:00,801 MAC-AZURE PID:1696 THID:1272 ID:{CEC60BE8-366C-4ff3-AB3D-38450F35F5AE}:2508.2900.081641c.0 MSG:*
[AVG.CSL] INFO 2013-04-11 15:54:00,801 MAC-AZURE PID:1696 THID:3468 ID:{CEC60BE8-366C-4ff3-AB3D-38450F35F5AE}:1272.2900.081641c.0 MSG:*
[AVG.CSL] INFO 2013-04-11 15:54:00,879 MAC-AZURE PID:1696 THID:3880 ID:{CEC60BE8-366C-4ff3-AB3D-38450F35F5AE}:1978.2900.081641c.0 MSG:*
[AVG.CSL] INFO 2013-04-11 15:54:00,895 MAC-AZURE PID:1696 THID:1852 ID:{CEC60BE8-366C-4ff3-AB3D-38450F35F5AE}:72.2900.081641c.0 MSG:*
[AVG.CSL] INFO 2013-04-11 15:54:00,895 MAC-AZURE PID:1696 THID:1852 ID:{CEC60BE8-366C-4ff3-AB3D-38450F35F5AE}:1209.2900.081641c.0 MSG:aDZragiaP6Gg+md29ctWpejjC7oA=
[AVG.CSL] INFO 2013-04-11 15:54:00,895 MAC-AZURE PID:1696 THID:1852 ID:{CEC60BE8-366C-4ff3-AB3D-38450F35F5AE}:101.2900.081641c.0 MSG:*
[AVG.CSL] INFO 2013-04-11 15:54:00,911 MAC-AZURE PID:1696 THID:3880 ID:CFD02AB3-1E5A-4e8c-9346-3F3614179BA2:82.2900.081641c.0 MSG:*
[AVG.CSL] INFO 2013-04-11 15:54:00,926 MAC-AZURE PID:1696 THID:3880 ID:CFD02AB3-1E5A-4e8c-9346-3F3614179BA2:196.2900.081641c.0 MSG:*
[AVG.CSL] INFO 2013-04-11 15:54:00,926 MAC-AZURE PID:1696 THID:3880 ID:CFD02AB3-1E5A-4e8c-9346-3F3614179BA2:998.2900.081641c.0 MSG:aDZralSWSgG8+9fX/LYLrKm2z7NP6KJhEq475nDDRRWAHLDcjbuyNXizcYb5FCzVx/HnyhPaWcgDuqDL1TQyRtAnLzfZB8J0=
[AVG.CSL] INFO 2013-04-11 15:54:00,926 MAC-AZURE PID:1696 THID:3880 ID:CFD02AB3-1E5A-4e8c-9346-3F3614179BA2:228.2900.081641c.0 MSG:*
[AVG.CSL] INFO 2013-04-11 15:54:01,036 MAC-AZURE PID:1696 THID:3880 ID:CFD02AB3-1E5A-4e8c-9346-3F3614179BA2:573.2900.081641c.0 MSG:aCIZsGOfHFJDXIAXfh25fLLL18VuR4M51Dsdaw2rb4lgnxW2FI1p484fiCY8=
[AVG.CSL] INFO 2013-04-11 15:54:01,036 MAC-AZURE PID:1696 THID:3880 ID:CFD02AB3-1E5A-4e8c-9346-3F3614179BA2:269.2900.081641c.0 MSG:aA8raDbvt6OqeJRq77TW/bsHsKN7LkPEw
[AVG.CSL] INFO 2013-04-11 15:54:01,036 MAC-AZURE PID:1696 THID:3880 ID:{CEC60BE8-366C-4ff3-AB3D-38450F35F5AE}:2103.2900.081641c.0 MSG:*
[AVG.CSL] INFO 2013-04-11 15:54:01,036 MAC-AZURE PID:1696 THID:3880 ID:{CEC60BE8-366C-4ff3-AB3D-38450F35F5AE}:1209.2900.081641c.0 MSG:aCYTZzFHWri46mGg1PhITIHIEaG0=
[AVG.CSL] INFO 2013-04-11 15:54:01,192 MAC-AZURE PID:1696 THID:2060 ID:93B0B98A-5D46-4408-B76E-27CBEEB22042:65.2780.fc8a432.0 MSG:aBORTJMtk2oifuiCiXHiHE/z/2YtRjxKnhx844OnZG+rJQSFhzRQXHli59HO4vvjc/SaeZkBT28dVBpBhCA==
[AVG.CSL] INFO 2013-04-11 15:54:01,192 MAC-AZURE PID:1696 THID:2060 ID:{CEC60BE8-366C-4ff3-AB3D-38450F35F5AE}:2316.2900.081641c.0 MSG:aBORTN9N5zPaV8mjzWyyWWum86uMv6w/Eq30yg4i9dI+rUit3rgIHQS3bll7N0Ze/71P8WkpTk8dVBsZ2A+dpX4fXMFqsU7j8lrx/6B9v5jmb34ecBZ8FxOJqLpObzRf9yD9UXdoIVAk6x4Ybr6/l1+pf4Vo1WduPVQaQYR/3fjjv
[AVG.CSL] INFO 2013-04-11 15:54:01,192 MAC-AZURE PID:1696 THID:1852 ID:{CEC60BE8-366C-4ff3-AB3D-38450F35F5AE}:23.2900.081641c.0 MSG:*
[AVG.CSL] INFO 2013-04-11 15:54:01,192 MAC-AZURE PID:1696 THID:1852 ID:{CEC60BE8-366C-4ff3-AB3D-38450F35F5AE}:1209.2900.081641c.0 MSG:aALNbhmxnzdr5qA0C/UfAQzD/86w=
[AVG.CSL] INFO 2013-04-11 15:54:01,192 MAC-AZURE PID:1696 THID:1852 ID:{CEC60BE8-366C-4ff3-AB3D-38450F35F5AE}:67.2900.081641c.0 MSG:*
[AVG.CSL] INFO 2013-04-11 15:54:01,364 MAC-AZURE PID:1696 THID:3880 ID:AC0FF1BA-9B60-4F1B-91BB-870E38BBB035:63.2780.fc8a432.0 MSG:aD/kL3lm7+HtU3JKnd/H+4M3wvW1HtAWECtyZkBqYwS5WTUOoPAHNMTRpyF3f/7vw4T2zRJD13ndnh0e72Q==
[AVG.CSL] INFO 2013-04-11 15:54:01,364 MAC-AZURE PID:1696 THID:3880 ID:{CEC60BE8-366C-4ff3-AB3D-38450F35F5AE}:2164.2900.081641c.0 MSG:aCYTZ30nLuFAw0CAyakYEPWoWXAVua2YVihQjt2o78UhmcnpM8q+V7RoIn40Sn3jfXUsz/CmoOLxAjk7orcm+hJ+3urI24cxaM543KS4FdF4YdTF6RB9sFcMDP6d5S5I6BR8FZoakk/YNFI/IcOEKt1hHLvxWonD0QI4Y/7HZqeP3
[AVG.CSL] INFO 2013-04-11 15:54:01,379 MAC-AZURE PID:1696 THID:3880 ID:{CEC60BE8-366C-4ff3-AB3D-38450F35F5AE}:1209.2900.081641c.0 MSG:aBwx2I26wY48asWhdAFbAu6ZqndA=
[AVG.CSL] WARN 2013-04-11 15:54:01,379 MAC-AZURE PID:1696 THID:3880 ID:647D7E3D-D003-47A5-B2EC-26AB320BCF6F:1131.2780.fc8a432.0 MSG:*
[AVG.CSL] WARN 2013-04-11 15:54:01,379 MAC-AZURE PID:1696 THID:3880 ID:{CEC60BE8-366C-4ff3-AB3D-38450F35F5AE}:2043.2900.081641c.0 MSG:aBORTJc55x57mxRyBBXjJE/mrjJVJnwzT
[AVG.CSL] INFO 2013-04-11 15:54:01,379 MAC-AZURE PID:1696 THID:1852 ID:{CEC60BE8-366C-4ff3-AB3D-38450F35F5AE}:23.2900.081641c.0 MSG:*
[AVG.CSL] INFO 2013-04-11 15:54:01,379 MAC-AZURE PID:1696 THID:1852 ID:{CEC60BE8-366C-4ff3-AB3D-38450F35F5AE}:1209.2900.081641c.0 MSG:aBtfKclg1biSHYy7MTobkfDfP6Es=
[AVG.CSL] INFO 2013-04-11 15:54:01,379 MAC-AZURE PID:1696 THID:1852 ID:{CEC60BE8-366C-4ff3-AB3D-38450F35F5AE}:67.2900.081641c.0 MSG:*
[AVG.CSL] INFO 2013-04-11 15:54:34,739 MAC-AZURE PID:1696 THID:1852 ID:{CEC60BE8-366C-4ff3-AB3D-38450F35F5AE}:72.2900.081641c.0 MSG:*
[AVG.CSL] INFO 2013-04-11 15:54:35,254 MAC-AZURE PID:1696 THID:1852 ID:{CEC60BE8-366C-4ff3-AB3D-38450F35F5AE}:1209.2900.081641c.0 MSG:aALNbhmxnzdr5qA0C/UfAQzD/86w=
[AVG.CSL] INFO 2013-04-11 15:54:35,254 MAC-AZURE PID:1696 THID:1852 ID:{CEC60BE8-366C-4ff3-AB3D-38450F35F5AE}:101.2900.081641c.0 MSG:*
[AVG.CSL] INFO 2013-04-11 15:54:35,254 MAC-AZURE PID:1696 THID:1852 ID:{CEC60BE8-366C-4ff3-AB3D-38450F35F5AE}:72.2900.081641c.0 MSG:*
[AVG.CSL] INFO 2013-04-11 15:54:35,254 MAC-AZURE PID:1696 THID:1852 ID:{CEC60BE8-366C-4ff3-AB3D-38450F35F5AE}:1209.2900.081641c.0 MSG:aBORTJMtk2oifuiD0D3iBR/Gu3os=
[AVG.CSL] INFO 2013-04-11 15:54:35,254 MAC-AZURE PID:1696 THID:1852 ID:{CEC60BE8-366C-4ff3-AB3D-38450F35F5AE}:101.2900.081641c.0 MSG:*
[AVG.CSL] INFO 2013-04-11 15:55:41,895 MAC-AZURE PID:1696 THID:1852 ID:{CEC60BE8-366C-4ff3-AB3D-38450F35F5AE}:72.2900.081641c.0 MSG:*
[AVG.CSL] INFO 2013-04-11 15:55:42,395 MAC-AZURE PID:1696 THID:1852 ID:{CEC60BE8-366C-4ff3-AB3D-38450F35F5AE}:1209.2900.081641c.0 MSG:aCyImhJV6lSi01bL47kZxwZKvAfc=
[AVG.CSL] INFO 2013-04-11 15:55:42,395 MAC-AZURE PID:1696 THID:1852 ID:{CEC60BE8-366C-4ff3-AB3D-38450F35F5AE}:101.2900.081641c.0 MSG:*
[AVG.CSL] INFO 2013-04-11 15:55:42,395 MAC-AZURE PID:1696 THID:1852 ID:{CEC60BE8-366C-4ff3-AB3D-38450F35F5AE}:72.2900.081641c.0 MSG:*
[AVG.CSL] INFO 2013-04-11 15:55:42,395 MAC-AZURE PID:1696 THID:1852 ID:{CEC60BE8-366C-4ff3-AB3D-38450F35F5AE}:1209.2900.081641c.0 MSG:aCyImhJV6lSi01bL47kZxwZKvAfc=
[AVG.CSL] INFO 2013-04-11 15:55:42,395 MAC-AZURE PID:1696 THID:1852 ID:{CEC60BE8-366C-4ff3-AB3D-38450F35F5AE}:101.2900.081641c.0 MSG:*
[AVG.CSL] INFO 2013-04-11 15:56:02,051 MAC-AZURE PID:1696 THID:1852 ID:{CEC60BE8-366C-4ff3-AB3D-38450F35F5AE}:72.2900.081641c.0 MSG:*
[AVG.CSL] INFO 2013-04-11 15:56:02,051 MAC-AZURE PID:1696 THID:1852 ID:{CEC60BE8-366C-4ff3-AB3D-38450F35F5AE}:1209.2900.081641c.0 MSG:aAuF9wtoOjeEiq8p6mo2o1btiUnk=
[AVG.CSL] INFO 2013-04-11 15:56:02,051 MAC-AZURE PID:1696 THID:1852 ID:{CEC60BE8-366C-4ff3-AB3D-38450F35F5AE}:101.2900.081641c.0 MSG:*
[AVG.CSL] INFO 2013-04-12 15:55:25,467 MAC-AZURE PID:1696 THID:2060 ID:{CEC60BE8-366C-4ff3-AB3D-38450F35F5AE}:2224.2900.081641c.0 MSG:*
[AVG.CSL] INFO 2013-04-12 15:55:25,467 MAC-AZURE PID:1696 THID:2060 ID:{CEC60BE8-366C-4ff3-AB3D-38450F35F5AE}:1209.2900.081641c.0 MSG:aBtfKclg1biSHYy7MTobkfDfP7ks=
[AVG.CSL] INFO 2013-04-12 15:55:25,467 MAC-AZURE PID:1696 THID:2060 ID:{CEC60BE8-366C-4ff3-AB3D-38450F35F5AE}:1209.2900.081641c.0 MSG:aCYTZzFHWri46mGg1PhITIHIEbm0=
[AVG.CSL] WARN 2013-04-12 15:56:13,467 MAC-AZURE PID:1696 THID:2060 ID:93B0B98A-5D46-4408-B76E-27CBEEB22042:143.2780.fc8a432.0 MSG:aD/kL3lm7+HtU3JKmdKL7vcinu20=
[AVG.CSL] INFO 2013-04-12 15:56:13,467 MAC-AZURE PID:1696 THID:2060 ID:93B0B98A-5D46-4408-B76E-27CBEEB22042:65.2780.fc8a432.0 MSG:aAQ5rh0BgaPYG4AwMD4a5lFsOHZfm+woExrMxxT192IntTOpA4pGMzVUvnBHFh11BF9MFHaFrjS7W2w==
[AVG.CSL] ERROR 2013-04-12 15:56:13,467 MAC-AZURE PID:1696 THID:2060 ID:{CEC60BE8-366C-4ff3-AB3D-38450F35F5AE}:2299.2900.081641c.0 MSG:aAQ5rhkV9deB/nzAqBID3yQ0NSIn+6h9w
[AVG.CSL] INFO 2013-04-12 15:56:13,467 MAC-AZURE PID:1696 THID:2060 ID:{CEC60BE8-366C-4ff3-AB3D-38450F35F5AE}:2316.2900.081641c.0 MSG:aDMnXzewW+HIAfF/pOh7lRb72ldVTtlmIphQAbBd7SblmVWin6aQI6oKp0irj3hr7FpYQ9h94CAezqDV2wvxpDpj6tKCTPIx4AzxI8n5dlSbMlfiqecJTiLoDHHwECyrLBTgXjZ2vXKGVtcJugaBokxOaDfZgckBP5qhjYNfof2vw
[AVG.CSL] INFO 2013-04-12 15:56:13,561 MAC-AZURE PID:1696 THID:1852 ID:{CEC60BE8-366C-4ff3-AB3D-38450F35F5AE}:23.2900.081641c.0 MSG:*
[AVG.CSL] INFO 2013-04-12 15:56:13,577 MAC-AZURE PID:1696 THID:1852 ID:{CEC60BE8-366C-4ff3-AB3D-38450F35F5AE}:1209.2900.081641c.0 MSG:aDMnX3vQL7gwKNBfubkryWKbkp70=
[AVG.CSL] INFO 2013-04-12 15:56:13,577 MAC-AZURE PID:1696 THID:1852 ID:{CEC60BE8-366C-4ff3-AB3D-38450F35F5AE}:67.2900.081641c.0 MSG:*
[AVG.CSL] INFO 2013-04-12 19:07:32,423 MAC-AZURE PID:1696 THID:2060 ID:{CEC60BE8-366C-4ff3-AB3D-38450F35F5AE}:2103.2900.081641c.0 MSG:*
[AVG.CSL] INFO 2013-04-12 19:07:32,423 MAC-AZURE PID:1696 THID:2060 ID:{CEC60BE8-366C-4ff3-AB3D-38450F35F5AE}:1209.2900.081641c.0 MSG:aAuF9wtoOjeEiq8p6mo2o1btiUnk=
[AVG.CSL] INFO 2013-04-12 19:07:33,770 MAC-AZURE PID:1696 THID:2060 ID:AC0FF1BA-9B60-4F1B-91BB-870E38BBB035:63.2780.fc8a432.0 MSG:aALNbhmxnzdr5qA1U+BSUEzr/qKxiBYP1gw7QyyWoaeJsPv30l7n2EUhHnPvmiFzDIRpjcJ7ZhSXfmC5WAg==
[AVG.CSL] INFO 2013-04-12 19:07:33,770 MAC-AZURE PID:1696 THID:2060 ID:{CEC60BE8-366C-4ff3-AB3D-38450F35F5AE}:2164.2900.081641c.0 MSG:aBwx2MHatdfEQ+SBaVALXpr54qbiRCxwGw8KY1oMsl9g7afnhf4kQgO1x4iwkciFFJRucjm1+cOkO1ciCUSLCFxU/FV0JhwH7ELY3QRBBp8XMG8THu38WBIrVhMaQXPSqWASGywuAEMr6bfJoRgxTLSAXgY4SdDihDtTLlU0y1XB9
[AVG.CSL] INFO 2013-04-12 19:07:34,084 MAC-AZURE PID:1696 THID:1852 ID:{CEC60BE8-366C-4ff3-AB3D-38450F35F5AE}:23.2900.081641c.0 MSG:*
[AVG.CSL] INFO 2013-04-12 19:07:34,098 MAC-AZURE PID:1696 THID:1852 ID:{CEC60BE8-366C-4ff3-AB3D-38450F35F5AE}:1209.2900.081641c.0 MSG:aBwx2I26wY48asWhdAFbAu6Zqm9A=
[AVG.CSL] INFO 2013-04-12 19:07:34,098 MAC-AZURE PID:1696 THID:1852 ID:{CEC60BE8-366C-4ff3-AB3D-38450F35F5AE}:67.2900.081641c.0 MSG:*
[AVG.CSL] INFO 2013-04-12 20:08:44,528 MAC-AZURE PID:1696 THID:1932 ID:{CEC60BE8-366C-4ff3-AB3D-38450F35F5AE}:900.2900.081641c.0 MSG:*
[AVG.CSL] INFO 2013-04-12 20:08:44,528 MAC-AZURE PID:1696 THID:3468 ID:{CEC60BE8-366C-4ff3-AB3D-38450F35F5AE}:1326.2900.081641c.0 MSG:*
[AVG.CSL] INFO 2013-04-12 20:08:44,575 MAC-AZURE PID:1696 THID:1272 ID:{CEC60BE8-366C-4ff3-AB3D-38450F35F5AE}:2539.2900.081641c.0 MSG:*
[AVG.LOG.SM] ALL 2013-04-12 20:09:15,323 MAC-AZURE PID:1696 THID:1700 ID:AVG.LOG.SM:0.0.0.0 MSG:c00000000001943425760bAE2vHqGWWYcB9az/Ocl0q39dUtKrk2V9+u9K0QfTRREkVnYNjmDItZV+RvWFP21eo3GqX5pDavR1mn4gvL+gn5MNFRT6d/mjYz+hAHkaTL7neJbCQOZNM/vcXloUlQY3nDwtQAdwiKdQNzNBsafIb6v/OIptN2twwzFTiC70+LzYcxRAu8STjkYsHWC8a8hqaTaSX3rGlitFhzuhH4e6PFbQBJ3EA5/SfMmS+GICL83e2Tn5SdIg+VX8tiHqoeLDdfvVqRCDFMLq/21GAoPWE/c0trqqAgT5z35E0mKxUeItAAjMTTM4EK/wnB4zmvWuj2ZYW+SRJ8zrcUMX2Pd9NKo=
[AVG.CSL] INFO 2013-04-12 20:12:21,261 MAC-AZURE PID:1696 THID:3468 ID:{CEC60BE8-366C-4ff3-AB3D-38450F35F5AE}:1978.2900.081641c.0 MSG:*
[AVG.CSL] INFO 2013-04-12 20:12:21,792 MAC-AZURE PID:1696 THID:3468 ID:{CEC60BE8-366C-4ff3-AB3D-38450F35F5AE}:1209.2900.081641c.0 MSG:aDMnX3vQL7gwKNBfubkryWKbkp70=
[AVG.CSL] INFO 2013-04-12 20:12:21,792 MAC-AZURE PID:1696 THID:3468 ID:{CEC60BE8-366C-4ff3-AB3D-38450F35F5AE}:701.2900.081641c.0 MSG:*
[AVG.CSL] INFO 2013-04-12 20:12:21,792 MAC-AZURE PID:1696 THID:3468 ID:{CEC60BE8-366C-4ff3-AB3D-38450F35F5AE}:709.2900.081641c.0 MSG:*
[AVG.CSL] INFO 2013-04-12 20:12:21,792 MAC-AZURE PID:1696 THID:3468 ID:{CEC60BE8-366C-4ff3-AB3D-38450F35F5AE}:717.2900.081641c.0 MSG:*
[AVG.CSL] INFO 2013-04-12 20:12:21,792 MAC-AZURE PID:1696 THID:3468 ID:{CEC60BE8-366C-4ff3-AB3D-38450F35F5AE}:821.2900.081641c.0 MSG:*
[AVG.CSL] INFO 2013-04-12 20:12:21,792 MAC-AZURE PID:1696 THID:3468 ID:{CEC60BE8-366C-4ff3-AB3D-38450F35F5AE}:1209.2900.081641c.0 MSG:aCrCXRv1ajjn4utGUY8sCGatHw7g=
[AVG.CSL] INFO 2013-04-12 20:12:21,792 MAC-AZURE PID:1696 THID:3348 ID:{CEC60BE8-366C-4ff3-AB3D-38450F35F5AE}:2508.2900.081641c.0 MSG:*
[AVG.CSL] INFO 2013-04-12 20:12:21,792 MAC-AZURE PID:1696 THID:3352 ID:{CEC60BE8-366C-4ff3-AB3D-38450F35F5AE}:1272.2900.081641c.0 MSG:*
[AVG.CSL] INFO 2013-04-12 20:12:21,792 MAC-AZURE PID:1696 THID:3468 ID:CFD02AB3-1E5A-4e8c-9346-3F3614179BA2:82.2900.081641c.0 MSG:*
[AVG.CSL] INFO 2013-04-12 20:12:21,808 MAC-AZURE PID:1696 THID:3468 ID:CFD02AB3-1E5A-4e8c-9346-3F3614179BA2:196.2900.081641c.0 MSG:*
[AVG.CSL] INFO 2013-04-12 20:12:21,808 MAC-AZURE PID:1696 THID:3468 ID:CFD02AB3-1E5A-4e8c-9346-3F3614179BA2:998.2900.081641c.0 MSG:aBtfKZVsoBiOHDwaOEdGmLGK+6hjmATnFwPVypgiOajsXLt9f5I3lFRNINmdNHlktVmjCM+Ishfg+Zi/TAZ73lYSG3QY/Shs=
[AVG.CSL] INFO 2013-04-12 20:12:21,808 MAC-AZURE PID:1696 THID:3468 ID:CFD02AB3-1E5A-4e8c-9346-3F3614179BA2:228.2900.081641c.0 MSG:*
[AVG.CSL] INFO 2013-04-12 20:12:21,917 MAC-AZURE PID:1696 THID:3468 ID:CFD02AB3-1E5A-4e8c-9346-3F3614179BA2:573.2900.081641c.0 MSG:aCYTZzFHWri46mGg1PhITIXlVbW0QD3tgoHZc1R1TmS17FU0uhqWVpRoIn8g=
[AVG.CSL] INFO 2013-04-12 20:12:21,917 MAC-AZURE PID:1696 THID:3468 ID:CFD02AB3-1E5A-4e8c-9346-3F3614179BA2:269.2900.081641c.0 MSG:aCIZsGeLaCYauXzmqjW4XLLGhp0yN8NkX
[AVG.CSL] INFO 2013-04-12 20:12:21,917 MAC-AZURE PID:1696 THID:3468 ID:{CEC60BE8-366C-4ff3-AB3D-38450F35F5AE}:2103.2900.081641c.0 MSG:*
[AVG.CSL] INFO 2013-04-12 20:12:21,917 MAC-AZURE PID:1696 THID:3468 ID:{CEC60BE8-366C-4ff3-AB3D-38450F35F5AE}:1209.2900.081641c.0 MSG:aDMnX3vQL7gwKNBfubkryWKbkp70=
[AVG.CSL] INFO 2013-04-12 20:12:29,964 MAC-AZURE PID:1696 THID:3468 ID:AC0FF1BA-9B60-4F1B-91BB-870E38BBB035:63.2780.fc8a432.0 MSG:aCIZsGOfHFJDXIAWJ0mlbebCholuR4M5jCMcvwnzX5VhYsVDxNEZo5PKAa+eswnULoFxTOotnW4QWisZeiw==
[AVG.CSL] INFO 2013-04-12 20:12:29,964 MAC-AZURE PID:1696 THID:3468 ID:{CEC60BE8-366C-4ff3-AB3D-38450F35F5AE}:2164.2900.081641c.0 MSG:aD/kLzUGm7gVelNryIfDqqY6ziAU50BjnJr6T83v8rks0Xkm+XxfdbkELqnGqkNST80jReJr1lndnhkOs0t+JxGzKaKA+jJoPXo/N6WWzmsr80OV6E6QS5jqpj+NojM05VzM2lCsejiJWF7o1yO6m+/ZEzHjl/94/Z4dHu87PnqME
[AVG.CSL] INFO 2013-04-12 20:12:29,964 MAC-AZURE PID:1696 THID:3468 ID:{CEC60BE8-366C-4ff3-AB3D-38450F35F5AE}:1209.2900.081641c.0 MSG:aA8raDL7w9fznWibO5zX3b8npfck=
[AVG.CSL] WARN 2013-04-12 20:12:29,964 MAC-AZURE PID:1696 THID:3468 ID:647D7E3D-D003-47A5-B2EC-26AB320BCF6F:1131.2780.fc8a432.0 MSG:*
[AVG.CSL] WARN 2013-04-12 20:12:29,964 MAC-AZURE PID:1696 THID:3468 ID:{CEC60BE8-366C-4ff3-AB3D-38450F35F5AE}:2043.2900.081641c.0 MSG:aAQ5rhkV9deB/nzAqBID3yQ0NSIn+6xRw
[AVG.CSL] INFO 2013-04-12 20:12:29,964 MAC-AZURE PID:1696 THID:2004 ID:{CEC60BE8-366C-4ff3-AB3D-38450F35F5AE}:23.2900.081641c.0 MSG:*
[AVG.CSL] INFO 2013-04-12 20:12:29,964 MAC-AZURE PID:1696 THID:2004 ID:{CEC60BE8-366C-4ff3-AB3D-38450F35F5AE}:1209.2900.081641c.0 MSG:aDZragiaP6Gg+md29ctWpejjC6IA=
[AVG.CSL] INFO 2013-04-12 20:12:29,964 MAC-AZURE PID:1696 THID:2004 ID:{CEC60BE8-366C-4ff3-AB3D-38450F35F5AE}:67.2900.081641c.0 MSG:*
[AVG.CSL] INFO 2013-04-12 20:13:05,136 MAC-AZURE PID:1696 THID:2004 ID:{CEC60BE8-366C-4ff3-AB3D-38450F35F5AE}:72.2900.081641c.0 MSG:*
[AVG.CSL] INFO 2013-04-12 20:13:05,636 MAC-AZURE PID:1696 THID:2004 ID:{CEC60BE8-366C-4ff3-AB3D-38450F35F5AE}:1209.2900.081641c.0 MSG:aCrCXRv1ajjn4utGUY8sCGatElrg=
[AVG.CSL] INFO 2013-04-12 20:13:05,636 MAC-AZURE PID:1696 THID:2004 ID:{CEC60BE8-366C-4ff3-AB3D-38450F35F5AE}:101.2900.081641c.0 MSG:*
[AVG.CSL] INFO 2013-04-12 20:13:05,636 MAC-AZURE PID:1696 THID:2004 ID:{CEC60BE8-366C-4ff3-AB3D-38450F35F5AE}:72.2900.081641c.0 MSG:*
[AVG.CSL] INFO 2013-04-12 20:13:05,636 MAC-AZURE PID:1696 THID:2004 ID:{CEC60BE8-366C-4ff3-AB3D-38450F35F5AE}:1209.2900.081641c.0 MSG:aAuF9wtoOjeEiq8p6mo2o1bthB3k=
[AVG.CSL] INFO 2013-04-12 20:13:05,636 MAC-AZURE PID:1696 THID:2004 ID:{CEC60BE8-366C-4ff3-AB3D-38450F35F5AE}:101.2900.081641c.0 MSG:*
[AVG.CSL] INFO 2013-04-12 20:14:21,669 MAC-AZURE PID:1696 THID:2004 ID:{CEC60BE8-366C-4ff3-AB3D-38450F35F5AE}:72.2900.081641c.0 MSG:*
[AVG.CSL] INFO 2013-04-12 20:14:21,669 MAC-AZURE PID:1696 THID:2004 ID:{CEC60BE8-366C-4ff3-AB3D-38450F35F5AE}:1209.2900.081641c.0 MSG:aAuF9wtoOjeEiq8p6mo2o1bthB3k=
[AVG.CSL] INFO 2013-04-12 20:14:21,669 MAC-AZURE PID:1696 THID:2004 ID:{CEC60BE8-366C-4ff3-AB3D-38450F35F5AE}:101.2900.081641c.0 MSG:*
[AVG.CSL] INFO 2013-04-13 00:06:34,168 MAC-AZURE PID:1696 THID:2188 ID:{CEC60BE8-366C-4ff3-AB3D-38450F35F5AE}:2103.2900.081641c.0 MSG:*
[AVG.CSL] INFO 2013-04-13 00:06:34,168 MAC-AZURE PID:1696 THID:2188 ID:{CEC60BE8-366C-4ff3-AB3D-38450F35F5AE}:1209.2900.081641c.0 MSG:aCIZsGOfHFJDXIAXfh25fLbmnp1s=
[AVG.CSL] INFO 2013-04-13 00:06:34,668 MAC-AZURE PID:1696 THID:2188 ID:AC0FF1BA-9B60-4F1B-91BB-870E38BBB035:63.2780.fc8a432.0 MSG:aBwx2I26wY48asWgLBQTDvK49m9DvbwFl76CSteJI+L1ZevP3HJ8A35gTgABRHU4mN27+smd+OOkO1MuVWg==
[AVG.CSL] INFO 2013-04-13 00:06:34,668 MAC-AZURE PID:1696 THID:2188 ID:{CEC60BE8-366C-4ff3-AB3D-38450F35F5AE}:2164.2900.081641c.0 MSG:aBtfKYUAoeFqNK2bLGtLzYS/d3CPVGUKj//dypw/1J21ZJfls1t62BUkfKGIcX14mIQDVJYpTr4tBElrOHcbg8vvkqQw/AgxQjWVx0F6RgwJdvrFc/21IobXgbrcchUQfOkiGRqLWvx5eAzghfiEsTiQMyCX1WefDQRJa2QHW95WT
[AVG.CSL] INFO 2013-04-13 00:06:34,747 MAC-AZURE PID:1696 THID:2004 ID:{CEC60BE8-366C-4ff3-AB3D-38450F35F5AE}:23.2900.081641c.0 MSG:*
[AVG.CSL] INFO 2013-04-13 00:06:34,747 MAC-AZURE PID:1696 THID:2004 ID:{CEC60BE8-366C-4ff3-AB3D-38450F35F5AE}:1209.2900.081641c.0 MSG:aA8raDL7w9fznWibO5zX3b8nqKMk=
[AVG.CSL] INFO 2013-04-13 00:06:34,747 MAC-AZURE PID:1696 THID:2004 ID:{CEC60BE8-366C-4ff3-AB3D-38450F35F5AE}:67.2900.081641c.0 MSG:*
[AVG.CSL] INFO 2013-04-13 01:27:59,340 MAC-AZURE PID:1696 THID:3820 ID:{CEC60BE8-366C-4ff3-AB3D-38450F35F5AE}:1978.2900.081641c.0 MSG:*
[AVG.CSL] INFO 2013-04-13 01:27:59,340 MAC-AZURE PID:1696 THID:3820 ID:CFD02AB3-1E5A-4e8c-9346-3F3614179BA2:82.2900.081641c.0 MSG:*
[AVG.CSL] INFO 2013-04-13 01:27:59,356 MAC-AZURE PID:1696 THID:3820 ID:CFD02AB3-1E5A-4e8c-9346-3F3614179BA2:196.2900.081641c.0 MSG:*
[AVG.CSL] INFO 2013-04-13 01:27:59,356 MAC-AZURE PID:1696 THID:3820 ID:CFD02AB3-1E5A-4e8c-9346-3F3614179BA2:998.2900.081641c.0 MSG:aAQ5rkEN9APEGjCQdUdf9zVB5GMSrh2wB1dM7sk9o9brAN68Bs72993Aa8T/3r0BdT5Fwf8Id61yruMhhVqgm87VffPMnHx0=
[AVG.CSL] INFO 2013-04-13 01:27:59,356 MAC-AZURE PID:1696 THID:3820 ID:CFD02AB3-1E5A-4e8c-9346-3F3614179BA2:228.2900.081641c.0 MSG:*
[AVG.CSL] INFO 2013-04-13 01:27:59,403 MAC-AZURE PID:1696 THID:3820 ID:CFD02AB3-1E5A-4e8c-9346-3F3614179BA2:573.2900.081641c.0 MSG:aBwx2I26wY48asWhdAFbAuq07mNDvbwFz6aDntPRE/70mDs6DC4MQyO1x4mg=
[AVG.CSL] INFO 2013-04-13 01:27:59,403 MAC-AZURE PID:1696 THID:3820 ID:CFD02AB3-1E5A-4e8c-9346-3F3614179BA2:269.2900.081641c.0 MSG:aBORTJc55x57mxRyBBXjJRvmrjZxNnwXT
[AVG.CSL] INFO 2013-04-13 01:27:59,403 MAC-AZURE PID:1696 THID:3820 ID:{CEC60BE8-366C-4ff3-AB3D-38450F35F5AE}:1209.2900.081641c.0 MSG:aCyImhJV6lSi01bL47kZxwZKsVPc=
[AVG.CSL] WARN 2013-04-13 01:27:59,403 MAC-AZURE PID:1696 THID:3820 ID:647D7E3D-D003-47A5-B2EC-26AB320BCF6F:1131.2780.fc8a432.0 MSG:*
[AVG.CSL] WARN 2013-04-13 01:27:59,403 MAC-AZURE PID:1696 THID:3820 ID:{CEC60BE8-366C-4ff3-AB3D-38450F35F5AE}:2043.2900.081641c.0 MSG:aCyImhZBniD7Nqo6N5EY5lZqqVenhkdgu
[AVG.CSL] INFO 2013-04-13 01:27:59,465 MAC-AZURE PID:1696 THID:2004 ID:{CEC60BE8-366C-4ff3-AB3D-38450F35F5AE}:72.2900.081641c.0 MSG:*
[AVG.CSL] INFO 2013-04-13 01:27:59,465 MAC-AZURE PID:1696 THID:2004 ID:{CEC60BE8-366C-4ff3-AB3D-38450F35F5AE}:1209.2900.081641c.0 MSG:aBtfKclg1biSHYy7MTobkfDfMu0s=
[AVG.CSL] INFO 2013-04-13 01:27:59,465 MAC-AZURE PID:1696 THID:2004 ID:{CEC60BE8-366C-4ff3-AB3D-38450F35F5AE}:101.2900.081641c.0 MSG:*
[AVG.CSL] INFO 2013-04-13 01:28:38,575 MAC-AZURE PID:1696 THID:2004 ID:{CEC60BE8-366C-4ff3-AB3D-38450F35F5AE}:72.2900.081641c.0 MSG:*
[AVG.CSL] INFO 2013-04-13 01:28:39,153 MAC-AZURE PID:1696 THID:2004 ID:{CEC60BE8-366C-4ff3-AB3D-38450F35F5AE}:1209.2900.081641c.0 MSG:aAuF9wtoOjeEiq8p6mo2o1bthBnk=
[AVG.CSL] INFO 2013-04-13 01:28:39,153 MAC-AZURE PID:1696 THID:2004 ID:{CEC60BE8-366C-4ff3-AB3D-38450F35F5AE}:101.2900.081641c.0 MSG:*
[AVG.CSL] INFO 2013-04-13 01:28:39,153 MAC-AZURE PID:1696 THID:2004 ID:{CEC60BE8-366C-4ff3-AB3D-38450F35F5AE}:72.2900.081641c.0 MSG:*
[AVG.CSL] INFO 2013-04-13 01:28:39,153 MAC-AZURE PID:1696 THID:2004 ID:{CEC60BE8-366C-4ff3-AB3D-38450F35F5AE}:1209.2900.081641c.0 MSG:aBtfKclg1biSHYy7MTobkfDfMuks=
[AVG.CSL] INFO 2013-04-13 01:28:39,153 MAC-AZURE PID:1696 THID:2004 ID:{CEC60BE8-366C-4ff3-AB3D-38450F35F5AE}:101.2900.081641c.0 MSG:*
[AVG.CSL] INFO 2013-04-13 04:00:38,981 MAC-AZURE PID:1696 THID:2188 ID:{CEC60BE8-366C-4ff3-AB3D-38450F35F5AE}:2103.2900.081641c.0 MSG:*
[AVG.CSL] INFO 2013-04-13 04:00:38,981 MAC-AZURE PID:1696 THID:2188 ID:{CEC60BE8-366C-4ff3-AB3D-38450F35F5AE}:1209.2900.081641c.0 MSG:aAQ5rh0BgaPYG4AxfDoC/nQULSJc=
[AVG.CSL] INFO 2013-04-13 04:00:39,340 MAC-AZURE PID:1696 THID:2188 ID:AC0FF1BA-9B60-4F1B-91BB-870E38BBB035:63.2780.fc8a432.0 MSG:aBtfKclg1biSHYy6aHdWxf2yeuUurfV/A05V4xG6RSAg7NvN6tcimWjx9SklpMDFFM3W3GYBT54tBElrZFg==
[AVG.CSL] INFO 2013-04-13 04:00:39,340 MAC-AZURE PID:1696 THID:2188 ID:{CEC60BE8-366C-4ff3-AB3D-38450F35F5AE}:2164.2900.081641c.0 MSG:aCrCXVeVHmEfy8pmTN58VBLNV8dB6TxbggDUDoa9cf1MCXcefV3KpDIC8d3XXjUW38dBwpWaD7MFAXumZ665d886D9DiabexN8rqOiHPcZWfBNpyvUDsc4s8iH7G8LBwhYTC4tSN5rECXoGc2tfM33/TcbaUZiaSJQF7tjve+SpSm
[AVG.CSL] INFO 2013-04-13 04:00:39,418 MAC-AZURE PID:1696 THID:2004 ID:{CEC60BE8-366C-4ff3-AB3D-38450F35F5AE}:23.2900.081641c.0 MSG:*
[AVG.CSL] INFO 2013-04-13 04:00:39,418 MAC-AZURE PID:1696 THID:2004 ID:{CEC60BE8-366C-4ff3-AB3D-38450F35F5AE}:1209.2900.081641c.0 MSG:aAQ5rh0BgaPYG4AxfDoC/nQULSJc=
[AVG.CSL] INFO 2013-04-13 04:00:39,418 MAC-AZURE PID:1696 THID:2004 ID:{CEC60BE8-366C-4ff3-AB3D-38450F35F5AE}:67.2900.081641c.0 MSG:*
[AVG.CSL] INFO 2013-04-13 07:54:43,637 MAC-AZURE PID:1696 THID:2188 ID:{CEC60BE8-366C-4ff3-AB3D-38450F35F5AE}:2103.2900.081641c.0 MSG:*
[AVG.CSL] INFO 2013-04-13 07:54:43,637 MAC-AZURE PID:1696 THID:2188 ID:{CEC60BE8-366C-4ff3-AB3D-38450F35F5AE}:1209.2900.081641c.0 MSG:aAuF9wtoOjeEiq8p6mo2o1bthBnk=
[AVG.CSL] INFO 2013-04-13 07:54:44,184 MAC-AZURE PID:1696 THID:2188 ID:AC0FF1BA-9B60-4F1B-91BB-870E38BBB035:63.2780.fc8a432.0 MSG:aBORTJMtk2oifuiD9DCvQRKj+iItRjxKnhx844OnZG+rJQSFhzRQXHli59HO4vvjc/SaeZkBT28dVBpBhCA==
[AVG.CSL] INFO 2013-04-13 07:54:44,184 MAC-AZURE PID:1696 THID:2188 ID:{CEC60BE8-366C-4ff3-AB3D-38450F35F5AE}:2164.2900.081641c.0 MSG:aCyIml41ng1a+nfr/uhJm3Iq9M5+H5ds5UiF0pZ53STGA1A2zJatJTkq8PK/+pvD6/1YfTrx5pmbqdsNxNRh+24wRRfryTfdcvdPt5P5RFr/43l7grZHRO0k2aLWNBypD47lymVGhGw5doCzsnNiCkvpaAk7Dc+4u6nbEZikIabzk
[AVG.CSL] INFO 2013-04-13 07:54:44,262 MAC-AZURE PID:1696 THID:2004 ID:{CEC60BE8-366C-4ff3-AB3D-38450F35F5AE}:23.2900.081641c.0 MSG:*
[AVG.CSL] INFO 2013-04-13 07:54:44,262 MAC-AZURE PID:1696 THID:2004 ID:{CEC60BE8-366C-4ff3-AB3D-38450F35F5AE}:1209.2900.081641c.0 MSG:aDkxXrTpjspJB6f+/88V6NFGZ9Ms=
[AVG.CSL] INFO 2013-04-13 07:54:44,262 MAC-AZURE PID:1696 THID:2004 ID:{CEC60BE8-366C-4ff3-AB3D-38450F35F5AE}:67.2900.081641c.0 MSG:*
[AVG.CSL] INFO 2013-04-13 11:48:48,528 MAC-AZURE PID:1696 THID:2188 ID:{CEC60BE8-366C-4ff3-AB3D-38450F35F5AE}:2103.2900.081641c.0 MSG:*
[AVG.CSL] INFO 2013-04-13 11:48:48,528 MAC-AZURE PID:1696 THID:2188 ID:{CEC60BE8-366C-4ff3-AB3D-38450F35F5AE}:1209.2900.081641c.0 MSG:aALNbhmxnzdr5qA0C/UfAQzD8oaw=
[AVG.CSL] INFO 2013-04-13 11:48:48,856 MAC-AZURE PID:1696 THID:2188 ID:AC0FF1BA-9B60-4F1B-91BB-870E38BBB035:63.2780.fc8a432.0 MSG:aD/kL3lm7+HtU3JLwfaL/4c+h7G1HtAWECtyZkBqYwS5WTUOoPAHNMTRpyF3f/7vw4T2zRJD13ndnh0e72Q==
[AVG.CSL] INFO 2013-04-13 11:48:48,856 MAC-AZURE PID:1696 THID:2188 ID:{CEC60BE8-366C-4ff3-AB3D-38450F35F5AE}:2164.2900.081641c.0 MSG:aBORTN9N5zPaV8mjzWyyWWum86uMv6w/Eq30yg4i9dI+rUit3rgIHQS3blljN0Ze/71P8WkpTk8dVBsJ2A+dpX4fXMFqsU7j8lrp/6B9v5jmb34ecBZ8Fx+NqLpObzRf9yD9UXdoLAgE6x4Ybr6/l1+pf4Vo1WduPVQaQYR/3fjjv
[AVG.CSL] INFO 2013-04-13 11:48:48,934 MAC-AZURE PID:1696 THID:2004 ID:{CEC60BE8-366C-4ff3-AB3D-38450F35F5AE}:23.2900.081641c.0 MSG:*
[AVG.CSL] INFO 2013-04-13 11:48:48,934 MAC-AZURE PID:1696 THID:2004 ID:{CEC60BE8-366C-4ff3-AB3D-38450F35F5AE}:1209.2900.081641c.0 MSG:aCYTZzFHWri46mGg1PhITIHIHOm0=
[AVG.CSL] INFO 2013-04-13 11:48:48,934 MAC-AZURE PID:1696 THID:2004 ID:{CEC60BE8-366C-4ff3-AB3D-38450F35F5AE}:67.2900.081641c.0 MSG:*
[AVG.CSL] INFO 2013-04-13 15:42:53,203 MAC-AZURE PID:1696 THID:2188 ID:{CEC60BE8-366C-4ff3-AB3D-38450F35F5AE}:2103.2900.081641c.0 MSG:*
[AVG.CSL] INFO 2013-04-13 15:42:53,203 MAC-AZURE PID:1696 THID:2188 ID:{CEC60BE8-366C-4ff3-AB3D-38450F35F5AE}:1209.2900.081641c.0 MSG:aCIZsGOfHFJDXIAXfh25fLbmnpls=
[AVG.CSL] INFO 2013-04-13 15:42:53,875 MAC-AZURE PID:1696 THID:2188 ID:AC0FF1BA-9B60-4F1B-91BB-870E38BBB035:63.2780.fc8a432.0 MSG:aCYTZzFHWri46mGg3NhJCIy5XM20QD3t2pnYp1Atfni0EYXBakbmFsm9q/aBn8Be8Tz5RwCOocLxAjhj/pg==
[AVG.CSL] INFO 2013-04-13 15:42:53,875 MAC-AZURE PID:1696 THID:2188 ID:{CEC60BE8-366C-4ff3-AB3D-38450F35F5AE}:2164.2900.081641c.0 MSG:aCyIml41ng1a+nfr/uhJm3Iq9M5+H5ds5UiF0pZ53STGA1A2zJatJTkq8PK/+pvD6/1YfTrx5pmbqdpJxNRh+24wRRfryTfdcvITt5P5RFr/43l7grZHROh82aLWNBypD47lymVGiT1RdoCzsnNiCkvpaAk7Dc+4u6nbEZikIabzk
[AVG.CSL] INFO 2013-04-13 15:42:53,968 MAC-AZURE PID:1696 THID:2004 ID:{CEC60BE8-366C-4ff3-AB3D-38450F35F5AE}:23.2900.081641c.0 MSG:*
[AVG.CSL] INFO 2013-04-13 15:42:53,968 MAC-AZURE PID:1696 THID:2004 ID:{CEC60BE8-366C-4ff3-AB3D-38450F35F5AE}:1209.2900.081641c.0 MSG:aAQ5rh0BgaPYG4AxfDoC/nQULSJc=
[AVG.CSL] INFO 2013-04-13 15:42:53,968 MAC-AZURE PID:1696 THID:2004 ID:{CEC60BE8-366C-4ff3-AB3D-38450F35F5AE}:67.2900.081641c.0 MSG:*
[AVG.CSL] INFO 2013-04-13 15:56:18,640 MAC-AZURE PID:1696 THID:2188 ID:{CEC60BE8-366C-4ff3-AB3D-38450F35F5AE}:2224.2900.081641c.0 MSG:*
[AVG.CSL] INFO 2013-04-13 15:56:18,640 MAC-AZURE PID:1696 THID:2188 ID:{CEC60BE8-366C-4ff3-AB3D-38450F35F5AE}:1209.2900.081641c.0 MSG:aCIZsGOfHFJDXIAXfh25fLbmnpls=
[AVG.CSL] INFO 2013-04-13 15:56:18,640 MAC-AZURE PID:1696 THID:2188 ID:{CEC60BE8-366C-4ff3-AB3D-38450F35F5AE}:1209.2900.081641c.0 MSG:aALNbhmxnzdr5qA0C/UfAQzD8oaw=
[AVG.CSL] INFO 2013-04-13 15:56:18,968 MAC-AZURE PID:1696 THID:2188 ID:93B0B98A-5D46-4408-B76E-27CBEEB22042:65.2780.fc8a432.0 MSG:aA8raDL7w9fznWibO7mahOMLoIMnXgOZEC97ObpluUklpNpU+hArgegLL7hLA+waJDVQMWBQeuwOPakmxVA==
[AVG.CSL] INFO 2013-04-13 15:56:18,968 MAC-AZURE PID:1696 THID:2188 ID:{CEC60BE8-366C-4ff3-AB3D-38450F35F5AE}:2316.2900.081641c.0 MSG:aBwx2MHatdfEQ+SBaVALXpr54qbiRCxwGw8KY1oMsl9g7afnhf4kQgO1x4iskciFFJRucjm1+cOkO1J2CUSLCFxU/FV0JhwH7E7k3QRBBp8XMG8THu38WB4nVhMaQXPSqWASGywuAQ8D6bfJoRgxTLSAXgY4SdDihDtTLlU0y1XB9
[AVG.CSL] INFO 2013-04-13 15:56:19,046 MAC-AZURE PID:1696 THID:2004 ID:{CEC60BE8-366C-4ff3-AB3D-38450F35F5AE}:23.2900.081641c.0 MSG:*
[AVG.CSL] INFO 2013-04-13 15:56:19,046 MAC-AZURE PID:1696 THID:2004 ID:{CEC60BE8-366C-4ff3-AB3D-38450F35F5AE}:1209.2900.081641c.0 MSG:aA8raDL7w9fznWibO5zX3b8nqKck=
[AVG.CSL] INFO 2013-04-13 15:56:19,046 MAC-AZURE PID:1696 THID:2004 ID:{CEC60BE8-366C-4ff3-AB3D-38450F35F5AE}:67.2900.081641c.0 MSG:*
[AVG.CSL] INFO 2013-04-13 16:00:08,375 MAC-AZURE PID:1696 THID:2004 ID:{CEC60BE8-366C-4ff3-AB3D-38450F35F5AE}:72.2900.081641c.0 MSG:*
[AVG.CSL] INFO 2013-04-13 16:00:08,375 MAC-AZURE PID:1696 THID:2004 ID:{CEC60BE8-366C-4ff3-AB3D-38450F35F5AE}:1209.2900.081641c.0 MSG:aALNbhmxnzdr5qA0C/UfAQzD8oaw=
[AVG.CSL] INFO 2013-04-13 16:00:08,375 MAC-AZURE PID:1696 THID:2004 ID:{CEC60BE8-366C-4ff3-AB3D-38450F35F5AE}:101.2900.081641c.0 MSG:*
[AVG.CSL] INFO 2013-04-13 16:00:49,703 MAC-AZURE PID:1696 THID:2004 ID:{CEC60BE8-366C-4ff3-AB3D-38450F35F5AE}:72.2900.081641c.0 MSG:*
[AVG.CSL] INFO 2013-04-13 16:00:50,281 MAC-AZURE PID:1696 THID:2004 ID:{CEC60BE8-366C-4ff3-AB3D-38450F35F5AE}:1209.2900.081641c.0 MSG:aAuF9wtoOjeEiq8p6mo2o1bthBXk=
[AVG.CSL] INFO 2013-04-13 16:00:50,281 MAC-AZURE PID:1696 THID:2004 ID:{CEC60BE8-366C-4ff3-AB3D-38450F35F5AE}:101.2900.081641c.0 MSG:*
[AVG.CSL] INFO 2013-04-13 16:00:50,281 MAC-AZURE PID:1696 THID:2004 ID:{CEC60BE8-366C-4ff3-AB3D-38450F35F5AE}:72.2900.081641c.0 MSG:*
[AVG.CSL] INFO 2013-04-13 16:00:50,281 MAC-AZURE PID:1696 THID:2004 ID:{CEC60BE8-366C-4ff3-AB3D-38450F35F5AE}:1209.2900.081641c.0 MSG:aCIZsGOfHFJDXIAXfh25fLbmnpVs=
[AVG.CSL] INFO 2013-04-13 16:00:50,281 MAC-AZURE PID:1696 THID:2004 ID:{CEC60BE8-366C-4ff3-AB3D-38450F35F5AE}:101.2900.081641c.0 MSG:*
[AVG.CSL] INFO 2013-04-13 19:36:58,187 MAC-AZURE PID:1696 THID:2188 ID:{CEC60BE8-366C-4ff3-AB3D-38450F35F5AE}:2103.2900.081641c.0 MSG:*
[AVG.CSL] INFO 2013-04-13 19:36:58,187 MAC-AZURE PID:1696 THID:2188 ID:{CEC60BE8-366C-4ff3-AB3D-38450F35F5AE}:1209.2900.081641c.0 MSG:aBORTJMtk2oifuiD0D3iBR/Gtj4s=
[AVG.CSL] INFO 2013-04-13 19:36:58,671 MAC-AZURE PID:1696 THID:2188 ID:AC0FF1BA-9B60-4F1B-91BB-870E38BBB035:63.2780.fc8a432.0 MSG:aBORTJMtk2oifuiDxCi2JEqiqhItRjxKnhx844OnZG+rJQSFhzRQXHli59HO4vvjc/SaeZkBT28dVBpBhCA==
[AVG.CSL] INFO 2013-04-13 19:36:58,671 MAC-AZURE PID:1696 THID:2188 ID:{CEC60BE8-366C-4ff3-AB3D-38450F35F5AE}:2164.2900.081641c.0 MSG:aCIZsC//aAu7daE3Y0zpIMKG2wDPvhNMAJKUloR2zij06olrnV1B4u4fiCczZrRposikxBoFnE4QWi8VJgAo1FAu1D2aA8Hbk3yRaw5d5OFPT1a1MxfDZAz2yObEOw+lPWc8lzSNYcaWQ/hmPu9NoALclLAb+bVvMForGXpwaInNj
[AVG.CSL] INFO 2013-04-13 19:36:58,750 MAC-AZURE PID:1696 THID:2004 ID:{CEC60BE8-366C-4ff3-AB3D-38450F35F5AE}:23.2900.081641c.0 MSG:*
[AVG.CSL] INFO 2013-04-13 19:36:58,750 MAC-AZURE PID:1696 THID:2004 ID:{CEC60BE8-366C-4ff3-AB3D-38450F35F5AE}:1209.2900.081641c.0 MSG:aBORTJMtk2oifuiD0D3iBR/Gtj4s=
[AVG.CSL] INFO 2013-04-13 19:36:58,750 MAC-AZURE PID:1696 THID:2004 ID:{CEC60BE8-366C-4ff3-AB3D-38450F35F5AE}:67.2900.081641c.0 MSG:*
[AVG.CSL] INFO 2013-04-13 23:31:02,906 MAC-AZURE PID:1696 THID:2188 ID:{CEC60BE8-366C-4ff3-AB3D-38450F35F5AE}:2103.2900.081641c.0 MSG:*
[AVG.CSL] INFO 2013-04-13 23:31:02,906 MAC-AZURE PID:1696 THID:2188 ID:{CEC60BE8-366C-4ff3-AB3D-38450F35F5AE}:1209.2900.081641c.0 MSG:aD/kL3lm7+HtU3JL1daT9tJai7W0=
[AVG.CSL] INFO 2013-04-13 23:31:03,296 MAC-AZURE PID:1696 THID:2188 ID:AC0FF1BA-9B60-4F1B-91BB-870E38BBB035:63.2780.fc8a432.0 MSG:aCIZsGOfHFJDXIAXfgmteKbL0pFuR4M5jCMcvwnzX5VhYsVDxNEZo5PKAa+eswnULoFxTOotnW4QWisZeiw==
[AVG.CSL] INFO 2013-04-13 23:31:03,296 MAC-AZURE PID:1696 THID:2188 ID:{CEC60BE8-366C-4ff3-AB3D-38450F35F5AE}:2164.2900.081641c.0 MSG:aDZrakT6S/hY00ZW6JoG+ZyDQ2ujJMOMilIz5nTeqCDZJJxEQXL/eTnaLf7sUSjJ6ixHlkp7pWHOR3UDoUVSG03apufxBuIocNc+CoWLCzgRSs7eX40TpIt+b5Y0k2mtEKkpuOii03A5hl2/4djRAEo4d+JLh4xA7kdxH/01EkbQe
[AVG.CSL] INFO 2013-04-13 23:31:03,375 MAC-AZURE PID:1696 THID:2004 ID:{CEC60BE8-366C-4ff3-AB3D-38450F35F5AE}:23.2900.081641c.0 MSG:*
[AVG.CSL] INFO 2013-04-13 23:31:03,375 MAC-AZURE PID:1696 THID:2004 ID:{CEC60BE8-366C-4ff3-AB3D-38450F35F5AE}:1209.2900.081641c.0 MSG:aBwx2I26wY48asWhdAFbAu6ZpzNA=
[AVG.CSL] INFO 2013-04-13 23:31:03,375 MAC-AZURE PID:1696 THID:2004 ID:{CEC60BE8-366C-4ff3-AB3D-38450F35F5AE}:67.2900.081641c.0 MSG:*
[AVG.CSL] INFO 2013-04-14 01:27:59,312 MAC-AZURE PID:1696 THID:9828 ID:{CEC60BE8-366C-4ff3-AB3D-38450F35F5AE}:1978.2900.081641c.0 MSG:*
[AVG.CSL] INFO 2013-04-14 01:27:59,312 MAC-AZURE PID:1696 THID:9828 ID:CFD02AB3-1E5A-4e8c-9346-3F3614179BA2:82.2900.081641c.0 MSG:*
[AVG.CSL] INFO 2013-04-14 01:27:59,328 MAC-AZURE PID:1696 THID:9828 ID:CFD02AB3-1E5A-4e8c-9346-3F3614179BA2:196.2900.081641c.0 MSG:*
[AVG.CSL] INFO 2013-04-14 01:27:59,328 MAC-AZURE PID:1696 THID:9828 ID:CFD02AB3-1E5A-4e8c-9346-3F3614179BA2:998.2900.081641c.0 MSG:aDMnXyfcWhgsKWD+sMR2wCPOVo+5griLumRYAbRAABO8oXk6U2/db+tj+zCiynx3wYf4H4HcHInTM3BZr3qR+aeeYwKqTdJs=
[AVG.CSL] INFO 2013-04-14 01:27:59,328 MAC-AZURE PID:1696 THID:9828 ID:CFD02AB3-1E5A-4e8c-9346-3F3614179BA2:228.2900.081641c.0 MSG:*
[AVG.CSL] INFO 2013-04-14 01:27:59,375 MAC-AZURE PID:1696 THID:9828 ID:CFD02AB3-1E5A-4e8c-9346-3F3614179BA2:573.2900.081641c.0 MSG:aBwx2I26wY48asWhdAFbAuq07mNDvbwFz6aDntPRE/70mDs6DC4MQyO1x4mg=
[AVG.CSL] INFO 2013-04-14 01:27:59,375 MAC-AZURE PID:1696 THID:9828 ID:CFD02AB3-1E5A-4e8c-9346-3F3614179BA2:269.2900.081641c.0 MSG:aBtfKc10oczL+HBK5RIasfT/Ku1y3bUi0
[AVG.CSL] INFO 2013-04-14 01:27:59,375 MAC-AZURE PID:1696 THID:9828 ID:{CEC60BE8-366C-4ff3-AB3D-38450F35F5AE}:1209.2900.081641c.0 MSG:aBORTJMtk2oifuiD0D3iBR/Gtj4s=
[AVG.CSL] WARN 2013-04-14 01:27:59,375 MAC-AZURE PID:1696 THID:9828 ID:647D7E3D-D003-47A5-B2EC-26AB320BCF6F:1131.2780.fc8a432.0 MSG:*
[AVG.CSL] WARN 2013-04-14 01:27:59,375 MAC-AZURE PID:1696 THID:9828 ID:{CEC60BE8-366C-4ff3-AB3D-38450F35F5AE}:2043.2900.081641c.0 MSG:aBUSkb6+TCnMewCGCkE88cGZ/UdPIXt7V
[AVG.CSL] INFO 2013-04-14 01:27:59,437 MAC-AZURE PID:1696 THID:2004 ID:{CEC60BE8-366C-4ff3-AB3D-38450F35F5AE}:72.2900.081641c.0 MSG:*
[AVG.CSL] INFO 2013-04-14 01:27:59,437 MAC-AZURE PID:1696 THID:2004 ID:{CEC60BE8-366C-4ff3-AB3D-38450F35F5AE}:1209.2900.081641c.0 MSG:aCYTZzFHWri46mGg1PhITIHIHOW0=
[AVG.CSL] INFO 2013-04-14 01:27:59,437 MAC-AZURE PID:1696 THID:2004 ID:{CEC60BE8-366C-4ff3-AB3D-38450F35F5AE}:101.2900.081641c.0 MSG:*
[AVG.CSL] INFO 2013-04-14 01:28:41,187 MAC-AZURE PID:1696 THID:2004 ID:{CEC60BE8-366C-4ff3-AB3D-38450F35F5AE}:72.2900.081641c.0 MSG:*
[AVG.CSL] INFO 2013-04-14 01:28:41,187 MAC-AZURE PID:1696 THID:2004 ID:{CEC60BE8-366C-4ff3-AB3D-38450F35F5AE}:1209.2900.081641c.0 MSG:aDZragiaP6Gg+md29ctWpejjBvoA=
[AVG.CSL] INFO 2013-04-14 01:28:41,187 MAC-AZURE PID:1696 THID:2004 ID:{CEC60BE8-366C-4ff3-AB3D-38450F35F5AE}:101.2900.081641c.0 MSG:*
[AVG.CSL] INFO 2013-04-14 01:28:41,265 MAC-AZURE PID:1696 THID:2004 ID:{CEC60BE8-366C-4ff3-AB3D-38450F35F5AE}:72.2900.081641c.0 MSG:*
[AVG.CSL] INFO 2013-04-14 01:28:41,265 MAC-AZURE PID:1696 THID:2004 ID:{CEC60BE8-366C-4ff3-AB3D-38450F35F5AE}:1209.2900.081641c.0 MSG:aAuF9wtoOjeEiq8p6mo2o1bthBHk=
[AVG.CSL] INFO 2013-04-14 01:28:41,265 MAC-AZURE PID:1696 THID:2004 ID:{CEC60BE8-366C-4ff3-AB3D-38450F35F5AE}:101.2900.081641c.0 MSG:*
[AVG.CSL] INFO 2013-04-14 03:25:07,640 MAC-AZURE PID:1696 THID:2188 ID:{CEC60BE8-366C-4ff3-AB3D-38450F35F5AE}:2103.2900.081641c.0 MSG:*
[AVG.CSL] INFO 2013-04-14 03:25:07,640 MAC-AZURE PID:1696 THID:2188 ID:{CEC60BE8-366C-4ff3-AB3D-38450F35F5AE}:1209.2900.081641c.0 MSG:aBwx2I26wY48asWhdAFbAu6ZpzdA=
[AVG.CSL] INFO 2013-04-14 03:25:08,078 MAC-AZURE PID:1696 THID:2188 ID:AC0FF1BA-9B60-4F1B-91BB-870E38BBB035:63.2780.fc8a432.0 MSG:aD/kL3lm7+HtU3JKjIK37vc/35m1HtAWECtyZkBqYwS5WTUOoPAHNMTRpyF3f/7vw4T2zRJD13ndnh0e72Q==
[AVG.CSL] INFO 2013-04-14 03:25:08,078 MAC-AZURE PID:1696 THID:2188 ID:{CEC60BE8-366C-4ff3-AB3D-38450F35F5AE}:2164.2900.081641c.0 MSG:aBwx2MHatdfEQ+SBaVALXpr54qbiRCxwGw8KY1oMsl9g7afnhf4kQgO1x4iokciFFJRucjm1+cOkO1MiCUSLCFxU/FV0JhwH7Ebg3QRBBp8XMG8THu38WBoPVhMaQXPSqWASGywuDFJ36bfJoRgxTLSAXgY4SdDihDtTLlU0y1XB9
[AVG.CSL] INFO 2013-04-14 03:25:08,156 MAC-AZURE PID:1696 THID:2004 ID:{CEC60BE8-366C-4ff3-AB3D-38450F35F5AE}:23.2900.081641c.0 MSG:*
[AVG.CSL] INFO 2013-04-14 03:25:08,156 MAC-AZURE PID:1696 THID:2004 ID:{CEC60BE8-366C-4ff3-AB3D-38450F35F5AE}:1209.2900.081641c.0 MSG:aCyImhJV6lSi01bL47kZxwZKsV/c=
[AVG.CSL] INFO 2013-04-14 03:25:08,156 MAC-AZURE PID:1696 THID:2004 ID:{CEC60BE8-366C-4ff3-AB3D-38450F35F5AE}:67.2900.081641c.0 MSG:*
[AVG.CSL] INFO 2013-04-14 07:19:12,250 MAC-AZURE PID:1696 THID:2188 ID:{CEC60BE8-366C-4ff3-AB3D-38450F35F5AE}:2103.2900.081641c.0 MSG:*
[AVG.CSL] INFO 2013-04-14 07:19:12,250 MAC-AZURE PID:1696 THID:2188 ID:{CEC60BE8-366C-4ff3-AB3D-38450F35F5AE}:1209.2900.081641c.0 MSG:aALNbhmxnzdr5qA0C/UfAQzD8o6w=
[AVG.CSL] INFO 2013-04-14 07:19:12,968 MAC-AZURE PID:1696 THID:2188 ID:AC0FF1BA-9B60-4F1B-91BB-870E38BBB035:63.2780.fc8a432.0 MSG:aDMnX3vQL7gwKNBftOk+gWKzn8L0t0kTrinYKD3YfJtwERmKxirIYtffLsAaWsXWYBONyyhV4QAezqGNhyQ==
[AVG.CSL] INFO 2013-04-14 07:19:12,968 MAC-AZURE PID:1696 THID:2188 ID:{CEC60BE8-366C-4ff3-AB3D-38450F35F5AE}:2164.2900.081641c.0 MSG:aALNblXR626Tz4EUFqRPXXijtx8QcYZ6Wr2zaqETMBocOLffi9K/mTj0l/tGT5zOgM28BTJTZzSXfmClBCX9YCbGAOPgLUK+u8qtSHu1Qpz1ajqq7NhWUlrR7xrhXvGX1bUCIyICmtQ4qOe6T8ZlByDZjHEzr04Vt35guVhVvT27Z
[AVG.CSL] INFO 2013-04-14 07:19:13,046 MAC-AZURE PID:1696 THID:2004 ID:{CEC60BE8-366C-4ff3-AB3D-38450F35F5AE}:23.2900.081641c.0 MSG:*
[AVG.CSL] INFO 2013-04-14 07:19:13,046 MAC-AZURE PID:1696 THID:2004 ID:{CEC60BE8-366C-4ff3-AB3D-38450F35F5AE}:1209.2900.081641c.0 MSG:aCIZsGOfHFJDXIAXfh25fLbmnpFs=
[AVG.CSL] INFO 2013-04-14 07:19:13,046 MAC-AZURE PID:1696 THID:2004 ID:{CEC60BE8-366C-4ff3-AB3D-38450F35F5AE}:67.2900.081641c.0 MSG:*
[AVG.CSL] INFO 2013-04-14 11:13:17,156 MAC-AZURE PID:1696 THID:2188 ID:{CEC60BE8-366C-4ff3-AB3D-38450F35F5AE}:2103.2900.081641c.0 MSG:*
[AVG.CSL] INFO 2013-04-14 11:13:17,156 MAC-AZURE PID:1696 THID:2188 ID:{CEC60BE8-366C-4ff3-AB3D-38450F35F5AE}:1209.2900.081641c.0 MSG:aA8raDL7w9fznWibO5zX3b8nqK8k=
[AVG.CSL] INFO 2013-04-14 11:13:17,484 MAC-AZURE PID:1696 THID:2188 ID:AC0FF1BA-9B60-4F1B-91BB-870E38BBB035:63.2780.fc8a432.0 MSG:aBtfKclg1biSHYy7EH4S3KGzI6kurfV/A05V4xG6RSAg7NvN6tcimWjx9SklpMDFFM3W3GYBT54tBElrZFg==
[AVG.CSL] INFO 2013-04-14 11:13:17,484 MAC-AZURE PID:1696 THID:2188 ID:{CEC60BE8-366C-4ff3-AB3D-38450F35F5AE}:2164.2900.081641c.0 MSG:aBORTN9N5zPaV8mjzWyyWWum86uMv6w/Eq30yg4i9dI+rUit3rgIHQS3bllnN0Ze/71P8WkpTk8dVBsJ2A+dpX4fXMFqsU7j8le5/6B9v5jmb34ecBZ8FxeJqLpObzRf9yD9UXdoJUg06x4Ybr6/l1+pf4Vo1WduPVQaQYR/3fjjv
[AVG.CSL] INFO 2013-04-14 11:13:17,562 MAC-AZURE PID:1696 THID:2004 ID:{CEC60BE8-366C-4ff3-AB3D-38450F35F5AE}:23.2900.081641c.0 MSG:*
[AVG.CSL] INFO 2013-04-14 11:13:17,562 MAC-AZURE PID:1696 THID:2004 ID:{CEC60BE8-366C-4ff3-AB3D-38450F35F5AE}:1209.2900.081641c.0 MSG:aCYTZzFHWri46mGg1PhITIHIHOG0=
[AVG.CSL] INFO 2013-04-14 11:13:17,562 MAC-AZURE PID:1696 THID:2004 ID:{CEC60BE8-366C-4ff3-AB3D-38450F35F5AE}:67.2900.081641c.0 MSG:*
[AVG.CSL] INFO 2013-04-14 15:07:21,656 MAC-AZURE PID:1696 THID:2188 ID:{CEC60BE8-366C-4ff3-AB3D-38450F35F5AE}:2103.2900.081641c.0 MSG:*
[AVG.CSL] INFO 2013-04-14 15:07:21,656 MAC-AZURE PID:1696 THID:2188 ID:{CEC60BE8-366C-4ff3-AB3D-38450F35F5AE}:1209.2900.081641c.0 MSG:aDMnX3vQL7gwKNBfubkryWKbn8b0=
[AVG.CSL] INFO 2013-04-14 15:07:22,062 MAC-AZURE PID:1696 THID:2188 ID:AC0FF1BA-9B60-4F1B-91BB-870E38BBB035:63.2780.fc8a432.0 MSG:aA8raDL7w9fznWibHtjT/acLkIcnXgOZEC97ObpluUklpNpU+hArgegLL7hLA+waJDVQMWBQeuwOPakmxVA==
[AVG.CSL] INFO 2013-04-14 15:07:22,062 MAC-AZURE PID:1696 THID:2188 ID:{CEC60BE8-366C-4ff3-AB3D-38450F35F5AE}:2164.2900.081641c.0 MSG:aCIZsC//aAu7daE3Y0zpIMKG2wDPvhNMAJKUloR2zij06olrnV1B4u4fiCc3ZrRposikxBoFnE4QWipBJgAo1FAu1D2aA8Hbk3Sdaw5d5OFPT1a1MxfDZAWqyObEOw+lPWc8lzSNae6aQ/hmPu9NoALclLAb+bVvMForGXpwaInNj
[AVG.CSL] INFO 2013-04-14 15:07:22,140 MAC-AZURE PID:1696 THID:2004 ID:{CEC60BE8-366C-4ff3-AB3D-38450F35F5AE}:23.2900.081641c.0 MSG:*
[AVG.CSL] INFO 2013-04-14 15:07:22,140 MAC-AZURE PID:1696 THID:2004 ID:{CEC60BE8-366C-4ff3-AB3D-38450F35F5AE}:1209.2900.081641c.0 MSG:aCYTZzFHWri46mGg1PhITIHIHOG0=
[AVG.CSL] INFO 2013-04-14 15:07:22,140 MAC-AZURE PID:1696 THID:2004 ID:{CEC60BE8-366C-4ff3-AB3D-38450F35F5AE}:67.2900.081641c.0 MSG:*
[AVG.CSL] INFO 2013-04-14 15:57:06,234 MAC-AZURE PID:1696 THID:2188 ID:{CEC60BE8-366C-4ff3-AB3D-38450F35F5AE}:2224.2900.081641c.0 MSG:*
[AVG.CSL] INFO 2013-04-14 15:57:06,234 MAC-AZURE PID:1696 THID:2188 ID:{CEC60BE8-366C-4ff3-AB3D-38450F35F5AE}:1209.2900.081641c.0 MSG:aCrCXRv1ajjn4utGUY8sCGatElbg=
[AVG.CSL] INFO 2013-04-14 15:57:06,234 MAC-AZURE PID:1696 THID:2188 ID:{CEC60BE8-366C-4ff3-AB3D-38450F35F5AE}:1209.2900.081641c.0 MSG:aAuF9wtoOjeEiq8p6mo2o1bthBHk=
[AVG.CSL] INFO 2013-04-14 15:57:06,609 MAC-AZURE PID:1696 THID:2188 ID:93B0B98A-5D46-4408-B76E-27CBEEB22042:65.2780.fc8a432.0 MSG:aCrCXRv1ajjn4utGQZc8LTqpHwrgEKwuDrFcJws44EDZgTs2JNGS5U/XeFV6i4irU46USmWyDpMFAXu2O4A==
[AVG.CSL] INFO 2013-04-14 15:57:06,609 MAC-AZURE PID:1696 THID:2188 ID:{CEC60BE8-366C-4ff3-AB3D-38450F35F5AE}:2316.2900.081641c.0 MSG:aCIZsC//aAu7daE3Y0zpIMKG2wDPvhNMAJKUloR2zij06olrnV1B4u4fiCc3ZrRposikxBoFnE4QWipBJgAo1FAu1D2aA8Hbk3ilaw5d5OFPT1a1MxfDZAGqyObEOw+lPWc8lzSNYfvKQ/hmPu9NoALclLAb+bVvMForGXpwaInNj
[AVG.CSL] INFO 2013-04-14 15:57:06,687 MAC-AZURE PID:1696 THID:2004 ID:{CEC60BE8-366C-4ff3-AB3D-38450F35F5AE}:23.2900.081641c.0 MSG:*
[AVG.CSL] INFO 2013-04-14 15:57:06,687 MAC-AZURE PID:1696 THID:2004 ID:{CEC60BE8-366C-4ff3-AB3D-38450F35F5AE}:1209.2900.081641c.0 MSG:aDMnX3vQL7gwKNBfubkryWKbn8b0=
[AVG.CSL] INFO 2013-04-14 15:57:06,687 MAC-AZURE PID:1696 THID:2004 ID:{CEC60BE8-366C-4ff3-AB3D-38450F35F5AE}:67.2900.081641c.0 MSG:*
[AVG.CSL] INFO 2013-04-14 16:00:08,312 MAC-AZURE PID:1696 THID:2004 ID:{CEC60BE8-366C-4ff3-AB3D-38450F35F5AE}:72.2900.081641c.0 MSG:*
[AVG.CSL] INFO 2013-04-14 16:00:08,312 MAC-AZURE PID:1696 THID:2004 ID:{CEC60BE8-366C-4ff3-AB3D-38450F35F5AE}:1209.2900.081641c.0 MSG:aBORTJMtk2oifuiD0D3iBR/Gtjos=
[AVG.CSL] INFO 2013-04-14 16:00:08,312 MAC-AZURE PID:1696 THID:2004 ID:{CEC60BE8-366C-4ff3-AB3D-38450F35F5AE}:101.2900.081641c.0 MSG:*
[AVG.CSL] INFO 2013-04-14 16:00:49,765 MAC-AZURE PID:1696 THID:2004 ID:{CEC60BE8-366C-4ff3-AB3D-38450F35F5AE}:72.2900.081641c.0 MSG:*
[AVG.CSL] INFO 2013-04-14 16:00:50,343 MAC-AZURE PID:1696 THID:2004 ID:{CEC60BE8-366C-4ff3-AB3D-38450F35F5AE}:1209.2900.081641c.0 MSG:aALNbhmxnzdr5qA0C/UfAQzD8pKw=
[AVG.CSL] INFO 2013-04-14 16:00:50,343 MAC-AZURE PID:1696 THID:2004 ID:{CEC60BE8-366C-4ff3-AB3D-38450F35F5AE}:101.2900.081641c.0 MSG:*
[AVG.CSL] INFO 2013-04-14 16:00:50,343 MAC-AZURE PID:1696 THID:2004 ID:{CEC60BE8-366C-4ff3-AB3D-38450F35F5AE}:72.2900.081641c.0 MSG:*
[AVG.CSL] INFO 2013-04-14 16:00:50,343 MAC-AZURE PID:1696 THID:2004 ID:{CEC60BE8-366C-4ff3-AB3D-38450F35F5AE}:1209.2900.081641c.0 MSG:aALNbhmxnzdr5qA0C/UfAQzD8pKw=
[AVG.CSL] INFO 2013-04-14 16:00:50,343 MAC-AZURE PID:1696 THID:2004 ID:{CEC60BE8-366C-4ff3-AB3D-38450F35F5AE}:101.2900.081641c.0 MSG:*
[AVG.CSL] INFO 2013-04-14 19:01:26,188 MAC-AZURE PID:1696 THID:2188 ID:{CEC60BE8-366C-4ff3-AB3D-38450F35F5AE}:2103.2900.081641c.0 MSG:*
[AVG.CSL] INFO 2013-04-14 19:01:26,188 MAC-AZURE PID:1696 THID:2188 ID:{CEC60BE8-366C-4ff3-AB3D-38450F35F5AE}:1209.2900.081641c.0 MSG:aA8raDL7w9fznWibO5zX3b8nqLMk=
[AVG.CSL] INFO 2013-04-14 19:01:26,985 MAC-AZURE PID:1696 THID:2188 ID:AC0FF1BA-9B60-4F1B-91BB-870E38BBB035:63.2780.fc8a432.0 MSG:aCYTZzFHWri46mGg3PUdAKHgFO20QD3t2pnYp1Atfni0EYXBakbmFsm9q/aBn8Be8Tz5RwCOocLxAjhj/pg==
[AVG.CSL] INFO 2013-04-14 19:01:26,985 MAC-AZURE PID:1696 THID:2188 ID:{CEC60BE8-366C-4ff3-AB3D-38450F35F5AE}:2164.2900.081641c.0 MSG:aALNblXR626Tz4EUFqRPXXijtx8QcYZ6Wr2zaqETMBocOLffi9K/mTj0l/tGT5zOgM28BTJTZzSXfmS1BCX9YCbGAOPgLUK+u86lSHu1Qpz1ajqq7NhWUl7Z7xrhXvGX1bUCIyICmsg8qOe6T8ZlByDZjHEzr04Vt35guVhVvT27Z
[AVG.CSL] INFO 2013-04-14 19:01:27,063 MAC-AZURE PID:1696 THID:2004 ID:{CEC60BE8-366C-4ff3-AB3D-38450F35F5AE}:23.2900.081641c.0 MSG:*
[AVG.CSL] INFO 2013-04-14 19:01:27,063 MAC-AZURE PID:1696 THID:2004 ID:{CEC60BE8-366C-4ff3-AB3D-38450F35F5AE}:1209.2900.081641c.0 MSG:aDZragiaP6Gg+md29ctWpejjBuYA=
[AVG.CSL] INFO 2013-04-14 19:01:27,063 MAC-AZURE PID:1696 THID:2004 ID:{CEC60BE8-366C-4ff3-AB3D-38450F35F5AE}:67.2900.081641c.0 MSG:*
[AVG.CSL] INFO 2013-04-14 22:55:31,157 MAC-AZURE PID:1696 THID:2188 ID:{CEC60BE8-366C-4ff3-AB3D-38450F35F5AE}:2103.2900.081641c.0 MSG:*
[AVG.CSL] INFO 2013-04-14 22:55:31,157 MAC-AZURE PID:1696 THID:2188 ID:{CEC60BE8-366C-4ff3-AB3D-38450F35F5AE}:1209.2900.081641c.0 MSG:aCrCXRv1ajjn4utGUY8sCGatEkrg=
[AVG.CSL] INFO 2013-04-14 22:55:31,532 MAC-AZURE PID:1696 THID:2188 ID:AC0FF1BA-9B60-4F1B-91BB-870E38BBB035:63.2780.fc8a432.0 MSG:aCYTZzFHWri46mGgwbUYVJHMJb20QD3t2pnYp1Atfni0EYXBakbmFsm9q/aBn8Be8Tz5RwCOocLxAjhj/pg==
[AVG.CSL] INFO 2013-04-14 22:55:31,532 MAC-AZURE PID:1696 THID:2188 ID:{CEC60BE8-366C-4ff3-AB3D-38450F35F5AE}:2164.2900.081641c.0 MSG:aBUSkfbKTARtt91XwzhtjOXZoN6WuKt3C/V53pLqmptKY3fOf4EZjeugsZiAzrS7T8XxVCCK+xVP86iP1E1E8s8Z3xxDNuXURbrhC64pYE1oEC1rahF7Xw+NJa7Sp1sWg+7CMtZROYjb/MHZiUdNcu/RwSAhdtI0b/Osl4g9BK9Su
[AVG.CSL] INFO 2013-04-14 22:55:31,625 MAC-AZURE PID:1696 THID:2004 ID:{CEC60BE8-366C-4ff3-AB3D-38450F35F5AE}:23.2900.081641c.0 MSG:*
[AVG.CSL] INFO 2013-04-14 22:55:31,625 MAC-AZURE PID:1696 THID:2004 ID:{CEC60BE8-366C-4ff3-AB3D-38450F35F5AE}:1209.2900.081641c.0 MSG:aCyImhJV6lSi01bL47kZxwZKsUPc=
[AVG.CSL] INFO 2013-04-14 22:55:31,625 MAC-AZURE PID:1696 THID:2004 ID:{CEC60BE8-366C-4ff3-AB3D-38450F35F5AE}:67.2900.081641c.0 MSG:*
[AVG.CSL] INFO 2013-04-15 01:27:59,313 MAC-AZURE PID:1696 THID:10396 ID:{CEC60BE8-366C-4ff3-AB3D-38450F35F5AE}:1978.2900.081641c.0 MSG:*
[AVG.CSL] INFO 2013-04-15 01:27:59,313 MAC-AZURE PID:1696 THID:10396 ID:CFD02AB3-1E5A-4e8c-9346-3F3614179BA2:82.2900.081641c.0 MSG:*
[AVG.CSL] INFO 2013-04-15 01:27:59,344 MAC-AZURE PID:1696 THID:10396 ID:CFD02AB3-1E5A-4e8c-9346-3F3614179BA2:196.2900.081641c.0 MSG:*
[AVG.CSL] INFO 2013-04-15 01:27:59,344 MAC-AZURE PID:1696 THID:10396 ID:CFD02AB3-1E5A-4e8c-9346-3F3614179BA2:998.2900.081641c.0 MSG:aAuF91dkT5eYix+I4xdrqhe4TVipt0h5rtvBlKvJYpypE3ohl7dZliQ8DKWWEZATjBMMqJqs9xuAJlMCq++WzxlCwara9cfg=
[AVG.CSL] INFO 2013-04-15 01:27:59,344 MAC-AZURE PID:1696 THID:10396 ID:CFD02AB3-1E5A-4e8c-9346-3F3614179BA2:228.2900.081641c.0 MSG:*
[AVG.CSL] INFO 2013-04-15 01:27:59,375 MAC-AZURE PID:1696 THID:10396 ID:CFD02AB3-1E5A-4e8c-9346-3F3614179BA2:573.2900.081641c.0 MSG:aAQ5rh0BgaPYG4AxfDoC/nA5ZH5fm+woSwLNE0T970ImTW75Q9eTurypN73k=
[AVG.CSL] INFO 2013-04-15 01:27:59,375 MAC-AZURE PID:1696 THID:10396 ID:CFD02AB3-1E5A-4e8c-9346-3F3614179BA2:269.2900.081641c.0 MSG:aCIZsGeLaCYauXzmqjW4XLLGhp0yN8NkX
[AVG.CSL] INFO 2013-04-15 01:27:59,375 MAC-AZURE PID:1696 THID:10396 ID:{CEC60BE8-366C-4ff3-AB3D-38450F35F5AE}:1209.2900.081641c.0 MSG:aCyImhJV6lSi01bL47kZxwZKsUPc=
[AVG.CSL] INFO 2013-04-15 01:27:59,422 MAC-AZURE PID:1696 THID:2004 ID:{CEC60BE8-366C-4ff3-AB3D-38450F35F5AE}:72.2900.081641c.0 MSG:*
[AVG.CSL] INFO 2013-04-15 01:27:59,422 MAC-AZURE PID:1696 THID:2004 ID:{CEC60BE8-366C-4ff3-AB3D-38450F35F5AE}:1209.2900.081641c.0 MSG:aALNbhmxnzdr5qA0C/UfAQzD8pKw=
[AVG.CSL] INFO 2013-04-15 01:27:59,422 MAC-AZURE PID:1696 THID:2004 ID:{CEC60BE8-366C-4ff3-AB3D-38450F35F5AE}:101.2900.081641c.0 MSG:*
[AVG.CSL] INFO 2013-04-15 01:28:02,000 MAC-AZURE PID:1696 THID:10396 ID:80C914F5-EFE5-4F53-B1A8-5246CBE52B76:71.2780.fc8a432.0 MSG:aBtfKclg1biSHYy7MR4Lsf2nO7UurfV/A05V4xG6RSAg7NvN6tcimWjx9SklpMDFFM3W3GYBT54tBElrZFg==
[AVG.CSL] INFO 2013-04-15 01:28:02,000 MAC-AZURE PID:1696 THID:10396 ID:CFD02AB3-1E5A-4e8c-9346-3F3614179BA2:296.2900.081641c.0 MSG:*
[AVG.CSL] INFO 2013-04-15 01:28:02,000 MAC-AZURE PID:1696 THID:10396 ID:99A0B8FC-E028-4906-8534-7EE3F27384CC:67.3162.74e6ebf.1 MSG:aAQ5rh0BgaPYG4AxfDoC/nA0NQZfm+woSwLNE0T970ImTW75Q9eTurypN73k=
[AVG.CSL] INFO 2013-04-15 01:28:02,000 MAC-AZURE PID:1696 THID:10396 ID:99A0B8FC-E028-4906-8534-7EE3F27384CC:148.3162.74e6ebf.1 MSG:aBORTJMtk2oifuiD0D3iBR6ysjYs=
[AVG.CSL] INFO 2013-04-15 01:28:02,000 MAC-AZURE PID:1696 THID:10396 ID:99A0B8FC-E028-4906-8534-7EE3F27384CC:177.3162.74e6ebf.1 MSG:aBwx2I26wY48asWhdAFbAuKxrndA=
[AVG.CSL] INFO 2013-04-15 01:28:02,110 MAC-AZURE PID:1696 THID:10396 ID:99A0B8FC-E028-4906-8534-7EE3F27384CC:200.3162.74e6ebf.1 MSG:aAuF90cITm58o44J6mYm/
[AVG.CSL] INFO 2013-04-15 01:28:02,110 MAC-AZURE PID:1696 THID:10396 ID:CFD02AB3-1E5A-4e8c-9346-3F3614179BA2:947.2900.081641c.0 MSG:aCrCXRv1ajjn4utGUY8sCGKNCn7gEKwuVqld8w9g0FzYfOvD9I3ipRIC8dzY=
[AVG.CSL] INFO 2013-04-15 01:28:02,125 MAC-AZURE PID:1696 THID:10396 ID:CFD02AB3-1E5A-4e8c-9346-3F3614179BA2:867.2900.081641c.0 MSG:aCIZsD+TafJfXTC2d2DkdfezV9gjcnKhmG6cloBrIx2t0qXzUZQMrq921F8mI7B1jxUEmEOkYOfdp/rNUnFIic3TXe2yAuGE=
[AVG.CSL] INFO 2013-04-15 01:28:02,125 MAC-AZURE PID:1696 THID:10396 ID:CFD02AB3-1E5A-4e8c-9346-3F3614179BA2:905.2900.081641c.0 MSG:aBwx2ImutfpljzlQoClaIuq5vzsfzfxYR
[AVG.CSL] INFO 2013-04-15 01:28:02,204 MAC-AZURE PID:1696 THID:2004 ID:{CEC60BE8-366C-4ff3-AB3D-38450F35F5AE}:23.2900.081641c.0 MSG:*
[AVG.CSL] INFO 2013-04-15 01:28:02,204 MAC-AZURE PID:1696 THID:2004 ID:{CEC60BE8-366C-4ff3-AB3D-38450F35F5AE}:1209.2900.081641c.0 MSG:aCrCXRv1ajjn4utGUY8sCGatEkrg=
[AVG.CSL] INFO 2013-04-15 01:28:02,204 MAC-AZURE PID:1696 THID:2004 ID:{CEC60BE8-366C-4ff3-AB3D-38450F35F5AE}:67.2900.081641c.0 MSG:*
[AVG.CSL] INFO 2013-04-15 01:28:02,204 MAC-AZURE PID:1696 THID:10396 ID:CFD02AB3-1E5A-4e8c-9346-3F3614179BA2:346.2900.081641c.0 MSG:aDMnX3/EW8xpzSyubZEq6Wa7h8qoxwlOf
[AVG.CSL] INFO 2013-04-15 01:28:38,313 MAC-AZURE PID:1696 THID:2004 ID:{CEC60BE8-366C-4ff3-AB3D-38450F35F5AE}:72.2900.081641c.0 MSG:*
[AVG.CSL] INFO 2013-04-15 01:28:38,313 MAC-AZURE PID:1696 THID:2004 ID:{CEC60BE8-366C-4ff3-AB3D-38450F35F5AE}:1209.2900.081641c.0 MSG:aALNbhmxnzdr5qA0C/UfAQzD8paw=
[AVG.CSL] INFO 2013-04-15 01:28:38,313 MAC-AZURE PID:1696 THID:2004 ID:{CEC60BE8-366C-4ff3-AB3D-38450F35F5AE}:101.2900.081641c.0 MSG:*
[AVG.CSL] INFO 2013-04-15 01:28:38,407 MAC-AZURE PID:1696 THID:2004 ID:{CEC60BE8-366C-4ff3-AB3D-38450F35F5AE}:72.2900.081641c.0 MSG:*
[AVG.CSL] INFO 2013-04-15 01:28:38,407 MAC-AZURE PID:1696 THID:2004 ID:{CEC60BE8-366C-4ff3-AB3D-38450F35F5AE}:1209.2900.081641c.0 MSG:aBtfKclg1biSHYy7MTobkfDfMvks=
[AVG.CSL] INFO 2013-04-15 01:28:38,407 MAC-AZURE PID:1696 THID:2004 ID:{CEC60BE8-366C-4ff3-AB3D-38450F35F5AE}:101.2900.081641c.0 MSG:*
[AVG.CSL] INFO 2013-04-15 02:49:35,688 MAC-AZURE PID:1696 THID:2188 ID:{CEC60BE8-366C-4ff3-AB3D-38450F35F5AE}:2103.2900.081641c.0 MSG:*
[AVG.CSL] INFO 2013-04-15 02:49:35,688 MAC-AZURE PID:1696 THID:2188 ID:{CEC60BE8-366C-4ff3-AB3D-38450F35F5AE}:1209.2900.081641c.0 MSG:aDMnX3vQL7gwKNBfubkryWKbn970=
[AVG.CSL] INFO 2013-04-15 02:49:36,047 MAC-AZURE PID:1696 THID:2188 ID:AC0FF1BA-9B60-4F1B-91BB-870E38BBB035:63.2780.fc8a432.0 MSG:aBORTJMtk2oifuiDwCHqIEKv5jotRjxKnhx844OnZG+rJQSFhzRQXHli59HO4vvjc/SaeZkBT28dVBpBhCA==
[AVG.CSL] INFO 2013-04-15 02:49:36,047 MAC-AZURE PID:1696 THID:2188 ID:{CEC60BE8-366C-4ff3-AB3D-38450F35F5AE}:2164.2900.081641c.0 MSG:aAQ5rlFh9fogMqERYWtSogB0aLv+Ynxdn6tE7s0gTuOyOPIkyge7u5ypN7zim7kdWOPlnaapiwS/UzL98SvAxlMo9CPknVwqCD+FTQx6X2ONveUOAsusdZabGJ6NbY9ue7VH2GPXk7Pk9Uf95xJA1Pj31emnVaIln1My9a1bgJvOi
[AVG.CSL] INFO 2013-04-15 02:49:36,125 MAC-AZURE PID:1696 THID:2004 ID:{CEC60BE8-366C-4ff3-AB3D-38450F35F5AE}:23.2900.081641c.0 MSG:*
[AVG.CSL] INFO 2013-04-15 02:49:36,125 MAC-AZURE PID:1696 THID:2004 ID:{CEC60BE8-366C-4ff3-AB3D-38450F35F5AE}:1209.2900.081641c.0 MSG:aAuF9wtoOjeEiq8p6mo2o1bthAnk=
[AVG.CSL] INFO 2013-04-15 02:49:36,125 MAC-AZURE PID:1696 THID:2004 ID:{CEC60BE8-366C-4ff3-AB3D-38450F35F5AE}:67.2900.081641c.0 MSG:*
[AVG.CSL] INFO 2013-04-15 06:43:40,329 MAC-AZURE PID:1696 THID:2188 ID:{CEC60BE8-366C-4ff3-AB3D-38450F35F5AE}:2103.2900.081641c.0 MSG:*
[AVG.CSL] INFO 2013-04-15 06:43:40,329 MAC-AZURE PID:1696 THID:2188 ID:{CEC60BE8-366C-4ff3-AB3D-38450F35F5AE}:1209.2900.081641c.0 MSG:aBUSkbqqOF2Vnvx33mk90JG55Vc0=
[AVG.CSL] INFO 2013-04-15 06:43:40,829 MAC-AZURE PID:1696 THID:2188 ID:AC0FF1BA-9B60-4F1B-91BB-870E38BBB035:63.2780.fc8a432.0 MSG:aCyImhJV6lSi01bKs60Z0k5L/B/f5gcZafkN+xv8TJlTixwelRr1ZET/eXoSLyZ+Z7SN9crZ57mbqdsRmPg==
[AVG.CSL] INFO 2013-04-15 06:43:40,829 MAC-AZURE PID:1696 THID:2188 ID:{CEC60BE8-366C-4ff3-AB3D-38450F35F5AE}:2164.2900.081641c.0 MSG:aBtfKYUAoeFqNK2bLGtLzYS/d3CPVGUKj//dypw/1J21ZJfls1t62BUkfKGAcX14mIQDVJYpTr4tBElzOHcbg8vvkqQw/AgxQjzFx0F6RgwJdvrFc/21Iob/gbrcchUQfOkiGRqLXtRleAzghfiEsTiQMyCX1WefDQRJa2QHW95WT
[AVG.CSL] INFO 2013-04-15 06:43:40,907 MAC-AZURE PID:1696 THID:2004 ID:{CEC60BE8-366C-4ff3-AB3D-38450F35F5AE}:23.2900.081641c.0 MSG:*
[AVG.CSL] INFO 2013-04-15 06:43:40,907 MAC-AZURE PID:1696 THID:2004 ID:{CEC60BE8-366C-4ff3-AB3D-38450F35F5AE}:1209.2900.081641c.0 MSG:aBtfKclg1biSHYy7MTobkfDfMvks=
[AVG.CSL] INFO 2013-04-15 06:43:40,907 MAC-AZURE PID:1696 THID:2004 ID:{CEC60BE8-366C-4ff3-AB3D-38450F35F5AE}:67.2900.081641c.0 MSG:*
[AVG.CSL] INFO 2013-04-15 10:37:45,046 MAC-AZURE PID:1696 THID:2188 ID:{CEC60BE8-366C-4ff3-AB3D-38450F35F5AE}:2103.2900.081641c.0 MSG:*
[AVG.CSL] INFO 2013-04-15 10:37:45,046 MAC-AZURE PID:1696 THID:2188 ID:{CEC60BE8-366C-4ff3-AB3D-38450F35F5AE}:1209.2900.081641c.0 MSG:aAuF9wtoOjeEiq8p6mo2o1bthAnk=
[AVG.CSL] INFO 2013-04-15 10:37:45,750 MAC-AZURE PID:1696 THID:2188 ID:AC0FF1BA-9B60-4F1B-91BB-870E38BBB035:63.2780.fc8a432.0 MSG:aDMnX3vQL7gwKNBfsbxnzX6vhpr0t0kTrinYKD3YfJtwERmKxirIYtffLsAaWsXWYBONyyhV4QAezqGNhyQ==
[AVG.CSL] INFO 2013-04-15 10:37:45,750 MAC-AZURE PID:1696 THID:2188 ID:{CEC60BE8-366C-4ff3-AB3D-38450F35F5AE}:2164.2900.081641c.0 MSG:aALNblXR626Tz4EUFqRPXXijtx8QcYZ6Wr2zaqETMBocOLffi9K/mTj0l/tKT5zOgM28BTJTZzSXfmH9BCX9YCbGAOPgLUK+u8a1SHu1Qpz1ajqq7NhWUlLN7xrhXvGX1bUCIyICns1MqOe6T8ZlByDZjHEzr04Vt35guVhVvT27Z
[AVG.CSL] INFO 2013-04-15 10:37:45,828 MAC-AZURE PID:1696 THID:2004 ID:{CEC60BE8-366C-4ff3-AB3D-38450F35F5AE}:23.2900.081641c.0 MSG:*
[AVG.CSL] INFO 2013-04-15 10:37:45,828 MAC-AZURE PID:1696 THID:2004 ID:{CEC60BE8-366C-4ff3-AB3D-38450F35F5AE}:1209.2900.081641c.0 MSG:aCIZsGOfHFJDXIAXfh25fLbmnols=
[AVG.CSL] INFO 2013-04-15 10:37:45,828 MAC-AZURE PID:1696 THID:2004 ID:{CEC60BE8-366C-4ff3-AB3D-38450F35F5AE}:67.2900.081641c.0 MSG:*
[AVG.CSL] INFO 2013-04-15 14:31:50,062 MAC-AZURE PID:1696 THID:2188 ID:{CEC60BE8-366C-4ff3-AB3D-38450F35F5AE}:2103.2900.081641c.0 MSG:*
[AVG.CSL] INFO 2013-04-15 14:31:50,062 MAC-AZURE PID:1696 THID:2188 ID:{CEC60BE8-366C-4ff3-AB3D-38450F35F5AE}:1209.2900.081641c.0 MSG:aD/kL3lm7+HtU3JL1daT9tJai6m0=
[AVG.CSL] INFO 2013-04-15 14:31:50,375 MAC-AZURE PID:1696 THID:2188 ID:AC0FF1BA-9B60-4F1B-91BB-870E38BBB035:63.2780.fc8a432.0 MSG:aCyImhJV6lSi01bL56BUik8iiAvf5gcZafkN+xv8TJlTixwelRr1ZET/eXoSLyZ+Z7SN9crZ57mbqdsRmPg==
[AVG.CSL] INFO 2013-04-15 14:31:50,375 MAC-AZURE PID:1696 THID:2188 ID:{CEC60BE8-366C-4ff3-AB3D-38450F35F5AE}:2164.2900.081641c.0 MSG:aBtfKYUAoeFqNK2bLGtLzYS/d3CPVGUKj//dypw/1J21ZJfls1t62BUkfKGAcX14mIQDVJYpTr4tBEg/OHcbg8vvkqQw/AgxQjDVx0F6RgwJdvrFc/21IoLXgbrcchUQfOkiGRqLVsUpeAzghfiEsTiQMyCX1WefDQRJa2QHW95WT
[AVG.CSL] INFO 2013-04-15 14:31:50,453 MAC-AZURE PID:1696 THID:2004 ID:{CEC60BE8-366C-4ff3-AB3D-38450F35F5AE}:23.2900.081641c.0 MSG:*
[AVG.CSL] INFO 2013-04-15 14:31:50,453 MAC-AZURE PID:1696 THID:2004 ID:{CEC60BE8-366C-4ff3-AB3D-38450F35F5AE}:1209.2900.081641c.0 MSG:aDkxXrTpjspJB6f+/88V6NFGZ8Ms=
[AVG.CSL] INFO 2013-04-15 14:31:50,453 MAC-AZURE PID:1696 THID:2004 ID:{CEC60BE8-366C-4ff3-AB3D-38450F35F5AE}:67.2900.081641c.0 MSG:*
[AVG.CSL] INFO 2013-04-15 15:57:40,734 MAC-AZURE PID:1696 THID:2188 ID:{CEC60BE8-366C-4ff3-AB3D-38450F35F5AE}:2224.2900.081641c.0 MSG:*
[AVG.CSL] INFO 2013-04-15 15:57:40,734 MAC-AZURE PID:1696 THID:2188 ID:{CEC60BE8-366C-4ff3-AB3D-38450F35F5AE}:1209.2900.081641c.0 MSG:aDZragiaP6Gg+md29ctWpejjBuIA=
[AVG.CSL] INFO 2013-04-15 15:57:40,734 MAC-AZURE PID:1696 THID:2188 ID:{CEC60BE8-366C-4ff3-AB3D-38450F35F5AE}:1209.2900.081641c.0 MSG:aCIZsGOfHFJDXIAXfh25fLbmnols=
[AVG.CSL] INFO 2013-04-15 15:57:41,359 MAC-AZURE PID:1696 THID:2188 ID:93B0B98A-5D46-4408-B76E-27CBEEB22042:65.2780.fc8a432.0 MSG:aD/kL3lm7+HtU3JKkIKL6tJ6t6m1HtAWECtyZkBqYwS5WTUOoPAHNMTRpyF3f/7vw4T2zRJD13ndnh0e72Q==
[AVG.CSL] INFO 2013-04-15 15:57:41,359 MAC-AZURE PID:1696 THID:2188 ID:{CEC60BE8-366C-4ff3-AB3D-38450F35F5AE}:2316.2900.081641c.0 MSG:aDZrakT6S/hY00ZW6JoG+ZyDQ2ujJMOMilIz5nTeqCDZJJxEQXL/eTnaLf7kUSjJ6ixHlkp7pWHOR3BHoUVSG03apufxBuIocN5CCoWLCzgRSs7eX40TpINWb5Y0k2mtEKkpuOii02AFhl2/4djRAEo4d+JLh4xA7kdxH/01EkbQe
[AVG.CSL] INFO 2013-04-15 15:57:41,437 MAC-AZURE PID:1696 THID:2004 ID:{CEC60BE8-366C-4ff3-AB3D-38450F35F5AE}:23.2900.081641c.0 MSG:*
[AVG.CSL] INFO 2013-04-15 15:57:41,437 MAC-AZURE PID:1696 THID:2004 ID:{CEC60BE8-366C-4ff3-AB3D-38450F35F5AE}:1209.2900.081641c.0 MSG:aAQ5rh0BgaPYG4AxfDoC/nQULTJc=
[AVG.CSL] INFO 2013-04-15 15:57:41,437 MAC-AZURE PID:1696 THID:2004 ID:{CEC60BE8-366C-4ff3-AB3D-38450F35F5AE}:67.2900.081641c.0 MSG:*
[AVG.CSL] INFO 2013-04-15 16:00:08,345 MAC-AZURE PID:1696 THID:2004 ID:{CEC60BE8-366C-4ff3-AB3D-38450F35F5AE}:72.2900.081641c.0 MSG:*
[AVG.CSL] INFO 2013-04-15 16:00:08,345 MAC-AZURE PID:1696 THID:2004 ID:{CEC60BE8-366C-4ff3-AB3D-38450F35F5AE}:1209.2900.081641c.0 MSG:aAuF9wtoOjeEiq8p6mo2o1bthAnk=
[AVG.CSL] INFO 2013-04-15 16:00:08,345 MAC-AZURE PID:1696 THID:2004 ID:{CEC60BE8-366C-4ff3-AB3D-38450F35F5AE}:101.2900.081641c.0 MSG:*
[AVG.CSL] INFO 2013-04-15 16:00:53,037 MAC-AZURE PID:1696 THID:2004 ID:{CEC60BE8-366C-4ff3-AB3D-38450F35F5AE}:72.2900.081641c.0 MSG:*
[AVG.CSL] INFO 2013-04-15 16:00:53,037 MAC-AZURE PID:1696 THID:2004 ID:{CEC60BE8-366C-4ff3-AB3D-38450F35F5AE}:1209.2900.081641c.0 MSG:aA8raDL7w9fznWibO5zX3b8nqLsk=
[AVG.CSL] INFO 2013-04-15 16:00:53,037 MAC-AZURE PID:1696 THID:2004 ID:{CEC60BE8-366C-4ff3-AB3D-38450F35F5AE}:101.2900.081641c.0 MSG:*
[AVG.CSL] INFO 2013-04-15 16:00:53,115 MAC-AZURE PID:1696 THID:2004 ID:{CEC60BE8-366C-4ff3-AB3D-38450F35F5AE}:72.2900.081641c.0 MSG:*
[AVG.CSL] INFO 2013-04-15 16:00:53,115 MAC-AZURE PID:1696 THID:2004 ID:{CEC60BE8-366C-4ff3-AB3D-38450F35F5AE}:1209.2900.081641c.0 MSG:aBORTJMtk2oifuiD0D3iBR/Gti4s=
[AVG.CSL] INFO 2013-04-15 16:00:53,115 MAC-AZURE PID:1696 THID:2004 ID:{CEC60BE8-366C-4ff3-AB3D-38450F35F5AE}:101.2900.081641c.0 MSG:*
[AVG.CSL] INFO 2013-04-15 18:25:54,667 MAC-AZURE PID:1696 THID:2188 ID:{CEC60BE8-366C-4ff3-AB3D-38450F35F5AE}:2103.2900.081641c.0 MSG:*
[AVG.CSL] INFO 2013-04-15 18:25:54,667 MAC-AZURE PID:1696 THID:2188 ID:{CEC60BE8-366C-4ff3-AB3D-38450F35F5AE}:1209.2900.081641c.0 MSG:aCYTZzFHWri46mGg1PhITIHIHPW0=
[AVG.CSL] INFO 2013-04-15 18:25:55,214 MAC-AZURE PID:1696 THID:2188 ID:AC0FF1BA-9B60-4F1B-91BB-870E38BBB035:63.2780.fc8a432.0 MSG:aBwx2I26wY48asWhVVV6Us/w7zNDvbwFl76CSteJI+L1ZevP3HJ8A35gTgABRHU4mN27+smd+OOkO1MuVWg==
[AVG.CSL] INFO 2013-04-15 18:25:55,214 MAC-AZURE PID:1696 THID:2188 ID:{CEC60BE8-366C-4ff3-AB3D-38450F35F5AE}:2164.2900.081641c.0 MSG:aDMnXzewW+HIAfF/pOh7lRb72ldVTtlmIphQAbBd7SblmVWin6aQI6oKp0i/j3hr7FpYQ9h94CAezqWF2wvxpDpj6tKCTPIx4AT1I8n5dlSbMlfiqecJTi+kDHHwECyrLBTgXjZ2uXKSVtcJugaBokxOaDfZgckBPs6hjYd7sfmnw
[AVG.CSL] INFO 2013-04-15 18:25:55,292 MAC-AZURE PID:1696 THID:2004 ID:{CEC60BE8-366C-4ff3-AB3D-38450F35F5AE}:23.2900.081641c.0 MSG:*
[AVG.CSL] INFO 2013-04-15 18:25:55,292 MAC-AZURE PID:1696 THID:2004 ID:{CEC60BE8-366C-4ff3-AB3D-38450F35F5AE}:1209.2900.081641c.0 MSG:aAQ5rh0BgaPYG4AxfDoC/nQULT5c=
[AVG.CSL] INFO 2013-04-15 18:25:55,292 MAC-AZURE PID:1696 THID:2004 ID:{CEC60BE8-366C-4ff3-AB3D-38450F35F5AE}:67.2900.081641c.0 MSG:*
