[AVG.LOG.SM] ALL 2013-04-11 15:50:49,938 MAC-AZURE PID:1696 THID:1700 ID:AVG.LOG.SM:0.0.0.0 MSG:c00000000001930384096bAAAb8oMqmn3kqsDFAQe7uEvFR1f0D4kwlFlx0XANi+yoipSq/+kTxuF+NQxrbUQoF+FWE6tO2MChRDM1YGlyDpGqngHtdbmQMLNDwcOZ3vdm9COeh2MwUoZrmqzQ9ermi6709w5OEmujnYt9JhySQj4qZLXXCtgQ2wvoRQ6dpkjo1TmI/ys/50nBza2sLm39ByJ+oVFO7wbq6IQ8hToTigZf04k2+Hr8kBrr9uskM1CU9vftTRvDFr28o03yiscmSEsN2YUoI8TosP7eAl1++7QpIaoqwR2foYeAKm3xnvkmCIRHyAsElY96WK2J3M695RvvFtQ/zkxUZ/na1/v+UUE=
[AVG.SECAPI.SRMFAC] INFO 2013-04-11 15:50:50,355 MAC-AZURE PID:1696 THID:1728 ID:EC1486F2-45CF-4994-A5EA-1E9D81A10619:394.2851.0a97001.0 MSG:*
[AVG.SECAPI.ARBITER] INFO 2013-04-11 15:50:50,370 MAC-AZURE PID:1696 THID:1728 ID:{E181AB80-EE72-4dfc-9AFE-91B01F8ED687}:94.2851.0a97001.0 MSG:*
[AVG.SECAPI.IDPMGR.IDPSDK] INFO 2013-04-11 15:50:51,387 MAC-AZURE PID:1696 THID:1932 ID:{EDDA827B-F06F-4c75-8C5C-BF4C0405DC32}:484.2780.fc8a432.0 MSG:*
[AVG.SECAPI.ARBITER] INFO 2013-04-11 15:50:51,563 MAC-AZURE PID:1696 THID:1932 ID:{E181AB80-EE72-4dfc-9AFE-91B01F8ED687}:135.2851.0a97001.0 MSG:*
[AVG.SECAPI.ARBITER] INFO 2013-04-11 15:50:57,558 MAC-AZURE PID:1696 THID:1932 ID:{E181AB80-EE72-4dfc-9AFE-91B01F8ED687}:146.2851.0a97001.0 MSG:*
[AVG.SECAPI.SRMFAC] INFO 2013-04-11 15:50:57,558 MAC-AZURE PID:1696 THID:1932 ID:EC1486F2-45CF-4994-A5EA-1E9D81A10619:1366.2851.0a97001.0 MSG:*
[AVG.SECAPI.ARBITER] INFO 2013-04-11 15:51:00,574 MAC-AZURE PID:1696 THID:1932 ID:{E181AB80-EE72-4dfc-9AFE-91B01F8ED687}:156.2851.0a97001.0 MSG:*
[AVG.SECAPI.SRMFAC] INFO 2013-04-11 15:51:00,574 MAC-AZURE PID:1696 THID:1368 ID:{07EAED78-D4DE-4C94-BC64-8CCA39CC5305}:255.2851.0a97001.0 MSG:*
[AVG.SECAPI.IDPMGR.IDPSDK] INFO 2013-04-12 20:08:43,465 MAC-AZURE PID:1696 THID:1932 ID:{EDDA827B-F06F-4c75-8C5C-BF4C0405DC32}:540.2780.fc8a432.0 MSG:*
[AVG.SECAPI.SRMFAC] INFO 2013-04-12 20:08:44,497 MAC-AZURE PID:1696 THID:1368 ID:{07EAED78-D4DE-4C94-BC64-8CCA39CC5305}:283.2851.0a97001.0 MSG:*
[AVG.LOG.SM] ALL 2013-04-12 20:09:15,323 MAC-AZURE PID:1696 THID:1700 ID:AVG.LOG.SM:0.0.0.0 MSG:c00000000001943425760bAE2vHqGWWYcB9az/Ocl0q39dUtKrk2V9+u9K0QfTRREkVnYNjmDItZV+RvWFP21eo3GqX5pDavR1mn4gvL+gn5MNFRT6d/mjYz+hAHkaTL7neJbCQOZNM/vcXloUlQY3nDwtQAdwiKdQNzNBsafIb6v/OIptN2twwzFTiC70+LzYcxRAu8STjkYsHWC8a8hqaTaSX3rGlitFhzuhH4e6PFbQBJ3EA5/SfMmS+GICL83e2Tn5SdIg+VX8tiHqoeLDdfvVqRCDFMLq/21GAoPWE/c0trqqAgT5z35E0mKxUeItAAjMTTM4EK/wnB4zmvWuj2ZYW+SRJ8zrcUMX2Pd9NKo=
[AVG.SECAPI.SRMFAC] INFO 2013-04-12 20:09:16,919 MAC-AZURE PID:1696 THID:1732 ID:EC1486F2-45CF-4994-A5EA-1E9D81A10619:394.2851.0a97001.0 MSG:*
[AVG.SECAPI.ARBITER] INFO 2013-04-12 20:09:16,929 MAC-AZURE PID:1696 THID:1732 ID:{E181AB80-EE72-4dfc-9AFE-91B01F8ED687}:94.2851.0a97001.0 MSG:*
[AVG.SECAPI.IDPMGR.IDPSDK] INFO 2013-04-12 20:09:20,799 MAC-AZURE PID:1696 THID:1524 ID:{EDDA827B-F06F-4c75-8C5C-BF4C0405DC32}:484.2780.fc8a432.0 MSG:*
[AVG.SECAPI.ARBITER] INFO 2013-04-12 20:09:20,831 MAC-AZURE PID:1696 THID:1524 ID:{E181AB80-EE72-4dfc-9AFE-91B01F8ED687}:135.2851.0a97001.0 MSG:*
[AVG.SECAPI.ARBITER] INFO 2013-04-12 20:09:20,924 MAC-AZURE PID:1696 THID:1524 ID:{E181AB80-EE72-4dfc-9AFE-91B01F8ED687}:146.2851.0a97001.0 MSG:*
[AVG.SECAPI.SRMFAC] INFO 2013-04-12 20:09:20,924 MAC-AZURE PID:1696 THID:1524 ID:EC1486F2-45CF-4994-A5EA-1E9D81A10619:1366.2851.0a97001.0 MSG:*
[AVG.SECAPI.ARBITER] INFO 2013-04-12 20:09:20,924 MAC-AZURE PID:1696 THID:1524 ID:{E181AB80-EE72-4dfc-9AFE-91B01F8ED687}:156.2851.0a97001.0 MSG:*
[AVG.SECAPI.SRMFAC] INFO 2013-04-12 20:09:20,971 MAC-AZURE PID:1696 THID:2176 ID:{07EAED78-D4DE-4C94-BC64-8CCA39CC5305}:255.2851.0a97001.0 MSG:*
