[AVG.LOG.SM] ALL 2013-04-12 20:09:15,323 MAC-AZURE PID:1696 THID:1700 ID:AVG.LOG.SM:0.0.0.0 MSG:c00000000001943425760bAE2vHqGWWYcB9az/Ocl0q39dUtKrk2V9+u9K0QfTRREkVnYNjmDItZV+RvWFP21eo3GqX5pDavR1mn4gvL+gn5MNFRT6d/mjYz+hAHkaTL7neJbCQOZNM/vcXloUlQY3nDwtQAdwiKdQNzNBsafIb6v/OIptN2twwzFTiC70+LzYcxRAu8STjkYsHWC8a8hqaTaSX3rGlitFhzuhH4e6PFbQBJ3EA5/SfMmS+GICL83e2Tn5SdIg+VX8tiHqoeLDdfvVqRCDFMLq/21GAoPWE/c0trqqAgT5z35E0mKxUeItAAjMTTM4EK/wnB4zmvWuj2ZYW+SRJ8zrcUMX2Pd9NKo=
[AVG.SCHED] INFO 2013-04-15 18:25:55,308 MAC-AZURE PID:1696 THID:2092 ID:{00224F45-F112-40d9-90FC-8216F433668A}:504.2780.fc8a432.0 MSG:aALNbkW96peLjuFUD/VeMUjr6obhjFZCL5mnKqUPRGJYTSo+cgKXmFnE1+siUk0PLO2RzKI7JlTXPiGJB
[AVG.SCHED] INFO 2013-04-15 18:25:55,308 MAC-AZURE PID:1696 THID:2092 ID:{00224F45-F112-40d9-90FC-8216F433668A}:504.2780.fc8a432.0 MSG:aDMnXyfcWhjQQJE/saFq+Sazh86kswleV7xEQbRdmUah7MBHZna4Iss651DXksWmQHp4GkgVoUBejuC92
[AVG.SCHED] INFO 2013-04-15 18:25:55,308 MAC-AZURE PID:1696 THID:2092 ID:{00224F45-F112-40d9-90FC-8216F433668A}:504.2780.fc8a432.0 MSG:aDkxXujl+2qpb+ae99tU2JVuf9N8S5Px6I6ans3boyrncLLSzDSKviAbGRTERfBIXdbl4gOqR494g/iEw
[AVG.SCHED] INFO 2013-04-15 18:25:55,308 MAC-AZURE PID:1696 THID:2092 ID:{00224F45-F112-40d9-90FC-8216F433668A}:504.2780.fc8a432.0 MSG:aCrCXUf5H5gHiqomWY9tOCKFCl6wFOxj9yTAToK5BYEIfP7/hI3ipVMysc23Q8jfd578CwXyTtNFQTqGZ
[AVG.SCHED] INFO 2013-04-15 18:25:55,308 MAC-AZURE PID:1696 THID:2092 ID:{00224F45-F112-40d9-90FC-8216F433668A}:504.2780.fc8a432.0 MSG:aCyImk5Zn/RCuxero7FY90JiqVeP4kdUkGyRkpJJqVyadtnvNUaFJFgasObf534CZ908JSKZp/nb6Zohx
[AVG.SCHED] INFO 2013-04-15 18:25:55,308 MAC-AZURE PID:1696 THID:2092 ID:{00224F45-F112-40d9-90FC-8216F433668A}:504.2780.fc8a432.0 MSG:aDZralSWSgFAkiYW+c8XlazLHvJS2RO0/3YrpnTK3FCZUQG5uKLXeFjqbeaMTIlcelRryhIT5AGOBzAvo
[AVG.SCHED] INFO 2013-04-15 18:25:55,308 MAC-AZURE PID:1696 THID:2092 ID:{00224F45-F112-40d9-90FC-8216F433668A}:504.2780.fc8a432.0 MSG:aBwx2NG2tC7cAoTBfCEaMqqxvz8TufxIbisSI1o8xjs8mC4WfCIYZ2KFh5jMjHVIuLQGN6nduKPkexIeC
[AVG.SCHED] INFO 2013-04-15 18:25:55,308 MAC-AZURE PID:1696 THID:2092 ID:{00224F45-F112-40d9-90FC-8216F433668A}:504.2780.fc8a432.0 MSG:aD/kLyVqmkENOzMrldrSxpZyk7nlGpBb6b7iD83bhslspOT7AKx3dNg0br26t6aTw+1fRe4Dlzmd3lwus
[AVG.SCHED] INFO 2013-04-15 18:25:55,308 MAC-AZURE PID:1696 THID:2092 ID:{00224F45-F112-40d9-90FC-8216F433668A}:504.2780.fc8a432.0 MSG:aD/kLyVqmkENOzMr2cLSxpZyk7nlGpBb6bLyD83zhslspOTbAKx3dNg0brG6t763651HVHIDlzmd3lwus
[AVG.SCHED] INFO 2013-04-15 18:25:55,308 MAC-AZURE PID:1696 THID:2092 ID:{00224F45-F112-40d9-90FC-8216F433668A}:504.2780.fc8a432.0 MSG:aALNbkW96peLjuFUA+leMUjr6obhjFZCL5W7KqEPRGZMTT46cgKXmFnE1+MiUiEDLO2cXKI7JlTXPiGJB
[AVG.SCHED] INFO 2013-04-15 18:25:55,308 MAC-AZURE PID:1696 THID:2092 ID:{00224F45-F112-40d9-90FC-8216F433668A}:510.2780.fc8a432.0 MSG:*
[AVG.SCHED] INFO 2013-04-15 18:30:11,011 MAC-AZURE PID:1696 THID:2092 ID:{00224F45-F112-40d9-90FC-8216F433668A}:640.2780.fc8a432.0 MSG:aDMnX3/EW8xpzSyubZEq6CK7h86oxwlef
[AVG.SCHED] INFO 2013-04-15 18:30:13,011 MAC-AZURE PID:1696 THID:2092 ID:{00224F45-F112-40d9-90FC-8216F433668A}:645.2780.fc8a432.0 MSG:aDZragyOS9X5H5uHIeNXhKjDHvJerRO01
[AVG.SCHED] INFO 2013-04-15 18:30:13,011 MAC-AZURE PID:1696 THID:2092 ID:{00224F45-F112-40d9-90FC-8216F433668A}:650.2780.fc8a432.0 MSG:aDkxXvSRhpexJ6ba87sV+KFia5d0O7vtnKKK0rnPjyqc=
[AVG.SCHED] INFO 2013-04-15 18:30:13,011 MAC-AZURE PID:1696 THID:2092 ID:{769AFB51-9EE7-4b1a-8BBD-B0BB5EEFA850}:897.2780.fc8a432.0 MSG:aDZragiaP6Gg+md29ctWpezDH74C3VP5GpfGMlzG9FSVDQGpvKbDOB3eBfO8JVyFx7G+G8Q==
[AVG.SCHED] INFO 2013-04-15 18:30:13,089 MAC-AZURE PID:1696 THID:2092 ID:{87648DE1-BF9F-4510-92A0-58E4846B327A}:88.2780.fc8a432.0 MSG:aALNbhmxnzdr5qA0C/UfAQjj68qxiBYP1gw7Q20q3etVGHcrR3bWQX2FwvZScsyuxTXwSXum19EOomi5XFgMeKJmxEaVJBvrmpr9ZEuokpCAy6r3uaQ==
[AVG.SCHED] INFO 2013-04-15 18:30:13,105 MAC-AZURE PID:1696 THID:2092 ID:{769AFB51-9EE7-4b1a-8BBD-B0BB5EEFA850}:956.2780.fc8a432.0 MSG:aDMnX3vQL7gwKNBfubkryWa7hoL0t0kTsl2l1ZhFsVKpsMhPYnKsYo4Oj0Xn+wwnwcehzlQ==
[AVG.SCHED] INFO 2013-04-15 18:30:13,105 MAC-AZURE PID:1696 THID:2092 ID:{00224F45-F112-40d9-90FC-8216F433668A}:462.2780.fc8a432.0 MSG:*
[AVG.SCHED] INFO 2013-04-15 18:30:13,105 MAC-AZURE PID:1696 THID:2092 ID:{00224F45-F112-40d9-90FC-8216F433668A}:476.2780.fc8a432.0 MSG:aCIZsD+TafOTdKkzbjWtWOw==
[AVG.SCHED] INFO 2013-04-15 18:30:13,105 MAC-AZURE PID:1696 THID:2092 ID:{00224F45-F112-40d9-90FC-8216F433668A}:477.2780.fc8a432.0 MSG:aBwx2NG2tC/kQsCNAAFLdu6t/z8b5fBYMisGE14c+nA==
[AVG.SCHED] INFO 2013-04-15 18:30:13,105 MAC-AZURE PID:1696 THID:2092 ID:{00224F45-F112-40d9-90FC-8216F433668A}:479.2780.fc8a432.0 MSG:*
[AVG.SCHED] INFO 2013-04-15 18:30:13,105 MAC-AZURE PID:1696 THID:2092 ID:{00224F45-F112-40d9-90FC-8216F433668A}:504.2780.fc8a432.0 MSG:aBwx2NG2tC7cAoTBcAUaMqqxvz8TufxIbiseI14Yxj80mD4WfC4MQ2KFh5jMjBlEuLRHu6nduKPkexIeC
[AVG.SCHED] INFO 2013-04-15 18:30:13,105 MAC-AZURE PID:1696 THID:2092 ID:{00224F45-F112-40d9-90FC-8216F433668A}:504.2780.fc8a432.0 MSG:aDMnXyfcWhjQQJE/vblq+Sazh86kswleV7xEQbRBmV6h7MhDZna4Iss651jXkqmqQHp1ikgVoUBejuC92
[AVG.SCHED] INFO 2013-04-15 18:30:13,105 MAC-AZURE PID:1696 THID:2092 ID:{00224F45-F112-40d9-90FC-8216F433668A}:504.2780.fc8a432.0 MSG:aAuF91dkT5dk4u5J4nJ3kxLFnBm0hvmsQwPd1KvU+8m0XsNcoq482wRlEMXjSSnCDe6MrVNlStINm8Pm3
[AVG.SCHED] INFO 2013-04-15 18:30:13,105 MAC-AZURE PID:1696 THID:2092 ID:{00224F45-F112-40d9-90FC-8216F433668A}:504.2780.fc8a432.0 MSG:aDMnXyfcWhjQQJE/sa1q+Sazh86kswleV7xEQbRZmVKB7Nx7Zn68Mss651jXksWmQHpEAkgVoUBejuC92
[AVG.SCHED] INFO 2013-04-15 18:30:13,105 MAC-AZURE PID:1696 THID:2092 ID:{00224F45-F112-40d9-90FC-8216F433668A}:504.2780.fc8a432.0 MSG:aBUSkeamTf119r0X1ml84NWR/UdnRXtPftFtnpbu7ucOFv4vhlExjIqQ8Yjk00ly55xMnbDiunUPs+2n1
[AVG.SCHED] INFO 2013-04-15 18:30:13,105 MAC-AZURE PID:1696 THID:2092 ID:{00224F45-F112-40d9-90FC-8216F433668A}:504.2780.fc8a432.0 MSG:aBUSkeamTf119r0XnmF84NWR/UdnRXtPftFtnpba7uMWFv4XhlExjIqQ8Yzk01F6w+WVDDjiunUPs+2n1
[AVG.SCHED] INFO 2013-04-15 18:30:13,105 MAC-AZURE PID:1696 THID:2092 ID:{00224F45-F112-40d9-90FC-8216F433668A}:504.2780.fc8a432.0 MSG:aCIZsD+TafKjNMF3chn4TPLOhpk+Q8N0dbaM1oRiuli0nxSWZI1p448vyD9TexX8MrCImEJt3S5QGmopJ
[AVG.SCHED] INFO 2013-04-15 18:30:13,105 MAC-AZURE PID:1696 THID:2092 ID:{00224F45-F112-40d9-90FC-8216F433668A}:504.2780.fc8a432.0 MSG:aA8raG73tncT9Sn7M7yW7fsPsKd3WkPU6brrUDfQXJDsWR+NWkBP5fTu5iCGy+xqBFzt/AAQOqxOfegWm
[AVG.SCHED] INFO 2013-04-15 18:30:13,105 MAC-AZURE PID:1696 THID:2092 ID:{00224F45-F112-40d9-90FC-8216F433668A}:504.2780.fc8a432.0 MSG:aAQ5rkEN9AM4c8FRPDZDzjA8NSIPn6xl6o9crs0UOpPyTW/5M9eTuv2Zd6iKhlzc1MOZnarBymT/E3PF8
[AVG.SCHED] INFO 2013-04-15 18:30:13,105 MAC-AZURE PID:1696 THID:2092 ID:{00224F45-F112-40d9-90FC-8216F433668A}:504.2780.fc8a432.0 MSG:aALNbkW96peLjuFUB+FeMUjr6obhjFZCL5W7KqEPRGpcTSoicgKXmFnE1+MiUmErJJ3YFKI7JlTXPiGJB
[AVG.SCHED] INFO 2013-04-15 18:30:13,105 MAC-AZURE PID:1696 THID:2092 ID:{00224F45-F112-40d9-90FC-8216F433668A}:504.2780.fc8a432.0 MSG:aBwx2NG2tC7cAoTBfB0aMqqxvz8TufxIbicCI1oQxiMwmC4CfC4MQ2KFh5DMjHVIuLROK6nduKPkexIeC
[AVG.SCHED] INFO 2013-04-15 18:30:13,105 MAC-AZURE PID:1696 THID:2092 ID:{00224F45-F112-40d9-90FC-8216F433668A}:510.2780.fc8a432.0 MSG:*
[AVG.SCHED] INFO 2013-04-15 18:45:11,011 MAC-AZURE PID:1696 THID:2092 ID:{00224F45-F112-40d9-90FC-8216F433668A}:640.2780.fc8a432.0 MSG:aALNbh2l60MyA1zF390eIEzj6obt+FZCB
[AVG.SCHED] INFO 2013-04-15 18:45:13,011 MAC-AZURE PID:1696 THID:2092 ID:{00224F45-F112-40d9-90FC-8216F433668A}:645.2780.fc8a432.0 MSG:aCyImhZBniD7Nqo6N5EY5kZqqVeDlkdUu
[AVG.SCHED] INFO 2013-04-15 18:45:13,011 MAC-AZURE PID:1696 THID:2092 ID:{00224F45-F112-40d9-90FC-8216F433668A}:650.2780.fc8a432.0 MSG:aAQ5rl15if4gO4EVcE4C7gQwIWYH74RliqNA4r0wFpes=
[AVG.SCHED] INFO 2013-04-15 18:45:13,011 MAC-AZURE PID:1696 THID:2092 ID:{769AFB51-9EE7-4b1a-8BBD-B0BB5EEFA850}:897.2780.fc8a432.0 MSG:aDkxXrTpjspJB6f+/88V6NVmfp8sT9O8DW97CuHHiyrPLKbmyDia7mUvcRXgLDnJ3GsALhw==
[AVG.SCHED] INFO 2013-04-15 18:45:13,261 MAC-AZURE PID:1696 THID:2092 ID:{87648DE1-BF9F-4510-92A0-58E4846B327A}:88.2780.fc8a432.0 MSG:aALNbhmxnzdr5qA0C/UfAQjj68qxiBYP1gw7Q20q3etVGHcrR3bWQX2FwvZScsyuxTXwSXum19EOomi5XFgMeKJmxEaVJBvrmpr9ZEuokpCAy6r3uaQ==
[AVG.SCHED] INFO 2013-04-15 18:45:13,261 MAC-AZURE PID:1696 THID:2092 ID:{769AFB51-9EE7-4b1a-8BBD-B0BB5EEFA850}:956.2780.fc8a432.0 MSG:aBUSkbqqOF2Vnvx33mk90JWZ/As3QTsCmzCMCrryxu8GSuojglUlzM+kmYnAusD3YlgI2aw==
[AVG.SCHED] INFO 2013-04-15 18:45:13,261 MAC-AZURE PID:1696 THID:2092 ID:{00224F45-F112-40d9-90FC-8216F433668A}:462.2780.fc8a432.0 MSG:*
[AVG.SCHED] INFO 2013-04-15 18:45:13,261 MAC-AZURE PID:1696 THID:2092 ID:{00224F45-F112-40d9-90FC-8216F433668A}:476.2780.fc8a432.0 MSG:aAQ5rkEN9AIIM6kVbBIW2iw==
[AVG.SCHED] INFO 2013-04-15 18:45:13,261 MAC-AZURE PID:1696 THID:2092 ID:{00224F45-F112-40d9-90FC-8216F433668A}:477.2780.fc8a432.0 MSG:aDMnXyfcWhnoANVzzbk7vWKvx86s7xlaC7xccbhVtQg==
[AVG.SCHED] INFO 2013-04-15 18:45:13,261 MAC-AZURE PID:1696 THID:2092 ID:{00224F45-F112-40d9-90FC-8216F433668A}:479.2780.fc8a432.0 MSG:*
[AVG.SCHED] INFO 2013-04-15 18:45:13,261 MAC-AZURE PID:1696 THID:2092 ID:{00224F45-F112-40d9-90FC-8216F433668A}:504.2780.fc8a432.0 MSG:aBUSkeamTf119r0X2m184NWR/UdnRXtPftFtnpby7usKFu4/hlExjIqQ8Yjk02V64+XYnbDiunUPs+2n1
[AVG.SCHED] INFO 2013-04-15 18:45:13,261 MAC-AZURE PID:1696 THID:2092 ID:{00224F45-F112-40d9-90FC-8216F433668A}:504.2780.fc8a432.0 MSG:aAuF91dkT5dk4u5J7mp3kxLFnBm0hvmsQwPd1KvI+9G0XstYoq482wRlEM3jSUXODe6BPVNlStINm8Pm3
[AVG.SCHED] INFO 2013-04-15 18:45:13,261 MAC-AZURE PID:1696 THID:2092 ID:{00224F45-F112-40d9-90FC-8216F433668A}:504.2780.fc8a432.0 MSG:aBwx2NG2tC7cAoTBfBkaMqqxvz8TufxIbiseI14Mxj8kmDICfC4MQ2KFh5DMjHVIuLROK6nduKPkexIeC
[AVG.SCHED] INFO 2013-04-15 18:45:13,261 MAC-AZURE PID:1696 THID:2092 ID:{00224F45-F112-40d9-90FC-8216F433668A}:504.2780.fc8a432.0 MSG:aCYTZ21LLxhYgiDA3OwJfMXgBOnkRH2gIwxEztmsm7FF7EAwyhKSRtVYYm5MV8Au0VUwjmDO4YKxQnlTo
[AVG.SCHED] INFO 2013-04-15 18:45:13,261 MAC-AZURE PID:1696 THID:2092 ID:{00224F45-F112-40d9-90FC-8216F433668A}:504.2780.fc8a432.0 MSG:aCrCXUf5H5gHiqomWY9tOCKFCl6wFOxj9yTAToK5BYEIfP7/hI3ipVMysc23Q8jfd578CwXyTtNFQTqGZ
[AVG.SCHED] INFO 2013-04-15 18:45:13,261 MAC-AZURE PID:1696 THID:2092 ID:{00224F45-F112-40d9-90FC-8216F433668A}:504.2780.fc8a432.0 MSG:aA8raG73tncT9Sn7e5SW7fsPsKd3WkPU6brnUDPQXIzsWR+lWkxbwfTu5iSGy7RmJFzh4YgQOqxOfegWm
[AVG.SCHED] INFO 2013-04-15 18:45:13,261 MAC-AZURE PID:1696 THID:2092 ID:{00224F45-F112-40d9-90FC-8216F433668A}:504.2780.fc8a432.0 MSG:aDkxXujl+2qpb+ae88tU2JVuf9N8S5Px6I6WnsnLoy7DcKb2zDyOriAbGRzERewQYY7V/8uqR494g/iEw
[AVG.SCHED] INFO 2013-04-15 18:45:13,261 MAC-AZURE PID:1696 THID:2092 ID:{00224F45-F112-40d9-90FC-8216F433668A}:504.2780.fc8a432.0 MSG:aBORTM8h5srCFqnj2B2jNVvurjJ9QnwHZ4nsig4SgbZi2MFcJ2Q0OGWHLkkDKvuTU50ntPlBDy9dFFtx2
[AVG.SCHED] INFO 2013-04-15 18:45:13,261 MAC-AZURE PID:1696 THID:2092 ID:{00224F45-F112-40d9-90FC-8216F433668A}:504.2780.fc8a432.0 MSG:aBtfKZVsoBhydc3bcTZaobT3Kul+qbUy+tvFipwLoO31EQo4SotS2XQUPLXobJi5FKR/VJpBD95tRAhbO
[AVG.SCHED] INFO 2013-04-15 18:45:13,261 MAC-AZURE PID:1696 THID:2092 ID:{00224F45-F112-40d9-90FC-8216F433668A}:504.2780.fc8a432.0 MSG:aBUSkeamTf119r0X0n184NWR/UdnRXtPft1xnpL27usKFuozhlExjIqQ8YDk00le65WVRbDiunUPs+2n1
[AVG.SCHED] INFO 2013-04-15 18:45:13,261 MAC-AZURE PID:1696 THID:2092 ID:{00224F45-F112-40d9-90FC-8216F433668A}:504.2780.fc8a432.0 MSG:aDkxXujl+2qpb+ae99NU2JVuf9N8S5Px6IKGnsnDoyLTcLLuzDyOriAbGRzERfBIXdbZ+gOqR494g/iEw
[AVG.SCHED] INFO 2013-04-15 18:45:13,261 MAC-AZURE PID:1696 THID:2092 ID:{00224F45-F112-40d9-90FC-8216F433668A}:510.2780.fc8a432.0 MSG:*
[AVG.SCHED] INFO 2013-04-15 19:00:11,011 MAC-AZURE PID:1696 THID:2092 ID:{00224F45-F112-40d9-90FC-8216F433668A}:640.2780.fc8a432.0 MSG:aAQ5rhkV9deB/nzAqBID3zQ0NSID66xlw
[AVG.SCHED] INFO 2013-04-15 19:00:13,011 MAC-AZURE PID:1696 THID:2092 ID:{00224F45-F112-40d9-90FC-8216F433668A}:645.2780.fc8a432.0 MSG:aAQ5rhkV9deB/nzAqBID3zQ0NSID66xlw
[AVG.SCHED] INFO 2013-04-15 19:00:13,011 MAC-AZURE PID:1696 THID:2092 ID:{00224F45-F112-40d9-90FC-8216F433668A}:650.2780.fc8a432.0 MSG:aBtfKYkY3eVqPY2fPU4bgYD7Pq121Z0ijvfZxuwvjOmo=
[AVG.SCHED] INFO 2013-04-15 19:00:13,011 MAC-AZURE PID:1696 THID:2092 ID:{769AFB51-9EE7-4b1a-8BBD-B0BB5EEFA850}:897.2780.fc8a432.0 MSG:aBwx2I26wY48asWhdAFbAuq5vnNDvbwFi8r/t3IU7issxDoKeCoYAye974n85bzJOQmX/7Q==
[AVG.SCHED] INFO 2013-04-15 19:00:13,089 MAC-AZURE PID:1696 THID:2092 ID:{87648DE1-BF9F-4510-92A0-58E4846B327A}:88.2780.fc8a432.0 MSG:aCyImhJV6lSi01bL47kZxwJqqBvf5gcZafkN+1pAMNWPI5DCADLE/Xxbpf+vx8ujrgUUMXMEVnwCddMRnKmQ4+qQgbKewG6IU68Lm6PklFaKQukm18g==
[AVG.SCHED] INFO 2013-04-15 19:00:13,089 MAC-AZURE PID:1696 THID:2092 ID:{769AFB51-9EE7-4b1a-8BBD-B0BB5EEFA850}:956.2780.fc8a432.0 MSG:aAuF9wtoOjeEiq8p6mo2o1LNnVXkgrnhpuI8QIfM0928AstUpqoom0FdeNzTIOBDjFNVeUw==
[AVG.SCHED] INFO 2013-04-15 19:00:13,089 MAC-AZURE PID:1696 THID:2092 ID:{00224F45-F112-40d9-90FC-8216F433668A}:462.2780.fc8a432.0 MSG:*
[AVG.SCHED] INFO 2013-04-15 19:00:13,089 MAC-AZURE PID:1696 THID:2092 ID:{00224F45-F112-40d9-90FC-8216F433668A}:476.2780.fc8a432.0 MSG:aDkxXujl+2uZL47a7+cBzIg==
[AVG.SCHED] INFO 2013-04-15 19:00:13,089 MAC-AZURE PID:1696 THID:2092 ID:{00224F45-F112-40d9-90FC-8216F433668A}:477.2780.fc8a432.0 MSG:aBwx2NG2tC/kQsCNAAFLdu6t/z8X5fxYMisGE1o8ynA==
[AVG.SCHED] INFO 2013-04-15 19:00:13,089 MAC-AZURE PID:1696 THID:2092 ID:{00224F45-F112-40d9-90FC-8216F433668A}:479.2780.fc8a432.0 MSG:*
[AVG.SCHED] INFO 2013-04-15 19:00:13,089 MAC-AZURE PID:1696 THID:2092 ID:{00224F45-F112-40d9-90FC-8216F433668A}:504.2780.fc8a432.0 MSG:aALNbkW96peLjuFUD/FeMUjr6obhjFZCL5mnKqULRG5ITS4ucgKXmFnE1+siUk0PLO2VzKI7JlTXPiGJB
[AVG.SCHED] INFO 2013-04-15 19:00:13,089 MAC-AZURE PID:1696 THID:2092 ID:{00224F45-F112-40d9-90FC-8216F433668A}:504.2780.fc8a432.0 MSG:aCIZsD+TafKjNMF3eh34TPLOhpk+Q8N0dbaA1oBqulCwnxSKZI1p448vyDdTe2WoDuiJDYpt3S5QGmopJ
[AVG.SCHED] INFO 2013-04-15 19:00:13,089 MAC-AZURE PID:1696 THID:2092 ID:{00224F45-F112-40d9-90FC-8216F433668A}:504.2780.fc8a432.0 MSG:aDMnXyfcWhjQQJE/saFq+Sazh86kswleV7xEQbRdmUah7MBHZna4Iss651DXksWmQHp4GkgVoUBejuC92
[AVG.SCHED] INFO 2013-04-15 19:00:13,089 MAC-AZURE PID:1696 THID:2092 ID:{00224F45-F112-40d9-90FC-8216F433668A}:504.2780.fc8a432.0 MSG:aCrCXUf5H5gHiqomWZttOCKFCl6wFOxj9yTAToK5BYkofP7HhIXmtVMysc23Q4jbc+ddgwXyTtNFQTqGZ
[AVG.SCHED] INFO 2013-04-15 19:00:13,089 MAC-AZURE PID:1696 THID:2092 ID:{00224F45-F112-40d9-90FC-8216F433668A}:504.2780.fc8a432.0 MSG:aAQ5rkEN9AM4c8FRdDpDzjA8NSIPn6xl6o9QrskkOp/2TXvFM9eTuv2Zd6yKhkTU8LpYVDbBymT/E3PF8
[AVG.SCHED] INFO 2013-04-15 19:00:13,089 MAC-AZURE PID:1696 THID:2092 ID:{00224F45-F112-40d9-90FC-8216F433668A}:504.2780.fc8a432.0 MSG:aD/kLyVqmkENOzMrld7SxpZyk7nlGpBb6b7uD8nfhsFwpPD/AKx3dNg0br26t6aTw+1HHfoDlzmd3lwus
[AVG.SCHED] INFO 2013-04-15 19:00:13,089 MAC-AZURE PID:1696 THID:2092 ID:{00224F45-F112-40d9-90FC-8216F433668A}:504.2780.fc8a432.0 MSG:aCYTZ21LLxhYgiDA2PwJfMXgBOnkRH2gIwxIzt28m7Vh7FQUyhqWVtVYYmZMV9x27Q0Ak6jO4YKxQnlTo
[AVG.SCHED] INFO 2013-04-15 19:00:13,089 MAC-AZURE PID:1696 THID:2092 ID:{00224F45-F112-40d9-90FC-8216F433668A}:504.2780.fc8a432.0 MSG:aCIZsD+TafKjNMF3dj34TPLOhpk+Q8N0dbaM1oRGukyonwCaZIF9x48vyDdTewmkDujMgYpt3S5QGmopJ
[AVG.SCHED] INFO 2013-04-15 19:00:13,089 MAC-AZURE PID:1696 THID:2092 ID:{00224F45-F112-40d9-90FC-8216F433668A}:504.2780.fc8a432.0 MSG:aCYTZ21LLxhYgiDAlPQJfMXgBOnkRH2gIwxIzt2cm7Vh7FQ0yhqWVtVYYmpMV5gi8VVQz/zO4YKxQnlTo
[AVG.SCHED] INFO 2013-04-15 19:00:13,089 MAC-AZURE PID:1696 THID:2092 ID:{00224F45-F112-40d9-90FC-8216F433668A}:504.2780.fc8a432.0 MSG:aCIZsD+TafKjNMF3cgn4TPLOhpk+Q8N0dbqc1oRquli0nxSWZI1p448vyD9Te0mMBpjA1Ypt3S5QGmopJ
[AVG.SCHED] INFO 2013-04-15 19:00:13,089 MAC-AZURE PID:1696 THID:2092 ID:{00224F45-F112-40d9-90FC-8216F433668A}:504.2780.fc8a432.0 MSG:aCYTZ21LLxhYgiDA3OQJfMXgBOnkRH2gIwBYzt20m7lx7EAMyhqWVtVYYmZMV8Au0VUMlmDO4YKxQnlTo
[AVG.SCHED] INFO 2013-04-15 19:00:13,089 MAC-AZURE PID:1696 THID:2092 ID:{00224F45-F112-40d9-90FC-8216F433668A}:510.2780.fc8a432.0 MSG:*
[AVG.SCHED] INFO 2013-04-15 19:15:11,011 MAC-AZURE PID:1696 THID:2092 ID:{00224F45-F112-40d9-90FC-8216F433668A}:640.2780.fc8a432.0 MSG:aD/kL31ym5W0to66Af6S15J6k7npbpBbw
[AVG.SCHED] INFO 2013-04-15 19:15:13,011 MAC-AZURE PID:1696 THID:2092 ID:{00224F45-F112-40d9-90FC-8216F433668A}:645.2780.fc8a432.0 MSG:aD/kL31ym5W0to66Af6S15J6k7npbpBbw
[AVG.SCHED] INFO 2013-04-15 19:15:13,011 MAC-AZURE PID:1696 THID:2092 ID:{00224F45-F112-40d9-90FC-8216F433668A}:650.2780.fc8a432.0 MSG:aD/kLzke57wVc3Nv2aKT5qJ+h/3tZrhPiZL+Q73/qs0w=
[AVG.SCHED] INFO 2013-04-15 19:15:13,011 MAC-AZURE PID:1696 THID:2092 ID:{769AFB51-9EE7-4b1a-8BBD-B0BB5EEFA850}:897.2780.fc8a432.0 MSG:aD/kL3lm7+HtU3JL1daT9tZ6kvW1HtAWDF8Pm+X3rs1g+OTLBKhjNJ0MBqye3jceYlDayGw==
[AVG.SCHED] INFO 2013-04-15 19:15:13,089 MAC-AZURE PID:1696 THID:2092 ID:{87648DE1-BF9F-4510-92A0-58E4846B327A}:88.2780.fc8a432.0 MSG:aBtfKclg1biSHYy7MTobkfT/K6UurfV/A05V41AGOWz8RFcRf/8TAFBVKayYTC0Y3XxPGN/c/lu02EFrYArqm09PVgFF9VFkY2HR63FnlgB812qYJoA==
[AVG.SCHED] INFO 2013-04-15 19:15:13,089 MAC-AZURE PID:1696 THID:2092 ID:{769AFB51-9EE7-4b1a-8BBD-B0BB5EEFA850}:956.2780.fc8a432.0 MSG:aCyImhJV6lSi01bL47kZxwJqqBvf5gcZdY1wBr5hgVCKKs3bMUKRZB0i2Pf7ju+PxmCh8LQ==
[AVG.SCHED] INFO 2013-04-15 19:15:13,089 MAC-AZURE PID:1696 THID:2092 ID:{00224F45-F112-40d9-90FC-8216F433668A}:462.2780.fc8a432.0 MSG:*
[AVG.SCHED] INFO 2013-04-15 19:15:13,089 MAC-AZURE PID:1696 THID:2092 ID:{00224F45-F112-40d9-90FC-8216F433668A}:476.2780.fc8a432.0 MSG:aDMnXyfcWhngAPl7qZE/7Tg==
[AVG.SCHED] INFO 2013-04-15 19:15:13,089 MAC-AZURE PID:1696 THID:2092 ID:{00224F45-F112-40d9-90FC-8216F433668A}:477.2780.fc8a432.0 MSG:aCIZsD+TafObdIU7Ch2pCLbSxpk6H8dwKbaY5oRGtgQ==
[AVG.SCHED] INFO 2013-04-15 19:15:13,089 MAC-AZURE PID:1696 THID:2092 ID:{00224F45-F112-40d9-90FC-8216F433668A}:479.2780.fc8a432.0 MSG:*
[AVG.SCHED] INFO 2013-04-15 19:15:13,089 MAC-AZURE PID:1696 THID:2092 ID:{00224F45-F112-40d9-90FC-8216F433668A}:504.2780.fc8a432.0 MSG:aBtfKZVsoBhydc3bNT5aobT3Kul+qbUy+tvJipgnoOH1EQ4USotS2XQUPLHobKy5NKQqnQZBD95tRAhbO
[AVG.SCHED] INFO 2013-04-15 19:15:13,089 MAC-AZURE PID:1696 THID:2092 ID:{00224F45-F112-40d9-90FC-8216F433668A}:504.2780.fc8a432.0 MSG:aCrCXUf5H5gHiqomVY9tOCKFCl6wFOxj9yTAToKhBYUIfOr/hI3ipVMysc23Q+TXc+dsCwXyTtNFQTqGZ
[AVG.SCHED] INFO 2013-04-15 19:15:13,089 MAC-AZURE PID:1696 THID:2092 ID:{00224F45-F112-40d9-90FC-8216F433668A}:504.2780.fc8a432.0 MSG:aAuF91dkT5dk4u5J4nJ3kxLFnBm0hvmsQwPd1KvU+8m0XsNcoq482wRlEMXjSSnCDe6MrVNlStINm8Pm3
[AVG.SCHED] INFO 2013-04-15 19:15:13,089 MAC-AZURE PID:1696 THID:2092 ID:{00224F45-F112-40d9-90FC-8216F433668A}:504.2780.fc8a432.0 MSG:aAuF91dkT5dk4u5J4n53kxLFnBm0hvmsQwPd1KvQ+92UXt9goqY4ywRlEM3jSSnCDe6wtVNlStINm8Pm3
[AVG.SCHED] INFO 2013-04-15 19:15:13,089 MAC-AZURE PID:1696 THID:2092 ID:{00224F45-F112-40d9-90FC-8216F433668A}:504.2780.fc8a432.0 MSG:aALNbkW96peLjuFUA/VeMUjr6obhjFZCL5mnKqUXRGZYTT4+cgKXmFnE1+siUmEHKJQBzKI7JlTXPiGJB
[AVG.SCHED] INFO 2013-04-15 19:15:13,089 MAC-AZURE PID:1696 THID:2092 ID:{00224F45-F112-40d9-90FC-8216F433668A}:504.2780.fc8a432.0 MSG:aCYTZ21LLxhYgiDAlPAJfMXgBOnkRH2gIwxEztmYm7197EAwyhqWVtVYYmpMV5gi8VVIl+jO4YKxQnlTo
[AVG.SCHED] INFO 2013-04-15 19:15:13,089 MAC-AZURE PID:1696 THID:2092 ID:{00224F45-F112-40d9-90FC-8216F433668A}:504.2780.fc8a432.0 MSG:aBwx2NG2tC7cAoTBeAUaMqqxvz8TufxIbisSI1oYxi8gmDoafC4MQ2KFh5DMjGkQhOxCLmHduKPkexIeC
[AVG.SCHED] INFO 2013-04-15 19:15:13,089 MAC-AZURE PID:1696 THID:2092 ID:{00224F45-F112-40d9-90FC-8216F433668A}:504.2780.fc8a432.0 MSG:aDZralSWSgFAkiYW/esXlazLHvJS2RO0/3YrpnTu3ESFURW1uK7DXFjqbe6MTJUERgwv09oT5AGOBzAvo
[AVG.SCHED] INFO 2013-04-15 19:15:13,089 MAC-AZURE PID:1696 THID:2092 ID:{00224F45-F112-40d9-90FC-8216F433668A}:504.2780.fc8a432.0 MSG:aCIZsD+TafKjNMF3PhH4TPLOhpk+Q8N0dbaM1oRCuli0nxS2ZI1p448vyDNTe1GoLujYxBZt3S5QGmopJ
[AVG.SCHED] INFO 2013-04-15 19:15:13,089 MAC-AZURE PID:1696 THID:2092 ID:{00224F45-F112-40d9-90FC-8216F433668A}:504.2780.fc8a432.0 MSG:aCyImk5Zn/RCuxer761Y90JiqVeP4kdUkGCNkpZlqVSGds3LNUaFJFgasOrf52YmT608bKqZp/nb6Zohx
[AVG.SCHED] INFO 2013-04-15 19:15:13,089 MAC-AZURE PID:1696 THID:2092 ID:{00224F45-F112-40d9-90FC-8216F433668A}:504.2780.fc8a432.0 MSG:aCrCXUf5H5gHiqomWZNtOCKFCl6wFOxj9yjcToahBYEcfP77hI3ipVMyscW3Q4jbc+dhmwXyTtNFQTqGZ
[AVG.SCHED] INFO 2013-04-15 19:15:13,089 MAC-AZURE PID:1696 THID:2092 ID:{00224F45-F112-40d9-90FC-8216F433668A}:510.2780.fc8a432.0 MSG:*
[AVG.SCHED] INFO 2013-04-15 19:28:34,981 MAC-AZURE PID:1696 THID:2092 ID:{00224F45-F112-40d9-90FC-8216F433668A}:640.2780.fc8a432.0 MSG:aCrCXR/hHky+Bxe3hactKGKNClq8YOxz3
[AVG.SCHED] INFO 2013-04-15 19:28:34,981 MAC-AZURE PID:1696 THID:2092 ID:{00224F45-F112-40d9-90FC-8216F433668A}:650.2780.fc8a432.0 MSG:aBtfKYkY3eVqPY2fPU4bgYD7Pq121Z0qrvfR2uwLqOmo=
[AVG.SCHED] INFO 2013-04-15 19:28:34,981 MAC-AZURE PID:1696 THID:2092 ID:{00224F45-F112-40d9-90FC-8216F433668A}:742.2780.fc8a432.0 MSG:*
[AVG.SCHED] INFO 2013-04-15 19:28:34,981 MAC-AZURE PID:1696 THID:2092 ID:{769AFB51-9EE7-4b1a-8BBD-B0BB5EEFA850}:353.2780.fc8a432.0 MSG:aA8raDL7w9fznWibO5zX3bsHsKsk=
[AVG.SCHED] INFO 2013-04-15 19:28:34,981 MAC-AZURE PID:1696 THID:2092 ID:{769AFB51-9EE7-4b1a-8BBD-B0BB5EEFA850}:353.2780.fc8a432.0 MSG:aCIZsGOfHFJDXIAXfh25fLLGhpFs=
[AVG.SCHED] INFO 2013-04-15 19:28:34,981 MAC-AZURE PID:1696 THID:2092 ID:{00224F45-F112-40d9-90FC-8216F433668A}:462.2780.fc8a432.0 MSG:*
[AVG.SCHED] INFO 2013-04-15 19:28:34,981 MAC-AZURE PID:1696 THID:2092 ID:{00224F45-F112-40d9-90FC-8216F433668A}:476.2780.fc8a432.0 MSG:aCyImk5Zn/Vy+3/r55EV51w==
[AVG.SCHED] INFO 2013-04-15 19:28:34,981 MAC-AZURE PID:1696 THID:2092 ID:{00224F45-F112-40d9-90FC-8216F433668A}:477.2780.fc8a432.0 MSG:aBUSkeamTfxNtvlbqmktpJGNvUdjGXN/ItlprrbawrQ==
[AVG.SCHED] INFO 2013-04-15 19:28:34,981 MAC-AZURE PID:1696 THID:2092 ID:{00224F45-F112-40d9-90FC-8216F433668A}:479.2780.fc8a432.0 MSG:*
[AVG.SCHED] INFO 2013-04-15 19:28:34,981 MAC-AZURE PID:1696 THID:2092 ID:{00224F45-F112-40d9-90FC-8216F433668A}:504.2780.fc8a432.0 MSG:aBwx2NG2tC7cAoTBcAUaMqqxvz8TufxIbiseI14UxiMgmD4WfC4MQ2KFh5jMjBlEuLRHu6nduKPkexIeC
[AVG.SCHED] INFO 2013-04-15 19:28:34,981 MAC-AZURE PID:1696 THID:2092 ID:{00224F45-F112-40d9-90FC-8216F433668A}:504.2780.fc8a432.0 MSG:aD/kLyVqmkENOzMr0dbSxpZyk7nlGpBb6b7uD8nzhsFopOTHAKx3dNg0brm6t5KT4+0OjHIDlzmd3lwus
[AVG.SCHED] INFO 2013-04-15 19:28:34,981 MAC-AZURE PID:1696 THID:2092 ID:{00224F45-F112-40d9-90FC-8216F433668A}:504.2780.fc8a432.0 MSG:aDZralSWSgFAkiYW/dMXlazLHvJS2RO0/3YnpnDe3ECdUQmhuKLXeFjqbeaMTJUERgxnz9oT5AGOBzAvo
[AVG.SCHED] INFO 2013-04-15 19:28:34,981 MAC-AZURE PID:1696 THID:2092 ID:{00224F45-F112-40d9-90FC-8216F433668A}:504.2780.fc8a432.0 MSG:aA8raG73tncT9Sn7M4iW7fsPsKd3WkPU6brnUDPkXIDUWR+lWkRf0fTu5iCGy+xqBFyZ+AAQOqxOfegWm
[AVG.SCHED] INFO 2013-04-15 19:28:34,981 MAC-AZURE PID:1696 THID:2092 ID:{00224F45-F112-40d9-90FC-8216F433668A}:504.2780.fc8a432.0 MSG:aA8raG73tncT9Sn7M5yW7fsPsKd3WkPU6brnUDPkXIj0WR+dWkxbwfTu5iCGy6xuACU4cAAQOqxOfegWm
[AVG.SCHED] INFO 2013-04-15 19:28:34,981 MAC-AZURE PID:1696 THID:2092 ID:{00224F45-F112-40d9-90FC-8216F433668A}:504.2780.fc8a432.0 MSG:aA8raG73tncT9Sn7e5SW7fsPsKd3WkPU6brnUDPQXIzsWR+lWkxbwfTu5iSGy7RmJFzh4YgQOqxOfegWm
[AVG.SCHED] INFO 2013-04-15 19:28:34,981 MAC-AZURE PID:1696 THID:2092 ID:{00224F45-F112-40d9-90FC-8216F433668A}:504.2780.fc8a432.0 MSG:aALNbkW96peLjuFUB/FeMUjr6obhjFZCL5mrKqEHRGpcTSoicgKXmFnE1+MiUj1bELWQWWo7JlTXPiGJB
[AVG.SCHED] INFO 2013-04-15 19:28:34,981 MAC-AZURE PID:1696 THID:2092 ID:{00224F45-F112-40d9-90FC-8216F433668A}:504.2780.fc8a432.0 MSG:aDZralSWSgFAkiYW/esXlazLHvJS2RO0/3YrpnTu3ESFURW1uK7DXFjqbe6MTJUERgwv09oT5AGOBzAvo
[AVG.SCHED] INFO 2013-04-15 19:28:34,981 MAC-AZURE PID:1696 THID:2092 ID:{00224F45-F112-40d9-90FC-8216F433668A}:504.2780.fc8a432.0 MSG:aALNbkW96peLjuFUS/leMUjr6obhjFZCL5mrKqEnRGpcTSoCcgKXmFnE1+8iUnkPDO3ABT47JlTXPiGJB
[AVG.SCHED] INFO 2013-04-15 19:28:34,981 MAC-AZURE PID:1696 THID:2092 ID:{00224F45-F112-40d9-90FC-8216F433668A}:504.2780.fc8a432.0 MSG:aCyImk5Zn/RCuxer761Y90JiqVeP4kdUkGCNkpZlqVSGds3LNUaFJFgasOrf52YmT608bKqZp/nb6Zohx
[AVG.SCHED] INFO 2013-04-15 19:28:34,981 MAC-AZURE PID:1696 THID:2092 ID:{00224F45-F112-40d9-90FC-8216F433668A}:504.2780.fc8a432.0 MSG:aDZralSWSgFAkiYW/dcXlazLHvJS2RO0/3o7pnTC3FyJURWhuKLXeFjqbeaMTJUERgxnz9oT5AGOBzAvo
[AVG.SCHED] INFO 2013-04-15 19:28:34,981 MAC-AZURE PID:1696 THID:2092 ID:{00224F45-F112-40d9-90FC-8216F433668A}:510.2780.fc8a432.0 MSG:*
[AVG.SCHED] INFO 2013-04-15 19:28:39,981 MAC-AZURE PID:1696 THID:2092 ID:{00224F45-F112-40d9-90FC-8216F433668A}:640.2780.fc8a432.0 MSG:aBwx2ImutfpljzlQoClaIuq5vzsfzfxYR
[AVG.SCHED] INFO 2013-04-15 19:28:39,981 MAC-AZURE PID:1696 THID:2092 ID:{00224F45-F112-40d9-90FC-8216F433668A}:650.2780.fc8a432.0 MSG:aA8raHKDy4oLvWm/N+jXzc8DpON/JmvMvZb/NEfUVICs=
[AVG.SCHED] INFO 2013-04-15 19:28:39,981 MAC-AZURE PID:1696 THID:2092 ID:{00224F45-F112-40d9-90FC-8216F433668A}:738.2780.fc8a432.0 MSG:*
[AVG.SCHED] INFO 2013-04-15 19:28:39,981 MAC-AZURE PID:1696 THID:2092 ID:{00224F45-F112-40d9-90FC-8216F433668A}:462.2780.fc8a432.0 MSG:*
[AVG.SCHED] INFO 2013-04-15 19:28:39,981 MAC-AZURE PID:1696 THID:2092 ID:{00224F45-F112-40d9-90FC-8216F433668A}:476.2780.fc8a432.0 MSG:aA8raG73tnYjtUG7P7Tb0eQ==
[AVG.SCHED] INFO 2013-04-15 19:28:39,981 MAC-AZURE PID:1696 THID:2092 ID:{00224F45-F112-40d9-90FC-8216F433668A}:477.2780.fc8a432.0 MSG:aA8raG73tnYrtW23T5zHqb8T8KdzBkvktbLXYBPQcNg==
[AVG.SCHED] INFO 2013-04-15 19:28:39,981 MAC-AZURE PID:1696 THID:2092 ID:{00224F45-F112-40d9-90FC-8216F433668A}:479.2780.fc8a432.0 MSG:*
[AVG.SCHED] INFO 2013-04-15 19:28:39,981 MAC-AZURE PID:1696 THID:2092 ID:{00224F45-F112-40d9-90FC-8216F433668A}:504.2780.fc8a432.0 MSG:aD/kLyVqmkENOzMr0dLSxpZyk7nlGpBb6b7uD8n3hsVspODXAKx3dNg0brm6t5KT4+0KjHIDlzmd3lwus
[AVG.SCHED] INFO 2013-04-15 19:28:39,981 MAC-AZURE PID:1696 THID:2092 ID:{00224F45-F112-40d9-90FC-8216F433668A}:504.2780.fc8a432.0 MSG:aBwx2NG2tC7cAoTBcAEaMqqxvz8TufxIbiseI14QxickmDoGfC4MQ2KFh5jMjBlEuLRDu6nduKPkexIeC
[AVG.SCHED] INFO 2013-04-15 19:28:39,981 MAC-AZURE PID:1696 THID:2092 ID:{00224F45-F112-40d9-90FC-8216F433668A}:504.2780.fc8a432.0 MSG:aCYTZ21LLxhYgiDA3OAJfMXgBOnkRH2gIwxEztmom6Vl7FwMyhqWVtVYYmZMV8Au0VUMlmDO4YKxQnlTo
[AVG.SCHED] INFO 2013-04-15 19:28:39,981 MAC-AZURE PID:1696 THID:2092 ID:{00224F45-F112-40d9-90FC-8216F433668A}:504.2780.fc8a432.0 MSG:aD/kLyVqmkENOzMr3cLSxpZyk7nlGpBb6b7uD8nrhs1IpPD/AKRzZNg0brm6t/6f4+0/BHIDlzmd3lwus
[AVG.SCHED] INFO 2013-04-15 19:28:39,981 MAC-AZURE PID:1696 THID:2092 ID:{00224F45-F112-40d9-90FC-8216F433668A}:504.2780.fc8a432.0 MSG:aDMnXyfcWhjQQJE/sblq+Sazh86kswleV7xEQbRZmVqh7NxDZna4Iss651jXkoWiRAPlikgVoUBejuC92
[AVG.SCHED] INFO 2013-04-15 19:28:39,981 MAC-AZURE PID:1696 THID:2092 ID:{00224F45-F112-40d9-90FC-8216F433668A}:504.2780.fc8a432.0 MSG:aBtfKZVsoBhydc3bcTJaobT3Kul+qbUy+tvJipgPoOXpER48SotS2XQUPLXobJi5FKRnDI5BD95tRAhbO
[AVG.SCHED] INFO 2013-04-15 19:28:39,981 MAC-AZURE PID:1696 THID:2092 ID:{00224F45-F112-40d9-90FC-8216F433668A}:504.2780.fc8a432.0 MSG:aBORTM8h5srCFqnj3DmjNVvurjJ9QnwHZ4nsig42gaJ+2NVQJ2ggHGWHLkEDKufLb8VjrTFBDy9dFFtx2
[AVG.SCHED] INFO 2013-04-15 19:28:39,981 MAC-AZURE PID:1696 THID:2092 ID:{00224F45-F112-40d9-90FC-8216F433668A}:504.2780.fc8a432.0 MSG:aBwx2NG2tC7cAoTBfCEaMqqxvz8TufxIbisSI1o8xjs8mC4WfCIYZ2KFh5jMjHVIuLQGN6nduKPkexIeC
[AVG.SCHED] INFO 2013-04-15 19:28:39,981 MAC-AZURE PID:1696 THID:2092 ID:{00224F45-F112-40d9-90FC-8216F433668A}:504.2780.fc8a432.0 MSG:aAQ5rkEN9AM4c8FRPDZDzjA8NSIPn6xl6o9crs0UOpPyTW/5M9eTuv2Zd6iKhlzc1MOZnarBymT/E3PF8
[AVG.SCHED] INFO 2013-04-15 19:28:39,981 MAC-AZURE PID:1696 THID:2092 ID:{00224F45-F112-40d9-90FC-8216F433668A}:504.2780.fc8a432.0 MSG:aBORTM8h5srCFqnj3CmjNVvurjJ9QnwHZ4X8ig4+gaJ+2NVQJ2ggHGWHLkEDKru7W+0r4PlBDy9dFFtx2
[AVG.SCHED] INFO 2013-04-15 19:28:39,981 MAC-AZURE PID:1696 THID:2092 ID:{00224F45-F112-40d9-90FC-8216F433668A}:504.2780.fc8a432.0 MSG:aBORTM8h5srCFqnj2CGjNVvurjJ9QnwHZ4X8ig4+ga5u2MFIJ2ggHGWHLkEDKvuTU51vqPlBDy9dFFtx2
[AVG.SCHED] INFO 2013-04-15 19:28:39,981 MAC-AZURE PID:1696 THID:2092 ID:{00224F45-F112-40d9-90FC-8216F433668A}:510.2780.fc8a432.0 MSG:*
[AVG.SCHED] INFO 2013-04-15 19:30:11,012 MAC-AZURE PID:1696 THID:2092 ID:{00224F45-F112-40d9-90FC-8216F433668A}:640.2780.fc8a432.0 MSG:aDkxXrD9+r4Q4lsPK+cUyZFmf9NwP5Pxw
[AVG.SCHED] INFO 2013-04-15 19:30:13,012 MAC-AZURE PID:1696 THID:2092 ID:{00224F45-F112-40d9-90FC-8216F433668A}:645.2780.fc8a432.0 MSG:aCIZsGeLaCYauXzmqjW4XfbGhpkyN8N0X
[AVG.SCHED] INFO 2013-04-15 19:30:13,012 MAC-AZURE PID:1696 THID:2092 ID:{00224F45-F112-40d9-90FC-8216F433668A}:650.2780.fc8a432.0 MSG:aBORTNNVmzfaXumn3EniFW/iunZ1PlQbE6Xwxn4yraog=
[AVG.SCHED] INFO 2013-04-15 19:30:13,012 MAC-AZURE PID:1696 THID:2092 ID:{769AFB51-9EE7-4b1a-8BBD-B0BB5EEFA850}:897.2780.fc8a432.0 MSG:aCIZsGOfHFJDXIAXfh25fLLGh9VuR4M5kFdhQqxukly4wxSGYIl9o8oXoCpjEsAlj1VdRZQ==
[AVG.SCHED] INFO 2013-04-15 19:30:13,090 MAC-AZURE PID:1696 THID:2092 ID:{87648DE1-BF9F-4510-92A0-58E4846B327A}:88.2780.fc8a432.0 MSG:aAuF9wtoOjeEiq8p6mo2o1LNnVXkgrnhupZBvWPtYli5C5ZNl9p9AiAkBdCTacRv5DbguIr4u1fUB4rWh+MHigAfjN+H/b7rdfbyeao3uzLa5dxo7Kw==
[AVG.SCHED] INFO 2013-04-15 19:30:13,090 MAC-AZURE PID:1696 THID:2092 ID:{769AFB51-9EE7-4b1a-8BBD-B0BB5EEFA850}:956.2780.fc8a432.0 MSG:aCYTZzFHWri46mGg1PhITIXoBaW0QD3txu2lWvWws7FtsFQEzh6CFpBgCnN8PgmvUOjVTnw==
[AVG.SCHED] INFO 2013-04-15 19:30:13,090 MAC-AZURE PID:1696 THID:2092 ID:{00224F45-F112-40d9-90FC-8216F433668A}:462.2780.fc8a432.0 MSG:*
[AVG.SCHED] INFO 2013-04-15 19:30:13,090 MAC-AZURE PID:1696 THID:2092 ID:{00224F45-F112-40d9-90FC-8216F433668A}:476.2780.fc8a432.0 MSG:aCrCXUf5H5k3ysJiQac4LDw==
[AVG.SCHED] INFO 2013-04-15 19:30:13,090 MAC-AZURE PID:1696 THID:2092 ID:{00224F45-F112-40d9-90FC-8216F433668A}:477.2780.fc8a432.0 MSG:aBwx2NG2tC/kQsCNAAFLdu6t/z8X5fBYMisGE1o47nA==
[AVG.SCHED] INFO 2013-04-15 19:30:13,090 MAC-AZURE PID:1696 THID:2092 ID:{00224F45-F112-40d9-90FC-8216F433668A}:479.2780.fc8a432.0 MSG:*
[AVG.SCHED] INFO 2013-04-15 19:30:13,090 MAC-AZURE PID:1696 THID:2092 ID:{00224F45-F112-40d9-90FC-8216F433668A}:504.2780.fc8a432.0 MSG:aAQ5rkEN9AM4c8FReD5DzjA8NSIPn6xl6o9Qrsk4OoPmTWvVM9eTuv2Zd6yKhmjc9MPMVDbBymT/E3PF8
[AVG.SCHED] INFO 2013-04-15 19:30:13,090 MAC-AZURE PID:1696 THID:2092 ID:{00224F45-F112-40d9-90FC-8216F433668A}:504.2780.fc8a432.0 MSG:aDZralSWSgFAkiYW8csXlazLHvJS2RO0/3YnpnDC3FidUQGluKLXeFjqbe6MTPkIRgxqX9oT5AGOBzAvo
[AVG.SCHED] INFO 2013-04-15 19:30:13,090 MAC-AZURE PID:1696 THID:2092 ID:{00224F45-F112-40d9-90FC-8216F433668A}:504.2780.fc8a432.0 MSG:aCyImk5Zn/RCuxer66FY90JiqVeP4kdUkGyRkpJ5qUSCdsXTNUaFJFgasOrf5yYOR914JKqZp/nb6Zohx
[AVG.SCHED] INFO 2013-04-15 19:30:13,090 MAC-AZURE PID:1696 THID:2092 ID:{00224F45-F112-40d9-90FC-8216F433668A}:504.2780.fc8a432.0 MSG:aAuF91dkT5dk4u5J4n53kxLFnBm0hvmsQwPd1KvQ+92UXt9goqY4ywRlEM3jSSnCDe6wtVNlStINm8Pm3
[AVG.SCHED] INFO 2013-04-15 19:30:13,090 MAC-AZURE PID:1696 THID:2092 ID:{00224F45-F112-40d9-90FC-8216F433668A}:504.2780.fc8a432.0 MSG:aCYTZ21LLxhYgiDA3PgJfMXgBOnkRH2gIwxEztmsm7ll7EAIyhqWVtVYYm5MV4Aq1SyRBmDO4YKxQnlTo
[AVG.SCHED] INFO 2013-04-15 19:30:13,090 MAC-AZURE PID:1696 THID:2092 ID:{00224F45-F112-40d9-90FC-8216F433668A}:504.2780.fc8a432.0 MSG:aBUSkeamTf119r0XnmF84NWR/UdnRXtPftFtnpba7uMWFv4XhlExjIqQ8Yzk01F6w+WVDDjiunUPs+2n1
[AVG.SCHED] INFO 2013-04-15 19:30:13,090 MAC-AZURE PID:1696 THID:2092 ID:{00224F45-F112-40d9-90FC-8216F433668A}:504.2780.fc8a432.0 MSG:aD/kLyVqmkENOzMr2dLSxpZyk7nlGpBb6b7iD837hslspOTbAKx3dNg0brG6t+LH37UPGboDlzmd3lwus
[AVG.SCHED] INFO 2013-04-15 19:30:13,090 MAC-AZURE PID:1696 THID:2092 ID:{00224F45-F112-40d9-90FC-8216F433668A}:504.2780.fc8a432.0 MSG:aDZralSWSgFAkiYW/esXlazLHvJS2RO0/3YrpnTu3ESFURW1uK7DXFjqbe6MTJUERgwv09oT5AGOBzAvo
[AVG.SCHED] INFO 2013-04-15 19:30:13,090 MAC-AZURE PID:1696 THID:2092 ID:{00224F45-F112-40d9-90FC-8216F433668A}:504.2780.fc8a432.0 MSG:aDkxXujl+2qpb+aev8NU2JVuf9N8S5Px6I6Wnsnroy7DcKbWzDyOriAbGRDERahEfdaFo5+qR494g/iEw
[AVG.SCHED] INFO 2013-04-15 19:30:13,090 MAC-AZURE PID:1696 THID:2092 ID:{00224F45-F112-40d9-90FC-8216F433668A}:504.2780.fc8a432.0 MSG:aCIZsD+TafKjNMF3cgn4TPLOhpk+Q8N0dbqc1oRquli0nxSWZI1p448vyD9Te0mMBpjA1Ypt3S5QGmopJ
[AVG.SCHED] INFO 2013-04-15 19:30:13,090 MAC-AZURE PID:1696 THID:2092 ID:{00224F45-F112-40d9-90FC-8216F433668A}:504.2780.fc8a432.0 MSG:aCIZsD+TafKjNMF3dgH4TPLOhpk+Q8N0dbqc1oRqulSknwCOZI1p448vyD9TewmkDuiEnYpt3S5QGmopJ
[AVG.SCHED] INFO 2013-04-15 19:30:13,090 MAC-AZURE PID:1696 THID:2092 ID:{00224F45-F112-40d9-90FC-8216F433668A}:510.2780.fc8a432.0 MSG:*
[AVG.SCHED] INFO 2013-04-15 19:45:11,012 MAC-AZURE PID:1696 THID:2092 ID:{00224F45-F112-40d9-90FC-8216F433668A}:640.2780.fc8a432.0 MSG:aALNbh2l60MyA1zF390eIEzj6obt+FZCB
[AVG.SCHED] INFO 2013-04-15 19:45:13,012 MAC-AZURE PID:1696 THID:2092 ID:{00224F45-F112-40d9-90FC-8216F433668A}:645.2780.fc8a432.0 MSG:aCIZsGeLaCYauXzmqjW4XfbGhpkyN8N0X
[AVG.SCHED] INFO 2013-04-15 19:45:13,012 MAC-AZURE PID:1696 THID:2092 ID:{00224F45-F112-40d9-90FC-8216F433668A}:650.2780.fc8a432.0 MSG:aDMnXzuoJ+XICNF7tc0r2RK/k4qszyFeN5BUDcBNtV74=
[AVG.SCHED] INFO 2013-04-15 19:45:13,012 MAC-AZURE PID:1696 THID:2092 ID:{769AFB51-9EE7-4b1a-8BBD-B0BB5EEFA850}:897.2780.fc8a432.0 MSG:aCYTZzFHWri46mGg1PhITIXoBaW0QD3txu2lWvWws7FtsFQEzh6CFpBgCm9oPgmvUOjVTnw==
[AVG.SCHED] INFO 2013-04-15 19:45:13,090 MAC-AZURE PID:1696 THID:2092 ID:{87648DE1-BF9F-4510-92A0-58E4846B327A}:88.2780.fc8a432.0 MSG:aDkxXrTpjspJB6f+/88V6NVmfp8sT9O8ERsG9wXmOq/KJfv/+UjPdwRaDAm0ZR3ltA6179o3tgqhH7G0mBYH0KzhOHY4fAoWuHv6rr+SmHldTj+iJGA==
[AVG.SCHED] INFO 2013-04-15 19:45:13,090 MAC-AZURE PID:1696 THID:2092 ID:{769AFB51-9EE7-4b1a-8BBD-B0BB5EEFA850}:956.2780.fc8a432.0 MSG:aBwx2I26wY48asWhdAFbAuq5vnNDvbwFi8r/t3IU7issxDoKeCoYAye975no5bzJOQmX87Q==
[AVG.SCHED] INFO 2013-04-15 19:45:13,090 MAC-AZURE PID:1696 THID:2092 ID:{00224F45-F112-40d9-90FC-8216F433668A}:462.2780.fc8a432.0 MSG:*
[AVG.SCHED] INFO 2013-04-15 19:45:13,090 MAC-AZURE PID:1696 THID:2092 ID:{00224F45-F112-40d9-90FC-8216F433668A}:476.2780.fc8a432.0 MSG:aDkxXujl+2uZL47a7+cBzIg==
[AVG.SCHED] INFO 2013-04-15 19:45:13,090 MAC-AZURE PID:1696 THID:2092 ID:{00224F45-F112-40d9-90FC-8216F433668A}:477.2780.fc8a432.0 MSG:aCrCXUf5H5k/yu5qJY88fGaZSl60SPxnqyTYfoaJLdA==
[AVG.SCHED] INFO 2013-04-15 19:45:13,090 MAC-AZURE PID:1696 THID:2092 ID:{00224F45-F112-40d9-90FC-8216F433668A}:479.2780.fc8a432.0 MSG:*
[AVG.SCHED] INFO 2013-04-15 19:45:13,090 MAC-AZURE PID:1696 THID:2092 ID:{00224F45-F112-40d9-90FC-8216F433668A}:504.2780.fc8a432.0 MSG:aBwx2NG2tC7cAoTBcAUaMqqxvz8TufxIbiseI14Qxi8gmD4WfC4MQ2KFh5jMjBlEuLRHu6nduKPkexIeC
[AVG.SCHED] INFO 2013-04-15 19:45:13,090 MAC-AZURE PID:1696 THID:2092 ID:{00224F45-F112-40d9-90FC-8216F433668A}:504.2780.fc8a432.0 MSG:aDkxXujl+2qpb+ae+89U2JVuf9N8S5Px6I6ans3DoybHcKbqzDyOriAbGRTERZxEXdbUagOqR494g/iEw
[AVG.SCHED] INFO 2013-04-15 19:45:13,090 MAC-AZURE PID:1696 THID:2092 ID:{00224F45-F112-40d9-90FC-8216F433668A}:504.2780.fc8a432.0 MSG:aBwx2NG2tC7cAoTBfBkaMqqxvz8TufxIbiseI14Mxj8kmDICfC4MQ2KFh5DMjHVIuLROK6nduKPkexIeC
[AVG.SCHED] INFO 2013-04-15 19:45:13,090 MAC-AZURE PID:1696 THID:2092 ID:{00224F45-F112-40d9-90FC-8216F433668A}:504.2780.fc8a432.0 MSG:aALNbkW96peLjuFUA+FeMUjr6obhjFZCL5mnKqUXRG54TT4GcgqTiFnE1+siUiEDLO2gRKI7JlTXPiGJB
[AVG.SCHED] INFO 2013-04-15 19:45:13,090 MAC-AZURE PID:1696 THID:2092 ID:{00224F45-F112-40d9-90FC-8216F433668A}:504.2780.fc8a432.0 MSG:aCrCXUf5H5gHiqomWY9tOCKFCl6wFOxj9yTAToK5BYEIfP7/hI3ipVMysc23Q8jfd578CwXyTtNFQTqGZ
[AVG.SCHED] INFO 2013-04-15 19:45:13,090 MAC-AZURE PID:1696 THID:2092 ID:{00224F45-F112-40d9-90FC-8216F433668A}:504.2780.fc8a432.0 MSG:aCrCXUf5H5gHiqomEYdtOCKFCl6wFOxj9yTAToKNBYUQfP7HhI3ipVMyscm3Q9DXU+clmo3yTtNFQTqGZ
[AVG.SCHED] INFO 2013-04-15 19:45:13,090 MAC-AZURE PID:1696 THID:2092 ID:{00224F45-F112-40d9-90FC-8216F433668A}:504.2780.fc8a432.0 MSG:aDMnXyfcWhjQQJE/tb1q+Sazh86kswleV7xIQbBJmVal7MhfZna4Iss651DXktn+fCJ0H4AVoUBejuC92
[AVG.SCHED] INFO 2013-04-15 19:45:13,090 MAC-AZURE PID:1696 THID:2092 ID:{00224F45-F112-40d9-90FC-8216F433668A}:504.2780.fc8a432.0 MSG:aDZralSWSgFAkiYW/esXlazLHvJS2RO0/3YrpnTu3ESFURW1uK7DXFjqbe6MTJUERgwv09oT5AGOBzAvo
[AVG.SCHED] INFO 2013-04-15 19:45:13,090 MAC-AZURE PID:1696 THID:2092 ID:{00224F45-F112-40d9-90FC-8216F433668A}:504.2780.fc8a432.0 MSG:aDZralSWSgFAkiYWtccXlazLHvJS2RO0/3YrpnTq3FCZUQGZuKLXeFjqbeqMTM0IZgw7lkYT5AGOBzAvo
[AVG.SCHED] INFO 2013-04-15 19:45:13,090 MAC-AZURE PID:1696 THID:2092 ID:{00224F45-F112-40d9-90FC-8216F433668A}:504.2780.fc8a432.0 MSG:aCyImk5Zn/RCuxer761Y90JiqVeP4kdUkGCNkpZlqVSGds3LNUaFJFgasOrf52YmT608bKqZp/nb6Zohx
[AVG.SCHED] INFO 2013-04-15 19:45:13,090 MAC-AZURE PID:1696 THID:2092 ID:{00224F45-F112-40d9-90FC-8216F433668A}:504.2780.fc8a432.0 MSG:aBUSkeamTf119r0X1nV84NWR/UdnRXtPft1xnpL27ucaFv4rhlExjIqQ8YDk0wl24+XRDbDiunUPs+2n1
[AVG.SCHED] INFO 2013-04-15 19:45:13,090 MAC-AZURE PID:1696 THID:2092 ID:{00224F45-F112-40d9-90FC-8216F433668A}:510.2780.fc8a432.0 MSG:*
[AVG.SCHED] INFO 2013-04-15 20:00:11,013 MAC-AZURE PID:1696 THID:2092 ID:{00224F45-F112-40d9-90FC-8216F433668A}:640.2780.fc8a432.0 MSG:aDkxXrD9+r4Q4lsPK+cUyZFmf9NwP5Pxw
[AVG.SCHED] INFO 2013-04-15 20:00:13,013 MAC-AZURE PID:1696 THID:2092 ID:{00224F45-F112-40d9-90FC-8216F433668A}:645.2780.fc8a432.0 MSG:aAuF9w98TkPdb1PYPkI3ghbNnBm48vmsa
[AVG.SCHED] INFO 2013-04-15 20:00:13,013 MAC-AZURE PID:1696 THID:2092 ID:{00224F45-F112-40d9-90FC-8216F433668A}:650.2780.fc8a432.0 MSG:aCIZsCPnFA+7fIEzcmm5bMbCkt02O+tkAZqQmvRmllTo=
[AVG.SCHED] INFO 2013-04-15 20:00:13,013 MAC-AZURE PID:1696 THID:2092 ID:{769AFB51-9EE7-4b1a-8BBD-B0BB5EEFA850}:897.2780.fc8a432.0 MSG:aCrCXRv1ajjn4utGUY8sCGKNCxLgEKwuEsUh2q6lLYkAIOrzgIn25RYO2dyHKkFa8lq4Rxg==
[AVG.SCHED] INFO 2013-04-15 20:00:13,091 MAC-AZURE PID:1696 THID:2092 ID:{87648DE1-BF9F-4510-92A0-58E4846B327A}:88.2780.fc8a432.0 MSG:aAuF9wtoOjeEiq8p6mo2o1LNnVXkgrnhupZBvWPtYli5C5ZNl9p9AiAkBdCTacRv5DbguIr4u1fUB4rWh+MHigAfjN+H/b7rdfbyeao3uzLa5dxo7Kw==
[AVG.SCHED] INFO 2013-04-15 20:00:13,091 MAC-AZURE PID:1696 THID:2092 ID:{769AFB51-9EE7-4b1a-8BBD-B0BB5EEFA850}:956.2780.fc8a432.0 MSG:aA8raDL7w9fznWibO5zX3bsHsesnXgOZDFsGxB/4dID8BQuRXkhPgbHSjjG2oiXrheF8PBw==
[AVG.SCHED] INFO 2013-04-15 20:00:13,091 MAC-AZURE PID:1696 THID:2092 ID:{00224F45-F112-40d9-90FC-8216F433668A}:462.2780.fc8a432.0 MSG:*
[AVG.SCHED] INFO 2013-04-15 20:00:13,091 MAC-AZURE PID:1696 THID:2092 ID:{00224F45-F112-40d9-90FC-8216F433668A}:476.2780.fc8a432.0 MSG:aCyImk5Zn/Vy+3/v85EN41w==
[AVG.SCHED] INFO 2013-04-15 20:00:13,091 MAC-AZURE PID:1696 THID:2092 ID:{00224F45-F112-40d9-90FC-8216F433668A}:477.2780.fc8a432.0 MSG:aA8raG73tnYrtW23T5zHqb8T8Kd3BkPEtbr/YDfUcNg==
[AVG.SCHED] INFO 2013-04-15 20:00:13,091 MAC-AZURE PID:1696 THID:2092 ID:{00224F45-F112-40d9-90FC-8216F433668A}:479.2780.fc8a432.0 MSG:*
[AVG.SCHED] INFO 2013-04-15 20:00:13,091 MAC-AZURE PID:1696 THID:2092 ID:{00224F45-F112-40d9-90FC-8216F433668A}:504.2780.fc8a432.0 MSG:aDZralSWSgFAkiYW8c8XlazLHvJS2RO0/3YnpnDC3FSNUQW1uKLXeFjqbe6MTPkIRgxuX9oT5AGOBzAvo
[AVG.SCHED] INFO 2013-04-15 20:00:13,091 MAC-AZURE PID:1696 THID:2092 ID:{00224F45-F112-40d9-90FC-8216F433668A}:504.2780.fc8a432.0 MSG:aBORTM8h5srCFqnj1D2jNVvurjJ9QnwHZ4ngigo+gap62NVMJ2ggHGWHLkkDKpefU51iOPlBDy9dFFtx2
[AVG.SCHED] INFO 2013-04-15 20:00:13,091 MAC-AZURE PID:1696 THID:2092 ID:{00224F45-F112-40d9-90FC-8216F433668A}:504.2780.fc8a432.0 MSG:aBUSkeamTf119r0X1nF84NWR/UdnRXtPftFtnpbq7vsOFuIrhlExjIqQ8YDk0wl24+XRDbDiunUPs+2n1
[AVG.SCHED] INFO 2013-04-15 20:00:13,091 MAC-AZURE PID:1696 THID:2092 ID:{00224F45-F112-40d9-90FC-8216F433668A}:504.2780.fc8a432.0 MSG:aCrCXUf5H5gHiqomWZttOCKFCl6wFOxj9yTAToK5BYkofP7HhIXmtVMysc23Q4jbc+ddgwXyTtNFQTqGZ
[AVG.SCHED] INFO 2013-04-15 20:00:13,091 MAC-AZURE PID:1696 THID:2092 ID:{00224F45-F112-40d9-90FC-8216F433668A}:504.2780.fc8a432.0 MSG:aBwx2NG2tC7cAoTBfAEaMqqxvz8TufxIbiseI14IxiMkmC4GfC4MQ2KFh5jMjDVMvM3Tu6nduKPkexIeC
[AVG.SCHED] INFO 2013-04-15 20:00:13,091 MAC-AZURE PID:1696 THID:2092 ID:{00224F45-F112-40d9-90FC-8216F433668A}:504.2780.fc8a432.0 MSG:aAQ5rkEN9AM4c8FRPDJDzjA8NSIPn6xl6o9QrskQOpvuTXv9M9eTuv2Zd6iKhlzc1MOBxb7BymT/E3PF8
[AVG.SCHED] INFO 2013-04-15 20:00:13,091 MAC-AZURE PID:1696 THID:2092 ID:{00224F45-F112-40d9-90FC-8216F433668A}:504.2780.fc8a432.0 MSG:aDZralSWSgFAkiYW+c8XlazLHvJS2RO0/3YrpnTK3FCZUQG5uKLXeFjqbeaMTIlcelRryhIT5AGOBzAvo
[AVG.SCHED] INFO 2013-04-15 20:00:13,091 MAC-AZURE PID:1696 THID:2092 ID:{00224F45-F112-40d9-90FC-8216F433668A}:504.2780.fc8a432.0 MSG:aCYTZ21LLxhYgiDA3NgJfMXgBOnkRH2gIwxIzt2Ym6F97EAYyhaCctVYYm5MV8Au0VVEimDO4YKxQnlTo
[AVG.SCHED] INFO 2013-04-15 20:00:13,091 MAC-AZURE PID:1696 THID:2092 ID:{00224F45-F112-40d9-90FC-8216F433668A}:504.2780.fc8a432.0 MSG:aCIZsD+TafKjNMF3PhH4TPLOhpk+Q8N0dbaM1oRCuli0nxS2ZI1p448vyDNTe1GoLujYxBZt3S5QGmopJ
[AVG.SCHED] INFO 2013-04-15 20:00:13,091 MAC-AZURE PID:1696 THID:2092 ID:{00224F45-F112-40d9-90FC-8216F433668A}:504.2780.fc8a432.0 MSG:aA8raG73tncT9Sn7N4iW7fsPsKd3WkPU6bb7UDf8XITwWQuBWkxbwfTu5iiGy6xCDCzhqAAQOqxOfegWm
[AVG.SCHED] INFO 2013-04-15 20:00:13,091 MAC-AZURE PID:1696 THID:2092 ID:{00224F45-F112-40d9-90FC-8216F433668A}:504.2780.fc8a432.0 MSG:aAuF91dkT5dk4u5J4nZ3kxLFnBm0hvmsQw/B1K/I+9WgXt9coq482wRlEMXjSSnCDe6MrVNlStINm8Pm3
[AVG.SCHED] INFO 2013-04-15 20:00:13,091 MAC-AZURE PID:1696 THID:2092 ID:{00224F45-F112-40d9-90FC-8216F433668A}:510.2780.fc8a432.0 MSG:*
[AVG.SCHED] INFO 2013-04-15 20:15:11,013 MAC-AZURE PID:1696 THID:2092 ID:{00224F45-F112-40d9-90FC-8216F433668A}:640.2780.fc8a432.0 MSG:aCYTZzVTLszhD51RANBJbcHoBOnoMH2gC
[AVG.SCHED] INFO 2013-04-15 20:15:13,013 MAC-AZURE PID:1696 THID:2092 ID:{00224F45-F112-40d9-90FC-8216F433668A}:645.2780.fc8a432.0 MSG:aA8raDbvt6OqeJRq77TW/P8HsKd7LkPUw
[AVG.SCHED] INFO 2013-04-15 20:15:13,013 MAC-AZURE PID:1696 THID:2092 ID:{00224F45-F112-40d9-90FC-8216F433668A}:650.2780.fc8a432.0 MSG:aCIZsCPnFA+7fIEzcmm5bMbCkt02O+tgFZqQmvRmllTo=
[AVG.SCHED] INFO 2013-04-15 20:15:13,013 MAC-AZURE PID:1696 THID:2092 ID:{769AFB51-9EE7-4b1a-8BBD-B0BB5EEFA850}:897.2780.fc8a432.0 MSG:aD/kL3lm7+HtU3JL1daT9tZ6kvW1HtAWDF8Pm+X3rs1g+OTLBKhjNJ0IBqye3jceYlDawGw==
[AVG.SCHED] INFO 2013-04-15 20:15:13,091 MAC-AZURE PID:1696 THID:2092 ID:{87648DE1-BF9F-4510-92A0-58E4846B327A}:88.2780.fc8a432.0 MSG:aCIZsGOfHFJDXIAXfh25fLLGh9VuR4M5jCMcv0hPI9m9ykmfUfkoOqtu3SojW+QJ5zDoiFPwLKuJhiMZfn3ZzNSOEJjvCpiOsiDdRz5ANO067sboZmg==
[AVG.SCHED] INFO 2013-04-15 20:15:13,091 MAC-AZURE PID:1696 THID:2092 ID:{769AFB51-9EE7-4b1a-8BBD-B0BB5EEFA850}:956.2780.fc8a432.0 MSG:aD/kL3lm7+HtU3JL1daT9tZ6kvW1HtAWDF8Pm+X3rs1g+OTLBKhjNJ0IBqye3jceYlDawGw==
[AVG.SCHED] INFO 2013-04-15 20:15:13,091 MAC-AZURE PID:1696 THID:2092 ID:{00224F45-F112-40d9-90FC-8216F433668A}:462.2780.fc8a432.0 MSG:*
[AVG.SCHED] INFO 2013-04-15 20:15:13,091 MAC-AZURE PID:1696 THID:2092 ID:{00224F45-F112-40d9-90FC-8216F433668A}:476.2780.fc8a432.0 MSG:aA8raG73tnYjtUG7L7TD0eQ==
[AVG.SCHED] INFO 2013-04-15 20:15:13,091 MAC-AZURE PID:1696 THID:2092 ID:{00224F45-F112-40d9-90FC-8216F433668A}:477.2780.fc8a432.0 MSG:aDZralSWSgB40mJagctG0ejXXvJShRewo3Y/lnTq8Aw==
[AVG.SCHED] INFO 2013-04-15 20:15:13,091 MAC-AZURE PID:1696 THID:2092 ID:{00224F45-F112-40d9-90FC-8216F433668A}:479.2780.fc8a432.0 MSG:*
[AVG.SCHED] INFO 2013-04-15 20:15:13,091 MAC-AZURE PID:1696 THID:2092 ID:{00224F45-F112-40d9-90FC-8216F433668A}:504.2780.fc8a432.0 MSG:aA8raG73tncT9Sn7P5yW7fsPsKd3WkPU6brnUDP8XIz0WQudWkxbwfTu5iCGy4BmBFyocAAQOqxOfegWm
[AVG.SCHED] INFO 2013-04-15 20:15:13,091 MAC-AZURE PID:1696 THID:2092 ID:{00224F45-F112-40d9-90FC-8216F433668A}:504.2780.fc8a432.0 MSG:aCYTZ21LLxhYgiDA0PwJfMXgBOnkRH2gIwxEztm0m7lh7FAYyhqWVtVYYm5MV6wi0VUFBmDO4YKxQnlTo
[AVG.SCHED] INFO 2013-04-15 20:15:13,091 MAC-AZURE PID:1696 THID:2092 ID:{00224F45-F112-40d9-90FC-8216F433668A}:504.2780.fc8a432.0 MSG:aD/kLyVqmkENOzMr3c7SxpZyk7nlGpBb6b7uD8nvhtlopOzDAKx3dNg0brG6t/6f4+0DHHIDlzmd3lwus
[AVG.SCHED] INFO 2013-04-15 20:15:13,091 MAC-AZURE PID:1696 THID:2092 ID:{00224F45-F112-40d9-90FC-8216F433668A}:504.2780.fc8a432.0 MSG:aCrCXUf5H5gHiqomWZttOCKFCl6wFOxj9yTAToK5BYkofP7HhIXmtVMysc23Q4jbc+ddgwXyTtNFQTqGZ
[AVG.SCHED] INFO 2013-04-15 20:15:13,091 MAC-AZURE PID:1696 THID:2092 ID:{00224F45-F112-40d9-90FC-8216F433668A}:504.2780.fc8a432.0 MSG:aCyImk5Zn/RCuxer67lY90JiqVeP4kdUkGyRkpJ9qViCdtnXNUaFJFgasOLf52YKQ6TltKqZp/nb6Zohx
[AVG.SCHED] INFO 2013-04-15 20:15:13,091 MAC-AZURE PID:1696 THID:2092 ID:{00224F45-F112-40d9-90FC-8216F433668A}:504.2780.fc8a432.0 MSG:aBtfKZVsoBhydc3bcTJaobT3Kul+qbUy+tvJipgPoOXpER48SotS2XQUPLXobJi5FKRnDI5BD95tRAhbO
[AVG.SCHED] INFO 2013-04-15 20:15:13,091 MAC-AZURE PID:1696 THID:2092 ID:{00224F45-F112-40d9-90FC-8216F433668A}:504.2780.fc8a432.0 MSG:aBUSkeamTf119r0X0m184NWR/UdnRXtPftFhnpL+7usKFuozhlExjIqQ8YDk0xUu373dCHjiunUPs+2n1
[AVG.SCHED] INFO 2013-04-15 20:15:13,091 MAC-AZURE PID:1696 THID:2092 ID:{00224F45-F112-40d9-90FC-8216F433668A}:504.2780.fc8a432.0 MSG:aBwx2NG2tC7cAoTBfCEaMqqxvz8TufxIbisSI1o8xjs8mC4WfCIYZ2KFh5jMjHVIuLQGN6nduKPkexIeC
[AVG.SCHED] INFO 2013-04-15 20:15:13,091 MAC-AZURE PID:1696 THID:2092 ID:{00224F45-F112-40d9-90FC-8216F433668A}:504.2780.fc8a432.0 MSG:aCIZsD+TafKjNMF3PhH4TPLOhpk+Q8N0dbaM1oRCuli0nxS2ZI1p448vyDNTe1GoLujYxBZt3S5QGmopJ
[AVG.SCHED] INFO 2013-04-15 20:15:13,091 MAC-AZURE PID:1696 THID:2092 ID:{00224F45-F112-40d9-90FC-8216F433668A}:504.2780.fc8a432.0 MSG:aAQ5rkEN9AM4c8FRcC5DzjA8NSIPn6xl6oNMrs08OpPyTW/ZM9eTuv2Zd6SKhkT4/LOBjDbBymT/E3PF8
[AVG.SCHED] INFO 2013-04-15 20:15:13,091 MAC-AZURE PID:1696 THID:2092 ID:{00224F45-F112-40d9-90FC-8216F433668A}:504.2780.fc8a432.0 MSG:aD/kLyVqmkENOzMr3crSxpZyk7nlGpBb6bLyD83zhsV8pPDDAKx3dNg0brG6t/6f4+0DHHIDlzmd3lwus
[AVG.SCHED] INFO 2013-04-15 20:15:13,091 MAC-AZURE PID:1696 THID:2092 ID:{00224F45-F112-40d9-90FC-8216F433668A}:510.2780.fc8a432.0 MSG:*
[AVG.SCHED] INFO 2013-04-15 20:21:05,013 MAC-AZURE PID:1696 THID:2092 ID:{00224F45-F112-40d9-90FC-8216F433668A}:640.2780.fc8a432.0 MSG:aAuF9w98TkPdb1PYPkI3ghbNnBm48vmsa
[AVG.SCHED] INFO 2013-04-15 20:21:07,013 MAC-AZURE PID:1696 THID:2092 ID:{00224F45-F112-40d9-90FC-8216F433668A}:645.2780.fc8a432.0 MSG:aDkxXrD9+r4Q4lsPK+cUyZFmf9NwP5Pxw
[AVG.SCHED] INFO 2013-04-15 20:21:07,013 MAC-AZURE PID:1696 THID:2092 ID:{00224F45-F112-40d9-90FC-8216F433668A}:650.2780.fc8a432.0 MSG:aALNblnJl2qTxqEQB4EfEXzn/sLp9H5aX7WzdtEDaGYA=
[AVG.SCHED] INFO 2013-04-15 20:21:07,013 MAC-AZURE PID:1696 THID:2092 ID:{769AFB51-9EE7-4b1a-8BBD-B0BB5EEFA850}:897.2780.fc8a432.0 MSG:aBORTJMtk2oifuiD0D3iBRvmr3ItRjxKgmgBHiY6qaZyhNVAI2w0XCC7RlA3QzYC0iC2dOQ==
[AVG.SCHED] INFO 2013-04-15 20:21:07,107 MAC-AZURE PID:1696 THID:2092 ID:{87648DE1-BF9F-4510-92A0-58E4846B327A}:88.2780.fc8a432.0 MSG:aD/kL3lm7+HtU3JL1daT9tZ6kvm1HtAWECtyZgHWH0hl8bnSNdg2rfx1e6TKlxMyCjVvCaueZrxEQhUe6zaPP5UT7Qf182s9HC8vG5WLHmdeUtPIuHakT4Wy+g+4r+68bZTQ03CoewyZfCaMiuZs=
[AVG.SCHED] INFO 2013-04-15 20:21:07,107 MAC-AZURE PID:1696 THID:2092 ID:{769AFB51-9EE7-4b1a-8BBD-B0BB5EEFA850}:956.2780.fc8a432.0 MSG:aCIZsGOfHFJDXIAXfh25fLLGh9luR4M5kFdhQqxukly4wxSGYIl9o8oToC5nEsQ1j1VdQZQ==
[AVG.SCHED] INFO 2013-04-15 20:21:07,107 MAC-AZURE PID:1696 THID:2092 ID:{00224F45-F112-40d9-90FC-8216F433668A}:462.2780.fc8a432.0 MSG:*
[AVG.SCHED] INFO 2013-04-15 20:21:07,107 MAC-AZURE PID:1696 THID:2092 ID:{00224F45-F112-40d9-90FC-8216F433668A}:476.2780.fc8a432.0 MSG:aAuF91dkT5ZUooYJzkI2tww==
[AVG.SCHED] INFO 2013-04-15 20:21:07,107 MAC-AZURE PID:1696 THID:2092 ID:{00224F45-F112-40d9-90FC-8216F433668A}:477.2780.fc8a432.0 MSG:aD/kLyVqmkA1e3dnodaDgtJu07nlRphPtbrmP8n/spQ==
[AVG.SCHED] INFO 2013-04-15 20:21:07,107 MAC-AZURE PID:1696 THID:2092 ID:{00224F45-F112-40d9-90FC-8216F433668A}:479.2780.fc8a432.0 MSG:*
[AVG.SCHED] INFO 2013-04-15 20:21:07,107 MAC-AZURE PID:1696 THID:2092 ID:{00224F45-F112-40d9-90FC-8216F433668A}:504.2780.fc8a432.0 MSG:aBwx2NG2tC7cAoTBcAUaMqqxvz8TufxIbiseI14QxiMgmD4WfC4MQ2KFh5jMjBlEuLRHu6nduKPkexIeC
[AVG.SCHED] INFO 2013-04-15 20:21:07,107 MAC-AZURE PID:1696 THID:2092 ID:{00224F45-F112-40d9-90FC-8216F433668A}:504.2780.fc8a432.0 MSG:aDMnXyfcWhjQQJE/saFq+Sazh86kswleV7xEQbRdmUah7MBHZna4Iss651DXksWmQHp4GkgVoUBejuC92
[AVG.SCHED] INFO 2013-04-15 20:21:07,107 MAC-AZURE PID:1696 THID:2092 ID:{00224F45-F112-40d9-90FC-8216F433668A}:504.2780.fc8a432.0 MSG:aCyImk5Zn/RCuxer661Y90JiqVeP4kdUkGyRkpJ9qVCidtnvNU6BNFgasOLf5yYOR91EPKqZp/nb6Zohx
[AVG.SCHED] INFO 2013-04-15 20:21:07,107 MAC-AZURE PID:1696 THID:2092 ID:{00224F45-F112-40d9-90FC-8216F433668A}:504.2780.fc8a432.0 MSG:aAuF91dkT5dk4u5J4mp3kxLFnBm0hvmsQwPd1KvQ+9W0Xt9Yoq482wRlEM3jSWnGCZcRPVNlStINm8Pm3
[AVG.SCHED] INFO 2013-04-15 20:21:07,107 MAC-AZURE PID:1696 THID:2092 ID:{00224F45-F112-40d9-90FC-8216F433668A}:504.2780.fc8a432.0 MSG:aBUSkeamTf119r0XnmF84NWR/UdnRXtPftFtnpba7uMWFv4XhlExjIqQ8Yzk01F6w+WVDDjiunUPs+2n1
[AVG.SCHED] INFO 2013-04-15 20:21:07,107 MAC-AZURE PID:1696 THID:2092 ID:{00224F45-F112-40d9-90FC-8216F433668A}:504.2780.fc8a432.0 MSG:aCYTZ21LLxhYgiDA2PwJfMXgBOnkRH2gIwxIzt28m7Vh7FQUyhqWVtVYYmZMV9x27Q0Ak6jO4YKxQnlTo
[AVG.SCHED] INFO 2013-04-15 20:21:07,107 MAC-AZURE PID:1696 THID:2092 ID:{00224F45-F112-40d9-90FC-8216F433668A}:504.2780.fc8a432.0 MSG:aBtfKZVsoBhydc3bORpaobT3Kul+qbUy+tvFipwPoPnpER4USodG/XQUPLHobMC1NKRrEQZBD95tRAhbO
[AVG.SCHED] INFO 2013-04-15 20:21:07,107 MAC-AZURE PID:1696 THID:2092 ID:{00224F45-F112-40d9-90FC-8216F433668A}:504.2780.fc8a432.0 MSG:aALNbkW96peLjuFUS/leMUjr6obhjFZCL5mrKqEnRGpcTSoCcgKXmFnE1+8iUnkPDO3ABT47JlTXPiGJB
[AVG.SCHED] INFO 2013-04-15 20:21:07,107 MAC-AZURE PID:1696 THID:2092 ID:{00224F45-F112-40d9-90FC-8216F433668A}:504.2780.fc8a432.0 MSG:aDZralSWSgFAkiYW8csXlazLHvJS2RO0/3YrpnDC3FidUQGluKLXeFjqbe6MTPkIRgxqX9oT5AGOBzAvo
[AVG.SCHED] INFO 2013-04-15 20:21:07,107 MAC-AZURE PID:1696 THID:2092 ID:{00224F45-F112-40d9-90FC-8216F433668A}:504.2780.fc8a432.0 MSG:aA8raG73tncT9Sn7N4iW7fsPsKd3WkPU6bb7UDf8XITwWQuBWkxbwfTu5iiGy6xCDCzhqAAQOqxOfegWm
[AVG.SCHED] INFO 2013-04-15 20:21:07,107 MAC-AZURE PID:1696 THID:2092 ID:{00224F45-F112-40d9-90FC-8216F433668A}:504.2780.fc8a432.0 MSG:aBwx2NG2tC7cAoTBfB0aMqqxvz8TufxIbicCI1oQxiMwmC4CfC4MQ2KFh5DMjHVIuLROK6nduKPkexIeC
[AVG.SCHED] INFO 2013-04-15 20:21:07,107 MAC-AZURE PID:1696 THID:2092 ID:{00224F45-F112-40d9-90FC-8216F433668A}:510.2780.fc8a432.0 MSG:*
[AVG.SCHED] INFO 2013-04-15 20:30:11,013 MAC-AZURE PID:1696 THID:2092 ID:{00224F45-F112-40d9-90FC-8216F433668A}:640.2780.fc8a432.0 MSG:aCrCXR/hHky+Bxe3hactKSaNCl68YOxj3
[AVG.SCHED] INFO 2013-04-15 20:30:13,013 MAC-AZURE PID:1696 THID:2092 ID:{00224F45-F112-40d9-90FC-8216F433668A}:645.2780.fc8a432.0 MSG:aBUSkb6+TCnMewCGCkE88dGZ/UdrMXtPV
[AVG.SCHED] INFO 2013-04-15 20:30:13,013 MAC-AZURE PID:1696 THID:2092 ID:{00224F45-F112-40d9-90FC-8216F433668A}:650.2780.fc8a432.0 MSG:aCyImlIt4gla81fv780Z13ZuvROHmm9I5ECB3uZphVjY=
[AVG.SCHED] INFO 2013-04-15 20:30:13,013 MAC-AZURE PID:1696 THID:2092 ID:{769AFB51-9EE7-4b1a-8BBD-B0BB5EEFA850}:897.2780.fc8a432.0 MSG:aCrCXRv1ajjn4utGUY8sCGKNCxLgEKwuEsUh2q6lLYkAIOrzgIn25RYO2dCHKkFa8lq4Rxg==
[AVG.SCHED] INFO 2013-04-15 20:30:13,107 MAC-AZURE PID:1696 THID:2092 ID:{87648DE1-BF9F-4510-92A0-58E4846B327A}:88.2780.fc8a432.0 MSG:aCrCXRv1ajjn4utGUY8sCGKNCxLgEKwuDrFcJ0qEnAwFKbfqsfmjfHdzpNDHY2V2mj8Njtxvv1ac3XO2P9NIb0uay3WXYO7kFp62FhHSoZnqpUov6Dw==
[AVG.SCHED] INFO 2013-04-15 20:30:13,107 MAC-AZURE PID:1696 THID:2092 ID:{769AFB51-9EE7-4b1a-8BBD-B0BB5EEFA850}:956.2780.fc8a432.0 MSG:aCIZsGOfHFJDXIAXfh25fLLGh9VuR4M5kFdhQqxukly4wxSGYIl9o8oToCpjEsAlj1VdQZQ==
[AVG.SCHED] INFO 2013-04-15 20:30:13,107 MAC-AZURE PID:1696 THID:2092 ID:{00224F45-F112-40d9-90FC-8216F433668A}:462.2780.fc8a432.0 MSG:*
[AVG.SCHED] INFO 2013-04-15 20:30:13,107 MAC-AZURE PID:1696 THID:2092 ID:{00224F45-F112-40d9-90FC-8216F433668A}:476.2780.fc8a432.0 MSG:aCyImk5Zn/Vy+3/v85EN41w==
[AVG.SCHED] INFO 2013-04-15 20:30:13,107 MAC-AZURE PID:1696 THID:2092 ID:{00224F45-F112-40d9-90FC-8216F433668A}:477.2780.fc8a432.0 MSG:aCYTZ21LLxlgwmSMoPhYOIH8ROnkGHGwfwxc/tm4r+g==
[AVG.SCHED] INFO 2013-04-15 20:30:13,107 MAC-AZURE PID:1696 THID:2092 ID:{00224F45-F112-40d9-90FC-8216F433668A}:479.2780.fc8a432.0 MSG:*
[AVG.SCHED] INFO 2013-04-15 20:30:13,107 MAC-AZURE PID:1696 THID:2092 ID:{00224F45-F112-40d9-90FC-8216F433668A}:504.2780.fc8a432.0 MSG:aBUSkeamTf119r0X2m184NWR/UdnRXtPftFtnpb27vseFu4/hlExjIqQ8Yjk02V64+XYnbDiunUPs+2n1
[AVG.SCHED] INFO 2013-04-15 20:30:13,107 MAC-AZURE PID:1696 THID:2092 ID:{00224F45-F112-40d9-90FC-8216F433668A}:504.2780.fc8a432.0 MSG:aBtfKZVsoBhydc3bOSJaobT3Kul+qbUy+tvJipg/oP3xEQIASotS2XQUPLnobMC1NKQjDQZBD95tRAhbO
[AVG.SCHED] INFO 2013-04-15 20:30:13,107 MAC-AZURE PID:1696 THID:2092 ID:{00224F45-F112-40d9-90FC-8216F433668A}:504.2780.fc8a432.0 MSG:aA8raG73tncT9Sn7M4iW7fsPsKd3WkPU6brnUDPkXIDUWR+lWkRf0fTu5iCGy+xqBFyZ+AAQOqxOfegWm
[AVG.SCHED] INFO 2013-04-15 20:30:13,107 MAC-AZURE PID:1696 THID:2092 ID:{00224F45-F112-40d9-90FC-8216F433668A}:504.2780.fc8a432.0 MSG:aD/kLyVqmkENOzMr3dbSxpZyk7nlGpBb6b7uD8nrhsVopPDHAKx3dNg0brm6t76b55SejHIDlzmd3lwus
[AVG.SCHED] INFO 2013-04-15 20:30:13,107 MAC-AZURE PID:1696 THID:2092 ID:{00224F45-F112-40d9-90FC-8216F433668A}:504.2780.fc8a432.0 MSG:aBORTM8h5srCFqnjkDWjNVvurjJ9QnwHZ4ngigoSgapi2MF0J2ggHGWHLk0DKqOfc50rqXFBDy9dFFtx2
[AVG.SCHED] INFO 2013-04-15 20:30:13,107 MAC-AZURE PID:1696 THID:2092 ID:{00224F45-F112-40d9-90FC-8216F433668A}:504.2780.fc8a432.0 MSG:aD/kLyVqmkENOzMr2dLSxpZyk7nlGpBb6b7iD837hslspOTbAKx3dNg0brG6t+LH37UPGboDlzmd3lwus
[AVG.SCHED] INFO 2013-04-15 20:30:13,107 MAC-AZURE PID:1696 THID:2092 ID:{00224F45-F112-40d9-90FC-8216F433668A}:504.2780.fc8a432.0 MSG:aALNbkW96peLjuFUA9VeMUjr6obhjFZCL5mrKqEjRH5ATT4ucg6DvFnE1+siUiEDLO3UQKI7JlTXPiGJB
[AVG.SCHED] INFO 2013-04-15 20:30:13,107 MAC-AZURE PID:1696 THID:2092 ID:{00224F45-F112-40d9-90FC-8216F433668A}:504.2780.fc8a432.0 MSG:aALNbkW96peLjuFUS/leMUjr6obhjFZCL5mrKqEnRGpcTSoCcgKXmFnE1+8iUnkPDO3ABT47JlTXPiGJB
[AVG.SCHED] INFO 2013-04-15 20:30:13,107 MAC-AZURE PID:1696 THID:2092 ID:{00224F45-F112-40d9-90FC-8216F433668A}:504.2780.fc8a432.0 MSG:aCrCXUf5H5gHiqomVY9tOCKFCl6wFOxj9yTMToKhBYUIfOr/hI3ipVMysc23Q+TXc+dsCwXyTtNFQTqGZ
[AVG.SCHED] INFO 2013-04-15 20:30:13,107 MAC-AZURE PID:1696 THID:2092 ID:{00224F45-F112-40d9-90FC-8216F433668A}:504.2780.fc8a432.0 MSG:aBtfKZVsoBhydc3bPS5aobT3Kul+qbUy+tfVipwjoO31EQoYSotS2XQUPLnobICdPNRnRQZBD95tRAhbO
[AVG.SCHED] INFO 2013-04-15 20:30:13,107 MAC-AZURE PID:1696 THID:2092 ID:{00224F45-F112-40d9-90FC-8216F433668A}:504.2780.fc8a432.0 MSG:aAuF91dkT5dk4u5J4nZ3kxLFnBm0hvmsQw/B1K/I+9WgXt9coq482wRlEMXjSSnCDe6MrVNlStINm8Pm3
[AVG.SCHED] INFO 2013-04-15 20:30:13,107 MAC-AZURE PID:1696 THID:2092 ID:{00224F45-F112-40d9-90FC-8216F433668A}:510.2780.fc8a432.0 MSG:*
[AVG.SCHED] INFO 2013-04-15 20:45:11,001 MAC-AZURE PID:1696 THID:2092 ID:{00224F45-F112-40d9-90FC-8216F433668A}:640.2780.fc8a432.0 MSG:aBUSkb6+TCnMewCGCkE88dGZ/UdrMXtPV
[AVG.SCHED] INFO 2013-04-15 20:45:13,001 MAC-AZURE PID:1696 THID:2092 ID:{00224F45-F112-40d9-90FC-8216F433668A}:645.2780.fc8a432.0 MSG:aAQ5rhkV9deB/nzAqBID3zQ0NSID66xlw
[AVG.SCHED] INFO 2013-04-15 20:45:13,001 MAC-AZURE PID:1696 THID:2092 ID:{00224F45-F112-40d9-90FC-8216F433668A}:650.2780.fc8a432.0 MSG:aBORTNNVmzfaXumn3EniFW/iunZ1OlQHB6Xwxn4yqaYg=
[AVG.SCHED] INFO 2013-04-15 20:45:13,001 MAC-AZURE PID:1696 THID:2092 ID:{769AFB51-9EE7-4b1a-8BBD-B0BB5EEFA850}:897.2780.fc8a432.0 MSG:aD/kL3lm7+HtU3JL1daT9tZ6kvW1HtAWDF8Pm+X3rs1g+OTLBKhjNJ0IBrie3jceYlDeyGw==
[AVG.SCHED] INFO 2013-04-15 20:45:13,080 MAC-AZURE PID:1696 THID:2092 ID:{87648DE1-BF9F-4510-92A0-58E4846B327A}:88.2780.fc8a432.0 MSG:aCIZsGOfHFJDXIAXfh25fLLGh9VuR4M5jCMcv0hPI9m9ykmfUfkoOqtu3SojW+QJ5zDoiFPwLKuJhiMZfn3ZzNSOEJjvCpiOsiDdRz5ANO067sboZmg==
[AVG.SCHED] INFO 2013-04-15 20:45:13,080 MAC-AZURE PID:1696 THID:2092 ID:{769AFB51-9EE7-4b1a-8BBD-B0BB5EEFA850}:956.2780.fc8a432.0 MSG:aAuF9wtoOjeEiq8p6mo2o1LNnVXkgrnhpuI8QIfM0928AstUpqoom0FZeMzHIOBDjFNReUw==
[AVG.SCHED] INFO 2013-04-15 20:45:13,080 MAC-AZURE PID:1696 THID:2092 ID:{00224F45-F112-40d9-90FC-8216F433668A}:462.2780.fc8a432.0 MSG:*
[AVG.SCHED] INFO 2013-04-15 20:45:13,080 MAC-AZURE PID:1696 THID:2092 ID:{00224F45-F112-40d9-90FC-8216F433668A}:476.2780.fc8a432.0 MSG:aDkxXujl+2uZL47a7+cBzIg==
[AVG.SCHED] INFO 2013-04-15 20:45:13,080 MAC-AZURE PID:1696 THID:2092 ID:{00224F45-F112-40d9-90FC-8216F433668A}:477.2780.fc8a432.0 MSG:aBwx2NG2tC/kQsCNAAFLdu6t/z8T5exMMisGE1o87nA==
[AVG.SCHED] INFO 2013-04-15 20:45:13,080 MAC-AZURE PID:1696 THID:2092 ID:{00224F45-F112-40d9-90FC-8216F433668A}:479.2780.fc8a432.0 MSG:*
[AVG.SCHED] INFO 2013-04-15 20:45:13,080 MAC-AZURE PID:1696 THID:2092 ID:{00224F45-F112-40d9-90FC-8216F433668A}:504.2780.fc8a432.0 MSG:aAQ5rkEN9AM4c8FReD5DzjA8NSIPn6xl6o9QrskgOpPyTWvVM9eTuv2Zd6yKhmjc9MPMVDbBymT/E3PF8
[AVG.SCHED] INFO 2013-04-15 20:45:13,080 MAC-AZURE PID:1696 THID:2092 ID:{00224F45-F112-40d9-90FC-8216F433668A}:504.2780.fc8a432.0 MSG:aCrCXUf5H5gHiqomWZdtOCKFCl6wFOxj9yTAToK9BZ0IfOL7hI3ipVMyscW3Q4jbc+dhmwXyTtNFQTqGZ
[AVG.SCHED] INFO 2013-04-15 20:45:13,080 MAC-AZURE PID:1696 THID:2092 ID:{00224F45-F112-40d9-90FC-8216F433668A}:504.2780.fc8a432.0 MSG:aCIZsD+TafKjNMF3dgn4TPLOhpk+Q8N0dbaA1oByulyQnwCyZIVt848vyDdTewmkDui4hYpt3S5QGmopJ
[AVG.SCHED] INFO 2013-04-15 20:45:13,080 MAC-AZURE PID:1696 THID:2092 ID:{00224F45-F112-40d9-90FC-8216F433668A}:504.2780.fc8a432.0 MSG:aBwx2NG2tC7cAoTBfAEaMqqxvz8TufxIbiseI14IxiMkmC4GfC4MQ2KFh5jMjDVMvM3Tu6nduKPkexIeC
[AVG.SCHED] INFO 2013-04-15 20:45:13,080 MAC-AZURE PID:1696 THID:2092 ID:{00224F45-F112-40d9-90FC-8216F433668A}:504.2780.fc8a432.0 MSG:aCYTZ21LLxhYgiDAlPAJfMXgBOnkRH2gIwxEztmYm7197EAwyhqWVtVYYmpMV5gi8VVIl+jO4YKxQnlTo
[AVG.SCHED] INFO 2013-04-15 20:45:13,080 MAC-AZURE PID:1696 THID:2092 ID:{00224F45-F112-40d9-90FC-8216F433668A}:504.2780.fc8a432.0 MSG:aAQ5rkEN9AM4c8FRcD5DzjA8NSIPn6xl6o9crs00OpPyTW/ZM9eTuv2Zd6SKhhiIyJvJwf7BymT/E3PF8
[AVG.SCHED] INFO 2013-04-15 20:45:13,080 MAC-AZURE PID:1696 THID:2092 ID:{00224F45-F112-40d9-90FC-8216F433668A}:504.2780.fc8a432.0 MSG:aD/kLyVqmkENOzMr3fbSxpZyk7nlGpBb6b7iD83fht1wpPDXAKBjUNg0brm6t/6f4+1LAHIDlzmd3lwus
[AVG.SCHED] INFO 2013-04-15 20:45:13,080 MAC-AZURE PID:1696 THID:2092 ID:{00224F45-F112-40d9-90FC-8216F433668A}:504.2780.fc8a432.0 MSG:aA8raG73tncT9Sn7e5CW7fsPsKd3WkPU6brrUDfUXITwWQuhWkxbwfTu5iSGy7RmJFz5uZwQOqxOfegWm
[AVG.SCHED] INFO 2013-04-15 20:45:13,080 MAC-AZURE PID:1696 THID:2092 ID:{00224F45-F112-40d9-90FC-8216F433668A}:504.2780.fc8a432.0 MSG:aCYTZ21LLxhYgiDA0PgJfMXgBOnkRH2gIwxIztm0m71l7FQIyhqWVtVYYm5MV6wi0VUBBmDO4YKxQnlTo
[AVG.SCHED] INFO 2013-04-15 20:45:13,080 MAC-AZURE PID:1696 THID:2092 ID:{00224F45-F112-40d9-90FC-8216F433668A}:504.2780.fc8a432.0 MSG:aD/kLyVqmkENOzMr2cLSxpZyk7nlGpBb6bLyD83zhslspOTbAKx3dNg0brG6t763651HVHIDlzmd3lwus
[AVG.SCHED] INFO 2013-04-15 20:45:13,080 MAC-AZURE PID:1696 THID:2092 ID:{00224F45-F112-40d9-90FC-8216F433668A}:504.2780.fc8a432.0 MSG:aCYTZ21LLxhYgiDA3OQJfMXgBOnkRH2gIwBYzt20m7lx7EAMyhqWVtVYYmZMV8Au0VUMlmDO4YKxQnlTo
[AVG.SCHED] INFO 2013-04-15 20:45:13,080 MAC-AZURE PID:1696 THID:2092 ID:{00224F45-F112-40d9-90FC-8216F433668A}:510.2780.fc8a432.0 MSG:*
[AVG.SCHED] INFO 2013-04-15 21:00:11,001 MAC-AZURE PID:1696 THID:2092 ID:{00224F45-F112-40d9-90FC-8216F433668A}:640.2780.fc8a432.0 MSG:aA8raDbvt6OqeJRq77TW/P8HsKd7LkPUw
[AVG.SCHED] INFO 2013-04-15 21:00:13,001 MAC-AZURE PID:1696 THID:2092 ID:{00224F45-F112-40d9-90FC-8216F433668A}:645.2780.fc8a432.0 MSG:aBORTJc55x57mxRyBBXjJF/mrjJxNnwHT
[AVG.SCHED] INFO 2013-04-15 21:00:13,001 MAC-AZURE PID:1696 THID:2092 ID:{00224F45-F112-40d9-90FC-8216F433668A}:650.2780.fc8a432.0 MSG:aBORTNNVmzfaXumn3EniFW/iunZ1JlQXE6Xwxn4yqaYg=
[AVG.SCHED] INFO 2013-04-15 21:00:13,001 MAC-AZURE PID:1696 THID:2092 ID:{769AFB51-9EE7-4b1a-8BBD-B0BB5EEFA850}:897.2780.fc8a432.0 MSG:aCyImhJV6lSi01bL47kZxwJqqBvf5gcZdY1wBr5hgVCKKs3bMUKRZB062PPvju+PxmCl8LQ==
[AVG.SCHED] INFO 2013-04-15 21:00:13,095 MAC-AZURE PID:1696 THID:2092 ID:{87648DE1-BF9F-4510-92A0-58E4846B327A}:88.2780.fc8a432.0 MSG:aAuF9wtoOjeEiq8p6mo2o1LNnVXkgrnhupZBvWPtYli5C5ZNl9p9AiAkBdCTacRv5DbguIr4u1fUB4rWh+MHigAfjN+H/b7rdfbyeao3uzLa5dxo7Kw==
[AVG.SCHED] INFO 2013-04-15 21:00:13,095 MAC-AZURE PID:1696 THID:2092 ID:{769AFB51-9EE7-4b1a-8BBD-B0BB5EEFA850}:956.2780.fc8a432.0 MSG:aD/kL3lm7+HtU3JL1daT9tZ6kvW1HtAWDF8Pm+X3rs1g+OTLBKhjNJ0UBqiK3jceYlDeyGw==
[AVG.SCHED] INFO 2013-04-15 21:00:13,095 MAC-AZURE PID:1696 THID:2092 ID:{00224F45-F112-40d9-90FC-8216F433668A}:462.2780.fc8a432.0 MSG:*
[AVG.SCHED] INFO 2013-04-15 21:00:13,095 MAC-AZURE PID:1696 THID:2092 ID:{00224F45-F112-40d9-90FC-8216F433668A}:476.2780.fc8a432.0 MSG:aDkxXujl+2uZL47a7+cBzIg==
[AVG.SCHED] INFO 2013-04-15 21:00:13,095 MAC-AZURE PID:1696 THID:2092 ID:{00224F45-F112-40d9-90FC-8216F433668A}:477.2780.fc8a432.0 MSG:aBORTM8h5sv6Vu2vpD3ycR/y7jJhHnwXO4n4ug4Wvfw==
[AVG.SCHED] INFO 2013-04-15 21:00:13,095 MAC-AZURE PID:1696 THID:2092 ID:{00224F45-F112-40d9-90FC-8216F433668A}:479.2780.fc8a432.0 MSG:*
[AVG.SCHED] INFO 2013-04-15 21:00:13,095 MAC-AZURE PID:1696 THID:2092 ID:{00224F45-F112-40d9-90FC-8216F433668A}:504.2780.fc8a432.0 MSG:aALNbkW96peLjuFUD/FeMUjr6obhjFZCL5mnKqUTRG5ITS4ucgKXmFnE1+siUk0PLO2VzKI7JlTXPiGJB
[AVG.SCHED] INFO 2013-04-15 21:00:13,095 MAC-AZURE PID:1696 THID:2092 ID:{00224F45-F112-40d9-90FC-8216F433668A}:504.2780.fc8a432.0 MSG:aBORTM8h5srCFqnj2CWjNVvurjJ9QnwHZ4ngigoigbJ62N1IJ2ggHGWHLkEDKvuTU51vqPlBDy9dFFtx2
[AVG.SCHED] INFO 2013-04-15 21:00:13,095 MAC-AZURE PID:1696 THID:2092 ID:{00224F45-F112-40d9-90FC-8216F433668A}:504.2780.fc8a432.0 MSG:aA8raG73tncT9Sn7M4iW7fsPsKd3WkPU6brnUDPkXIDUWR+lWkRf0fTu5iCGy+xqBFyZ+AAQOqxOfegWm
[AVG.SCHED] INFO 2013-04-15 21:00:13,095 MAC-AZURE PID:1696 THID:2092 ID:{00224F45-F112-40d9-90FC-8216F433668A}:504.2780.fc8a432.0 MSG:aAuF91dkT5dk4u5J4mp3kxLFnBm0hvmsQwPd1KvQ+9W0Xt9Yoq482wRlEM3jSWnGCZcRPVNlStINm8Pm3
[AVG.SCHED] INFO 2013-04-15 21:00:13,095 MAC-AZURE PID:1696 THID:2092 ID:{00224F45-F112-40d9-90FC-8216F433668A}:504.2780.fc8a432.0 MSG:aBUSkeamTf119r0XnmF84NWR/UdnRXtPftFtnpba7uMWFv4XhlExjIqQ8Yzk01F6w+WVDDjiunUPs+2n1
[AVG.SCHED] INFO 2013-04-15 21:00:13,095 MAC-AZURE PID:1696 THID:2092 ID:{00224F45-F112-40d9-90FC-8216F433668A}:504.2780.fc8a432.0 MSG:aDkxXujl+2qpb+ae88tU2JVuf9N8S5Px6I6WnsnLoy7DcKb2zDyOriAbGRzERewQYY7V/8uqR494g/iEw
[AVG.SCHED] INFO 2013-04-15 21:00:13,095 MAC-AZURE PID:1696 THID:2092 ID:{00224F45-F112-40d9-90FC-8216F433668A}:504.2780.fc8a432.0 MSG:aBORTM8h5srCFqnj2B2jNVvurjJ9QnwHZ4nsig4SgbZi2MFcJ2Q0OGWHLkkDKvuTU50ntPlBDy9dFFtx2
[AVG.SCHED] INFO 2013-04-15 21:00:13,095 MAC-AZURE PID:1696 THID:2092 ID:{00224F45-F112-40d9-90FC-8216F433668A}:504.2780.fc8a432.0 MSG:aALNbkW96peLjuFUS/leMUjr6obhjFZCL5mrKqEnRGpcTSoCcgKXmFnE1+8iUnkPDO3ABT47JlTXPiGJB
[AVG.SCHED] INFO 2013-04-15 21:00:13,095 MAC-AZURE PID:1696 THID:2092 ID:{00224F45-F112-40d9-90FC-8216F433668A}:504.2780.fc8a432.0 MSG:aCrCXUf5H5gHiqomVY9tOCKFCl6wFOxj9yTMToKhBYUIfOr/hI3ipVMysc23Q+TXc+dsCwXyTtNFQTqGZ
[AVG.SCHED] INFO 2013-04-15 21:00:13,095 MAC-AZURE PID:1696 THID:2092 ID:{00224F45-F112-40d9-90FC-8216F433668A}:504.2780.fc8a432.0 MSG:aA8raG73tncT9Sn7N4iW7fsPsKd3WkPU6bb7UDf8XITwWQuBWkxbwfTu5iiGy6xCDCzhqAAQOqxOfegWm
[AVG.SCHED] INFO 2013-04-15 21:00:13,095 MAC-AZURE PID:1696 THID:2092 ID:{00224F45-F112-40d9-90FC-8216F433668A}:504.2780.fc8a432.0 MSG:aCIZsD+TafKjNMF3dgH4TPLOhpk+Q8N0dbqc1oRqulSknwCOZI1p448vyD9TewmkDuiEnYpt3S5QGmopJ
[AVG.SCHED] INFO 2013-04-15 21:00:13,095 MAC-AZURE PID:1696 THID:2092 ID:{00224F45-F112-40d9-90FC-8216F433668A}:510.2780.fc8a432.0 MSG:*
