[AVG.LOG.SM] ALL 2013-04-12 20:09:15,323 MAC-AZURE PID:1696 THID:1700 ID:AVG.LOG.SM:0.0.0.0 MSG:c00000000001943425760bAE2vHqGWWYcB9az/Ocl0q39dUtKrk2V9+u9K0QfTRREkVnYNjmDItZV+RvWFP21eo3GqX5pDavR1mn4gvL+gn5MNFRT6d/mjYz+hAHkaTL7neJbCQOZNM/vcXloUlQY3nDwtQAdwiKdQNzNBsafIb6v/OIptN2twwzFTiC70+LzYcxRAu8STjkYsHWC8a8hqaTaSX3rGlitFhzuhH4e6PFbQBJ3EA5/SfMmS+GICL83e2Tn5SdIg+VX8tiHqoeLDdfvVqRCDFMLq/21GAoPWE/c0trqqAgT5z35E0mKxUeItAAjMTTM4EK/wnB4zmvWuj2ZYW+SRJ8zrcUMX2Pd9NKo=
[AVG.IDPSDK] INFO 2013-04-15 19:43:23,153 MAC-AZURE PID:1696 THID:2072 ID:{89FB0EC8-FDD2-48a5GetName-BC0A-8F129E540367}:518.2780.fc8a432.0 MSG:*
[AVG.IDPSDK] INFO 2013-04-15 19:44:23,153 MAC-AZURE PID:1696 THID:2072 ID:{89FB0EC8-FDD2-48a5GetName-BC0A-8F129E540367}:464.2780.fc8a432.0 MSG:aAuF9wtoOjeEiq8p6mo2o1LNnB3k=
[AVG.IDPSDK] INFO 2013-04-15 19:44:23,153 MAC-AZURE PID:1696 THID:2072 ID:{89FB0EC8-FDD2-48a5GetName-BC0A-8F129E540367}:518.2780.fc8a432.0 MSG:*
[AVG.IDPSDK] INFO 2013-04-15 19:45:23,153 MAC-AZURE PID:1696 THID:2072 ID:{89FB0EC8-FDD2-48a5GetName-BC0A-8F129E540367}:464.2780.fc8a432.0 MSG:aBORTJMtk2oifuiD0D3iBRvmrjYs=
[AVG.IDPSDK] INFO 2013-04-15 19:45:23,153 MAC-AZURE PID:1696 THID:2072 ID:{89FB0EC8-FDD2-48a5GetName-BC0A-8F129E540367}:518.2780.fc8a432.0 MSG:*
[AVG.IDPSDK] INFO 2013-04-15 19:46:23,153 MAC-AZURE PID:1696 THID:2072 ID:{89FB0EC8-FDD2-48a5GetName-BC0A-8F129E540367}:464.2780.fc8a432.0 MSG:aBtfKclg1biSHYy7MTobkfT/Ku0s=
[AVG.IDPSDK] INFO 2013-04-15 19:46:23,153 MAC-AZURE PID:1696 THID:2072 ID:{89FB0EC8-FDD2-48a5GetName-BC0A-8F129E540367}:518.2780.fc8a432.0 MSG:*
[AVG.IDPSDK] INFO 2013-04-15 19:47:23,153 MAC-AZURE PID:1696 THID:2072 ID:{89FB0EC8-FDD2-48a5GetName-BC0A-8F129E540367}:464.2780.fc8a432.0 MSG:aALNbhmxnzdr5qA0C/UfAQjj6oKw=
[AVG.IDPSDK] INFO 2013-04-15 19:47:23,153 MAC-AZURE PID:1696 THID:2072 ID:{89FB0EC8-FDD2-48a5GetName-BC0A-8F129E540367}:518.2780.fc8a432.0 MSG:*
[AVG.IDPSDK] INFO 2013-04-15 19:48:23,153 MAC-AZURE PID:1696 THID:2072 ID:{89FB0EC8-FDD2-48a5GetName-BC0A-8F129E540367}:464.2780.fc8a432.0 MSG:aBwx2I26wY48asWhdAFbAuq5vztA=
[AVG.IDPSDK] INFO 2013-04-15 19:48:23,153 MAC-AZURE PID:1696 THID:2072 ID:{89FB0EC8-FDD2-48a5GetName-BC0A-8F129E540367}:518.2780.fc8a432.0 MSG:*
[AVG.IDPSDK] INFO 2013-04-15 19:49:23,153 MAC-AZURE PID:1696 THID:2072 ID:{89FB0EC8-FDD2-48a5GetName-BC0A-8F129E540367}:464.2780.fc8a432.0 MSG:aAQ5rh0BgaPYG4AxfDoC/nA0NSZc=
[AVG.IDPSDK] INFO 2013-04-15 19:49:23,153 MAC-AZURE PID:1696 THID:2072 ID:{89FB0EC8-FDD2-48a5GetName-BC0A-8F129E540367}:518.2780.fc8a432.0 MSG:*
[AVG.IDPSDK] INFO 2013-04-15 19:50:23,153 MAC-AZURE PID:1696 THID:2072 ID:{89FB0EC8-FDD2-48a5GetName-BC0A-8F129E540367}:464.2780.fc8a432.0 MSG:aCYTZzFHWri46mGg1PhITIXoBO20=
[AVG.IDPSDK] INFO 2013-04-15 19:50:23,153 MAC-AZURE PID:1696 THID:2072 ID:{89FB0EC8-FDD2-48a5GetName-BC0A-8F129E540367}:518.2780.fc8a432.0 MSG:*
[AVG.IDPSDK] INFO 2013-04-15 19:51:23,153 MAC-AZURE PID:1696 THID:2072 ID:{89FB0EC8-FDD2-48a5GetName-BC0A-8F129E540367}:464.2780.fc8a432.0 MSG:aAuF9wtoOjeEiq8p6mo2o1LNnB3k=
[AVG.IDPSDK] INFO 2013-04-15 19:51:23,153 MAC-AZURE PID:1696 THID:2072 ID:{89FB0EC8-FDD2-48a5GetName-BC0A-8F129E540367}:518.2780.fc8a432.0 MSG:*
[AVG.IDPSDK] INFO 2013-04-15 19:52:23,153 MAC-AZURE PID:1696 THID:2072 ID:{89FB0EC8-FDD2-48a5GetName-BC0A-8F129E540367}:464.2780.fc8a432.0 MSG:aBtfKclg1biSHYy7MTobkfT/Ku0s=
[AVG.IDPSDK] INFO 2013-04-15 19:52:23,153 MAC-AZURE PID:1696 THID:2072 ID:{89FB0EC8-FDD2-48a5GetName-BC0A-8F129E540367}:518.2780.fc8a432.0 MSG:*
[AVG.IDPSDK] INFO 2013-04-15 19:53:23,153 MAC-AZURE PID:1696 THID:2072 ID:{89FB0EC8-FDD2-48a5GetName-BC0A-8F129E540367}:464.2780.fc8a432.0 MSG:aDZragiaP6Gg+md29ctWpezDHvYA=
[AVG.IDPSDK] INFO 2013-04-15 19:53:23,153 MAC-AZURE PID:1696 THID:2072 ID:{89FB0EC8-FDD2-48a5GetName-BC0A-8F129E540367}:518.2780.fc8a432.0 MSG:*
[AVG.IDPSDK] INFO 2013-04-15 19:54:23,153 MAC-AZURE PID:1696 THID:2072 ID:{89FB0EC8-FDD2-48a5GetName-BC0A-8F129E540367}:464.2780.fc8a432.0 MSG:aBtfKclg1biSHYy7MTobkfT/Ku0s=
[AVG.IDPSDK] INFO 2013-04-15 19:54:23,153 MAC-AZURE PID:1696 THID:2072 ID:{89FB0EC8-FDD2-48a5GetName-BC0A-8F129E540367}:518.2780.fc8a432.0 MSG:*
[AVG.IDPSDK] INFO 2013-04-15 19:55:23,153 MAC-AZURE PID:1696 THID:2072 ID:{89FB0EC8-FDD2-48a5GetName-BC0A-8F129E540367}:464.2780.fc8a432.0 MSG:aDMnX3vQL7gwKNBfubkryWa7h8r0=
[AVG.IDPSDK] INFO 2013-04-15 19:55:23,153 MAC-AZURE PID:1696 THID:2072 ID:{89FB0EC8-FDD2-48a5GetName-BC0A-8F129E540367}:518.2780.fc8a432.0 MSG:*
[AVG.IDPSDK] INFO 2013-04-15 19:56:23,154 MAC-AZURE PID:1696 THID:2072 ID:{89FB0EC8-FDD2-48a5GetName-BC0A-8F129E540367}:464.2780.fc8a432.0 MSG:aBUSkbqqOF2Vnvx33mk90JWZ/UM0=
[AVG.IDPSDK] INFO 2013-04-15 19:56:23,154 MAC-AZURE PID:1696 THID:2072 ID:{89FB0EC8-FDD2-48a5GetName-BC0A-8F129E540367}:518.2780.fc8a432.0 MSG:*
[AVG.IDPSDK] INFO 2013-04-15 19:57:23,154 MAC-AZURE PID:1696 THID:2072 ID:{89FB0EC8-FDD2-48a5GetName-BC0A-8F129E540367}:464.2780.fc8a432.0 MSG:aALNbhmxnzdr5qA0C/UfAQjj6oKw=
[AVG.IDPSDK] INFO 2013-04-15 19:57:23,154 MAC-AZURE PID:1696 THID:2072 ID:{89FB0EC8-FDD2-48a5GetName-BC0A-8F129E540367}:518.2780.fc8a432.0 MSG:*
[AVG.IDPSDK] INFO 2013-04-15 19:58:23,154 MAC-AZURE PID:1696 THID:2072 ID:{89FB0EC8-FDD2-48a5GetName-BC0A-8F129E540367}:464.2780.fc8a432.0 MSG:aCIZsGOfHFJDXIAXfh25fLLGhp1s=
[AVG.IDPSDK] INFO 2013-04-15 19:58:23,154 MAC-AZURE PID:1696 THID:2072 ID:{89FB0EC8-FDD2-48a5GetName-BC0A-8F129E540367}:518.2780.fc8a432.0 MSG:*
[AVG.IDPSDK] INFO 2013-04-15 19:59:23,201 MAC-AZURE PID:1696 THID:2072 ID:{89FB0EC8-FDD2-48a5GetName-BC0A-8F129E540367}:464.2780.fc8a432.0 MSG:aCYTZzFHWri46mGg1PhITIXoBO20=
[AVG.IDPSDK] INFO 2013-04-15 19:59:23,201 MAC-AZURE PID:1696 THID:2072 ID:{89FB0EC8-FDD2-48a5GetName-BC0A-8F129E540367}:518.2780.fc8a432.0 MSG:*
[AVG.IDPSDK] INFO 2013-04-15 20:00:23,201 MAC-AZURE PID:1696 THID:2072 ID:{89FB0EC8-FDD2-48a5GetName-BC0A-8F129E540367}:464.2780.fc8a432.0 MSG:aCYTZzFHWri46mGg1PhITIXoBO20=
[AVG.IDPSDK] INFO 2013-04-15 20:00:23,201 MAC-AZURE PID:1696 THID:2072 ID:{89FB0EC8-FDD2-48a5GetName-BC0A-8F129E540367}:518.2780.fc8a432.0 MSG:*
[AVG.IDPSDK] INFO 2013-04-15 20:01:23,201 MAC-AZURE PID:1696 THID:2072 ID:{89FB0EC8-FDD2-48a5GetName-BC0A-8F129E540367}:464.2780.fc8a432.0 MSG:aALNbhmxnzdr5qA0C/UfAQjj6oKw=
[AVG.IDPSDK] INFO 2013-04-15 20:01:23,201 MAC-AZURE PID:1696 THID:2072 ID:{89FB0EC8-FDD2-48a5GetName-BC0A-8F129E540367}:518.2780.fc8a432.0 MSG:*
[AVG.IDPSDK] INFO 2013-04-15 20:02:23,201 MAC-AZURE PID:1696 THID:2072 ID:{89FB0EC8-FDD2-48a5GetName-BC0A-8F129E540367}:464.2780.fc8a432.0 MSG:aA8raDL7w9fznWibO5zX3bsHsKMk=
[AVG.IDPSDK] INFO 2013-04-15 20:02:23,201 MAC-AZURE PID:1696 THID:2072 ID:{89FB0EC8-FDD2-48a5GetName-BC0A-8F129E540367}:518.2780.fc8a432.0 MSG:*
[AVG.IDPSDK] INFO 2013-04-15 20:03:23,201 MAC-AZURE PID:1696 THID:2072 ID:{89FB0EC8-FDD2-48a5GetName-BC0A-8F129E540367}:464.2780.fc8a432.0 MSG:aDMnX3vQL7gwKNBfubkryWa7h8r0=
[AVG.IDPSDK] INFO 2013-04-15 20:03:23,201 MAC-AZURE PID:1696 THID:2072 ID:{89FB0EC8-FDD2-48a5GetName-BC0A-8F129E540367}:518.2780.fc8a432.0 MSG:*
[AVG.IDPSDK] INFO 2013-04-15 20:04:23,201 MAC-AZURE PID:1696 THID:2072 ID:{89FB0EC8-FDD2-48a5GetName-BC0A-8F129E540367}:464.2780.fc8a432.0 MSG:aDkxXrTpjspJB6f+/88V6NVmf9cs=
[AVG.IDPSDK] INFO 2013-04-15 20:04:23,201 MAC-AZURE PID:1696 THID:2072 ID:{89FB0EC8-FDD2-48a5GetName-BC0A-8F129E540367}:518.2780.fc8a432.0 MSG:*
[AVG.IDPSDK] INFO 2013-04-15 20:05:23,201 MAC-AZURE PID:1696 THID:2072 ID:{89FB0EC8-FDD2-48a5GetName-BC0A-8F129E540367}:464.2780.fc8a432.0 MSG:aDZragiaP6Gg+md29ctWpezDHvYA=
[AVG.IDPSDK] INFO 2013-04-15 20:05:23,201 MAC-AZURE PID:1696 THID:2072 ID:{89FB0EC8-FDD2-48a5GetName-BC0A-8F129E540367}:518.2780.fc8a432.0 MSG:*
[AVG.IDPSDK] INFO 2013-04-15 20:06:23,201 MAC-AZURE PID:1696 THID:2072 ID:{89FB0EC8-FDD2-48a5GetName-BC0A-8F129E540367}:464.2780.fc8a432.0 MSG:aAQ5rh0BgaPYG4AxfDoC/nA0NSZc=
[AVG.IDPSDK] INFO 2013-04-15 20:06:23,201 MAC-AZURE PID:1696 THID:2072 ID:{89FB0EC8-FDD2-48a5GetName-BC0A-8F129E540367}:518.2780.fc8a432.0 MSG:*
[AVG.IDPSDK] INFO 2013-04-15 20:07:23,201 MAC-AZURE PID:1696 THID:2072 ID:{89FB0EC8-FDD2-48a5GetName-BC0A-8F129E540367}:464.2780.fc8a432.0 MSG:aBORTJMtk2oifuiD0D3iBRvmrjYs=
[AVG.IDPSDK] INFO 2013-04-15 20:07:23,201 MAC-AZURE PID:1696 THID:2072 ID:{89FB0EC8-FDD2-48a5GetName-BC0A-8F129E540367}:518.2780.fc8a432.0 MSG:*
[AVG.IDPSDK] INFO 2013-04-15 20:08:23,201 MAC-AZURE PID:1696 THID:2072 ID:{89FB0EC8-FDD2-48a5GetName-BC0A-8F129E540367}:464.2780.fc8a432.0 MSG:aAQ5rh0BgaPYG4AxfDoC/nA0NSZc=
[AVG.IDPSDK] INFO 2013-04-15 20:08:23,201 MAC-AZURE PID:1696 THID:2072 ID:{89FB0EC8-FDD2-48a5GetName-BC0A-8F129E540367}:518.2780.fc8a432.0 MSG:*
[AVG.IDPSDK] INFO 2013-04-15 20:09:23,201 MAC-AZURE PID:1696 THID:2072 ID:{89FB0EC8-FDD2-48a5GetName-BC0A-8F129E540367}:464.2780.fc8a432.0 MSG:aDkxXrTpjspJB6f+/88V6NVmf9cs=
[AVG.IDPSDK] INFO 2013-04-15 20:09:23,201 MAC-AZURE PID:1696 THID:2072 ID:{89FB0EC8-FDD2-48a5GetName-BC0A-8F129E540367}:518.2780.fc8a432.0 MSG:*
[AVG.IDPSDK] INFO 2013-04-15 20:10:23,201 MAC-AZURE PID:1696 THID:2072 ID:{89FB0EC8-FDD2-48a5GetName-BC0A-8F129E540367}:464.2780.fc8a432.0 MSG:aDMnX3vQL7gwKNBfubkryWa7h8r0=
[AVG.IDPSDK] INFO 2013-04-15 20:10:23,201 MAC-AZURE PID:1696 THID:2072 ID:{89FB0EC8-FDD2-48a5GetName-BC0A-8F129E540367}:518.2780.fc8a432.0 MSG:*
[AVG.IDPSDK] INFO 2013-04-15 20:11:23,201 MAC-AZURE PID:1696 THID:2072 ID:{89FB0EC8-FDD2-48a5GetName-BC0A-8F129E540367}:464.2780.fc8a432.0 MSG:aBORTJMtk2oifuiD0D3iBRvmrjYs=
[AVG.IDPSDK] INFO 2013-04-15 20:11:23,201 MAC-AZURE PID:1696 THID:2072 ID:{89FB0EC8-FDD2-48a5GetName-BC0A-8F129E540367}:518.2780.fc8a432.0 MSG:*
[AVG.IDPSDK] INFO 2013-04-15 20:12:23,201 MAC-AZURE PID:1696 THID:2072 ID:{89FB0EC8-FDD2-48a5GetName-BC0A-8F129E540367}:464.2780.fc8a432.0 MSG:aD/kL3lm7+HtU3JL1daT9tZ6k720=
[AVG.IDPSDK] INFO 2013-04-15 20:12:23,201 MAC-AZURE PID:1696 THID:2072 ID:{89FB0EC8-FDD2-48a5GetName-BC0A-8F129E540367}:518.2780.fc8a432.0 MSG:*
[AVG.IDPSDK] INFO 2013-04-15 20:13:23,201 MAC-AZURE PID:1696 THID:2072 ID:{89FB0EC8-FDD2-48a5GetName-BC0A-8F129E540367}:464.2780.fc8a432.0 MSG:aBwx2I26wY48asWhdAFbAuq5vztA=
[AVG.IDPSDK] INFO 2013-04-15 20:13:23,201 MAC-AZURE PID:1696 THID:2072 ID:{89FB0EC8-FDD2-48a5GetName-BC0A-8F129E540367}:518.2780.fc8a432.0 MSG:*
[AVG.IDPSDK] INFO 2013-04-15 20:14:23,201 MAC-AZURE PID:1696 THID:2072 ID:{89FB0EC8-FDD2-48a5GetName-BC0A-8F129E540367}:464.2780.fc8a432.0 MSG:aD/kL3lm7+HtU3JL1daT9tZ6k720=
[AVG.IDPSDK] INFO 2013-04-15 20:14:23,201 MAC-AZURE PID:1696 THID:2072 ID:{89FB0EC8-FDD2-48a5GetName-BC0A-8F129E540367}:518.2780.fc8a432.0 MSG:*
[AVG.IDPSDK] INFO 2013-04-15 20:15:23,201 MAC-AZURE PID:1696 THID:2072 ID:{89FB0EC8-FDD2-48a5GetName-BC0A-8F129E540367}:464.2780.fc8a432.0 MSG:aAuF9wtoOjeEiq8p6mo2o1LNnB3k=
[AVG.IDPSDK] INFO 2013-04-15 20:15:23,201 MAC-AZURE PID:1696 THID:2072 ID:{89FB0EC8-FDD2-48a5GetName-BC0A-8F129E540367}:518.2780.fc8a432.0 MSG:*
[AVG.IDPSDK] INFO 2013-04-15 20:16:23,201 MAC-AZURE PID:1696 THID:2072 ID:{89FB0EC8-FDD2-48a5GetName-BC0A-8F129E540367}:464.2780.fc8a432.0 MSG:aBUSkbqqOF2Vnvx33mk90JWZ/UM0=
[AVG.IDPSDK] INFO 2013-04-15 20:16:23,201 MAC-AZURE PID:1696 THID:2072 ID:{89FB0EC8-FDD2-48a5GetName-BC0A-8F129E540367}:518.2780.fc8a432.0 MSG:*
[AVG.IDPSDK] INFO 2013-04-15 20:17:23,201 MAC-AZURE PID:1696 THID:2072 ID:{89FB0EC8-FDD2-48a5GetName-BC0A-8F129E540367}:464.2780.fc8a432.0 MSG:aBUSkbqqOF2Vnvx33mk90JWZ/UM0=
[AVG.IDPSDK] INFO 2013-04-15 20:17:23,201 MAC-AZURE PID:1696 THID:2072 ID:{89FB0EC8-FDD2-48a5GetName-BC0A-8F129E540367}:518.2780.fc8a432.0 MSG:*
[AVG.IDPSDK] INFO 2013-04-15 20:18:23,201 MAC-AZURE PID:1696 THID:2072 ID:{89FB0EC8-FDD2-48a5GetName-BC0A-8F129E540367}:464.2780.fc8a432.0 MSG:aCrCXRv1ajjn4utGUY8sCGKNClrg=
[AVG.IDPSDK] INFO 2013-04-15 20:18:23,201 MAC-AZURE PID:1696 THID:2072 ID:{89FB0EC8-FDD2-48a5GetName-BC0A-8F129E540367}:518.2780.fc8a432.0 MSG:*
[AVG.IDPSDK] INFO 2013-04-15 20:19:23,201 MAC-AZURE PID:1696 THID:2072 ID:{89FB0EC8-FDD2-48a5GetName-BC0A-8F129E540367}:464.2780.fc8a432.0 MSG:aCIZsGOfHFJDXIAXfh25fLLGhp1s=
[AVG.IDPSDK] INFO 2013-04-15 20:19:23,201 MAC-AZURE PID:1696 THID:2072 ID:{89FB0EC8-FDD2-48a5GetName-BC0A-8F129E540367}:518.2780.fc8a432.0 MSG:*
[AVG.IDPSDK] INFO 2013-04-15 20:20:23,201 MAC-AZURE PID:1696 THID:2072 ID:{89FB0EC8-FDD2-48a5GetName-BC0A-8F129E540367}:464.2780.fc8a432.0 MSG:aCyImhJV6lSi01bL47kZxwJqqVPc=
[AVG.IDPSDK] INFO 2013-04-15 20:20:23,201 MAC-AZURE PID:1696 THID:2072 ID:{89FB0EC8-FDD2-48a5GetName-BC0A-8F129E540367}:518.2780.fc8a432.0 MSG:*
[AVG.IDPSDK] INFO 2013-04-15 20:21:23,201 MAC-AZURE PID:1696 THID:2072 ID:{89FB0EC8-FDD2-48a5GetName-BC0A-8F129E540367}:464.2780.fc8a432.0 MSG:aA8raDL7w9fznWibO5zX3bsHsKMk=
[AVG.IDPSDK] INFO 2013-04-15 20:21:23,201 MAC-AZURE PID:1696 THID:2072 ID:{89FB0EC8-FDD2-48a5GetName-BC0A-8F129E540367}:518.2780.fc8a432.0 MSG:*
[AVG.IDPSDK] INFO 2013-04-15 20:22:23,201 MAC-AZURE PID:1696 THID:2072 ID:{89FB0EC8-FDD2-48a5GetName-BC0A-8F129E540367}:464.2780.fc8a432.0 MSG:aD/kL3lm7+HtU3JL1daT9tZ6k720=
[AVG.IDPSDK] INFO 2013-04-15 20:22:23,201 MAC-AZURE PID:1696 THID:2072 ID:{89FB0EC8-FDD2-48a5GetName-BC0A-8F129E540367}:518.2780.fc8a432.0 MSG:*
[AVG.IDPSDK] INFO 2013-04-15 20:23:23,201 MAC-AZURE PID:1696 THID:2072 ID:{89FB0EC8-FDD2-48a5GetName-BC0A-8F129E540367}:464.2780.fc8a432.0 MSG:aDMnX3vQL7gwKNBfubkryWa7h8r0=
[AVG.IDPSDK] INFO 2013-04-15 20:23:23,201 MAC-AZURE PID:1696 THID:2072 ID:{89FB0EC8-FDD2-48a5GetName-BC0A-8F129E540367}:518.2780.fc8a432.0 MSG:*
[AVG.IDPSDK] INFO 2013-04-15 20:24:23,201 MAC-AZURE PID:1696 THID:2072 ID:{89FB0EC8-FDD2-48a5GetName-BC0A-8F129E540367}:464.2780.fc8a432.0 MSG:aALNbhmxnzdr5qA0C/UfAQjj6oKw=
[AVG.IDPSDK] INFO 2013-04-15 20:24:23,201 MAC-AZURE PID:1696 THID:2072 ID:{89FB0EC8-FDD2-48a5GetName-BC0A-8F129E540367}:518.2780.fc8a432.0 MSG:*
[AVG.IDPSDK] INFO 2013-04-15 20:25:23,201 MAC-AZURE PID:1696 THID:2072 ID:{89FB0EC8-FDD2-48a5GetName-BC0A-8F129E540367}:464.2780.fc8a432.0 MSG:aCyImhJV6lSi01bL47kZxwJqqVPc=
[AVG.IDPSDK] INFO 2013-04-15 20:25:23,201 MAC-AZURE PID:1696 THID:2072 ID:{89FB0EC8-FDD2-48a5GetName-BC0A-8F129E540367}:518.2780.fc8a432.0 MSG:*
[AVG.IDPSDK] INFO 2013-04-15 20:26:23,201 MAC-AZURE PID:1696 THID:2072 ID:{89FB0EC8-FDD2-48a5GetName-BC0A-8F129E540367}:464.2780.fc8a432.0 MSG:aAQ5rh0BgaPYG4AxfDoC/nA0NSZc=
[AVG.IDPSDK] INFO 2013-04-15 20:26:23,201 MAC-AZURE PID:1696 THID:2072 ID:{89FB0EC8-FDD2-48a5GetName-BC0A-8F129E540367}:518.2780.fc8a432.0 MSG:*
[AVG.IDPSDK] INFO 2013-04-15 20:27:23,201 MAC-AZURE PID:1696 THID:2072 ID:{89FB0EC8-FDD2-48a5GetName-BC0A-8F129E540367}:464.2780.fc8a432.0 MSG:aD/kL3lm7+HtU3JL1daT9tZ6k720=
[AVG.IDPSDK] INFO 2013-04-15 20:27:23,201 MAC-AZURE PID:1696 THID:2072 ID:{89FB0EC8-FDD2-48a5GetName-BC0A-8F129E540367}:518.2780.fc8a432.0 MSG:*
[AVG.IDPSDK] INFO 2013-04-15 20:28:23,201 MAC-AZURE PID:1696 THID:2072 ID:{89FB0EC8-FDD2-48a5GetName-BC0A-8F129E540367}:464.2780.fc8a432.0 MSG:aAQ5rh0BgaPYG4AxfDoC/nA0NSZc=
[AVG.IDPSDK] INFO 2013-04-15 20:28:23,201 MAC-AZURE PID:1696 THID:2072 ID:{89FB0EC8-FDD2-48a5GetName-BC0A-8F129E540367}:518.2780.fc8a432.0 MSG:*
[AVG.IDPSDK] INFO 2013-04-15 20:29:23,201 MAC-AZURE PID:1696 THID:2072 ID:{89FB0EC8-FDD2-48a5GetName-BC0A-8F129E540367}:464.2780.fc8a432.0 MSG:aCYTZzFHWri46mGg1PhITIXoBO20=
[AVG.IDPSDK] INFO 2013-04-15 20:29:23,201 MAC-AZURE PID:1696 THID:2072 ID:{89FB0EC8-FDD2-48a5GetName-BC0A-8F129E540367}:518.2780.fc8a432.0 MSG:*
[AVG.IDPSDK] INFO 2013-04-15 20:30:23,201 MAC-AZURE PID:1696 THID:2072 ID:{89FB0EC8-FDD2-48a5GetName-BC0A-8F129E540367}:464.2780.fc8a432.0 MSG:aBtfKclg1biSHYy7MTobkfT/Ku0s=
[AVG.IDPSDK] INFO 2013-04-15 20:30:23,201 MAC-AZURE PID:1696 THID:2072 ID:{89FB0EC8-FDD2-48a5GetName-BC0A-8F129E540367}:518.2780.fc8a432.0 MSG:*
[AVG.IDPSDK] INFO 2013-04-15 20:31:23,201 MAC-AZURE PID:1696 THID:2072 ID:{89FB0EC8-FDD2-48a5GetName-BC0A-8F129E540367}:464.2780.fc8a432.0 MSG:aCYTZzFHWri46mGg1PhITIXoBO20=
[AVG.IDPSDK] INFO 2013-04-15 20:31:23,201 MAC-AZURE PID:1696 THID:2072 ID:{89FB0EC8-FDD2-48a5GetName-BC0A-8F129E540367}:518.2780.fc8a432.0 MSG:*
[AVG.IDPSDK] INFO 2013-04-15 20:32:23,201 MAC-AZURE PID:1696 THID:2072 ID:{89FB0EC8-FDD2-48a5GetName-BC0A-8F129E540367}:464.2780.fc8a432.0 MSG:aBORTJMtk2oifuiD0D3iBRvmrjYs=
[AVG.IDPSDK] INFO 2013-04-15 20:32:23,201 MAC-AZURE PID:1696 THID:2072 ID:{89FB0EC8-FDD2-48a5GetName-BC0A-8F129E540367}:518.2780.fc8a432.0 MSG:*
[AVG.IDPSDK] INFO 2013-04-15 20:33:23,201 MAC-AZURE PID:1696 THID:2072 ID:{89FB0EC8-FDD2-48a5GetName-BC0A-8F129E540367}:464.2780.fc8a432.0 MSG:aBORTJMtk2oifuiD0D3iBRvmrjYs=
[AVG.IDPSDK] INFO 2013-04-15 20:33:23,201 MAC-AZURE PID:1696 THID:2072 ID:{89FB0EC8-FDD2-48a5GetName-BC0A-8F129E540367}:518.2780.fc8a432.0 MSG:*
[AVG.IDPSDK] INFO 2013-04-15 20:34:23,201 MAC-AZURE PID:1696 THID:2072 ID:{89FB0EC8-FDD2-48a5GetName-BC0A-8F129E540367}:464.2780.fc8a432.0 MSG:aBtfKclg1biSHYy7MTobkfT/Ku0s=
[AVG.IDPSDK] INFO 2013-04-15 20:34:23,201 MAC-AZURE PID:1696 THID:2072 ID:{89FB0EC8-FDD2-48a5GetName-BC0A-8F129E540367}:518.2780.fc8a432.0 MSG:*
[AVG.IDPSDK] INFO 2013-04-15 20:35:23,201 MAC-AZURE PID:1696 THID:2072 ID:{89FB0EC8-FDD2-48a5GetName-BC0A-8F129E540367}:464.2780.fc8a432.0 MSG:aAuF9wtoOjeEiq8p6mo2o1LNnB3k=
[AVG.IDPSDK] INFO 2013-04-15 20:35:23,201 MAC-AZURE PID:1696 THID:2072 ID:{89FB0EC8-FDD2-48a5GetName-BC0A-8F129E540367}:518.2780.fc8a432.0 MSG:*
[AVG.IDPSDK] INFO 2013-04-15 20:36:23,201 MAC-AZURE PID:1696 THID:2072 ID:{89FB0EC8-FDD2-48a5GetName-BC0A-8F129E540367}:464.2780.fc8a432.0 MSG:aDkxXrTpjspJB6f+/88V6NVmf9cs=
[AVG.IDPSDK] INFO 2013-04-15 20:36:23,201 MAC-AZURE PID:1696 THID:2072 ID:{89FB0EC8-FDD2-48a5GetName-BC0A-8F129E540367}:518.2780.fc8a432.0 MSG:*
[AVG.IDPSDK] INFO 2013-04-15 20:37:23,201 MAC-AZURE PID:1696 THID:2072 ID:{89FB0EC8-FDD2-48a5GetName-BC0A-8F129E540367}:464.2780.fc8a432.0 MSG:aDkxXrTpjspJB6f+/88V6NVmf9cs=
[AVG.IDPSDK] INFO 2013-04-15 20:37:23,201 MAC-AZURE PID:1696 THID:2072 ID:{89FB0EC8-FDD2-48a5GetName-BC0A-8F129E540367}:518.2780.fc8a432.0 MSG:*
[AVG.IDPSDK] INFO 2013-04-15 20:38:23,201 MAC-AZURE PID:1696 THID:2072 ID:{89FB0EC8-FDD2-48a5GetName-BC0A-8F129E540367}:464.2780.fc8a432.0 MSG:aCrCXRv1ajjn4utGUY8sCGKNClrg=
[AVG.IDPSDK] INFO 2013-04-15 20:38:23,201 MAC-AZURE PID:1696 THID:2072 ID:{89FB0EC8-FDD2-48a5GetName-BC0A-8F129E540367}:518.2780.fc8a432.0 MSG:*
[AVG.IDPSDK] INFO 2013-04-15 20:39:23,201 MAC-AZURE PID:1696 THID:2072 ID:{89FB0EC8-FDD2-48a5GetName-BC0A-8F129E540367}:464.2780.fc8a432.0 MSG:aCYTZzFHWri46mGg1PhITIXoBO20=
[AVG.IDPSDK] INFO 2013-04-15 20:39:23,201 MAC-AZURE PID:1696 THID:2072 ID:{89FB0EC8-FDD2-48a5GetName-BC0A-8F129E540367}:518.2780.fc8a432.0 MSG:*
[AVG.IDPSDK] INFO 2013-04-15 20:40:23,201 MAC-AZURE PID:1696 THID:2072 ID:{89FB0EC8-FDD2-48a5GetName-BC0A-8F129E540367}:464.2780.fc8a432.0 MSG:aD/kL3lm7+HtU3JL1daT9tZ6k720=
[AVG.IDPSDK] INFO 2013-04-15 20:40:23,201 MAC-AZURE PID:1696 THID:2072 ID:{89FB0EC8-FDD2-48a5GetName-BC0A-8F129E540367}:518.2780.fc8a432.0 MSG:*
[AVG.IDPSDK] INFO 2013-04-15 20:41:23,205 MAC-AZURE PID:1696 THID:2072 ID:{89FB0EC8-FDD2-48a5GetName-BC0A-8F129E540367}:464.2780.fc8a432.0 MSG:aCYTZzFHWri46mGg1PhITIXoBO20=
[AVG.IDPSDK] INFO 2013-04-15 20:41:23,205 MAC-AZURE PID:1696 THID:2072 ID:{89FB0EC8-FDD2-48a5GetName-BC0A-8F129E540367}:518.2780.fc8a432.0 MSG:*
[AVG.IDPSDK] INFO 2013-04-15 20:42:23,205 MAC-AZURE PID:1696 THID:2072 ID:{89FB0EC8-FDD2-48a5GetName-BC0A-8F129E540367}:464.2780.fc8a432.0 MSG:aALNbhmxnzdr5qA0C/UfAQjj6oKw=
[AVG.IDPSDK] INFO 2013-04-15 20:42:23,205 MAC-AZURE PID:1696 THID:2072 ID:{89FB0EC8-FDD2-48a5GetName-BC0A-8F129E540367}:518.2780.fc8a432.0 MSG:*
[AVG.IDPSDK] INFO 2013-04-15 20:43:23,205 MAC-AZURE PID:1696 THID:2072 ID:{89FB0EC8-FDD2-48a5GetName-BC0A-8F129E540367}:464.2780.fc8a432.0 MSG:aCYTZzFHWri46mGg1PhITIXoBO20=
[AVG.IDPSDK] INFO 2013-04-15 20:43:23,205 MAC-AZURE PID:1696 THID:2072 ID:{89FB0EC8-FDD2-48a5GetName-BC0A-8F129E540367}:518.2780.fc8a432.0 MSG:*
[AVG.IDPSDK] INFO 2013-04-15 20:44:23,205 MAC-AZURE PID:1696 THID:2072 ID:{89FB0EC8-FDD2-48a5GetName-BC0A-8F129E540367}:464.2780.fc8a432.0 MSG:aCyImhJV6lSi01bL47kZxwJqqVPc=
[AVG.IDPSDK] INFO 2013-04-15 20:44:23,205 MAC-AZURE PID:1696 THID:2072 ID:{89FB0EC8-FDD2-48a5GetName-BC0A-8F129E540367}:518.2780.fc8a432.0 MSG:*
[AVG.IDPSDK] INFO 2013-04-15 20:45:23,205 MAC-AZURE PID:1696 THID:2072 ID:{89FB0EC8-FDD2-48a5GetName-BC0A-8F129E540367}:464.2780.fc8a432.0 MSG:aDZragiaP6Gg+md29ctWpezDHvYA=
[AVG.IDPSDK] INFO 2013-04-15 20:45:23,205 MAC-AZURE PID:1696 THID:2072 ID:{89FB0EC8-FDD2-48a5GetName-BC0A-8F129E540367}:518.2780.fc8a432.0 MSG:*
[AVG.IDPSDK] INFO 2013-04-15 20:46:23,205 MAC-AZURE PID:1696 THID:2072 ID:{89FB0EC8-FDD2-48a5GetName-BC0A-8F129E540367}:464.2780.fc8a432.0 MSG:aCrCXRv1ajjn4utGUY8sCGKNClrg=
[AVG.IDPSDK] INFO 2013-04-15 20:46:23,205 MAC-AZURE PID:1696 THID:2072 ID:{89FB0EC8-FDD2-48a5GetName-BC0A-8F129E540367}:518.2780.fc8a432.0 MSG:*
[AVG.IDPSDK] INFO 2013-04-15 20:47:23,205 MAC-AZURE PID:1696 THID:2072 ID:{89FB0EC8-FDD2-48a5GetName-BC0A-8F129E540367}:464.2780.fc8a432.0 MSG:aBORTJMtk2oifuiD0D3iBRvmrjYs=
[AVG.IDPSDK] INFO 2013-04-15 20:47:23,205 MAC-AZURE PID:1696 THID:2072 ID:{89FB0EC8-FDD2-48a5GetName-BC0A-8F129E540367}:518.2780.fc8a432.0 MSG:*
[AVG.IDPSDK] INFO 2013-04-15 20:48:23,205 MAC-AZURE PID:1696 THID:2072 ID:{89FB0EC8-FDD2-48a5GetName-BC0A-8F129E540367}:464.2780.fc8a432.0 MSG:aA8raDL7w9fznWibO5zX3bsHsKMk=
[AVG.IDPSDK] INFO 2013-04-15 20:48:23,205 MAC-AZURE PID:1696 THID:2072 ID:{89FB0EC8-FDD2-48a5GetName-BC0A-8F129E540367}:518.2780.fc8a432.0 MSG:*
[AVG.IDPSDK] INFO 2013-04-15 20:49:23,205 MAC-AZURE PID:1696 THID:2072 ID:{89FB0EC8-FDD2-48a5GetName-BC0A-8F129E540367}:464.2780.fc8a432.0 MSG:aDMnX3vQL7gwKNBfubkryWa7h8r0=
[AVG.IDPSDK] INFO 2013-04-15 20:49:23,205 MAC-AZURE PID:1696 THID:2072 ID:{89FB0EC8-FDD2-48a5GetName-BC0A-8F129E540367}:518.2780.fc8a432.0 MSG:*
[AVG.IDPSDK] INFO 2013-04-15 20:50:23,205 MAC-AZURE PID:1696 THID:2072 ID:{89FB0EC8-FDD2-48a5GetName-BC0A-8F129E540367}:464.2780.fc8a432.0 MSG:aALNbhmxnzdr5qA0C/UfAQjj6oKw=
[AVG.IDPSDK] INFO 2013-04-15 20:50:23,205 MAC-AZURE PID:1696 THID:2072 ID:{89FB0EC8-FDD2-48a5GetName-BC0A-8F129E540367}:518.2780.fc8a432.0 MSG:*
[AVG.IDPSDK] INFO 2013-04-15 20:51:23,205 MAC-AZURE PID:1696 THID:2072 ID:{89FB0EC8-FDD2-48a5GetName-BC0A-8F129E540367}:464.2780.fc8a432.0 MSG:aDkxXrTpjspJB6f+/88V6NVmf9cs=
[AVG.IDPSDK] INFO 2013-04-15 20:51:23,205 MAC-AZURE PID:1696 THID:2072 ID:{89FB0EC8-FDD2-48a5GetName-BC0A-8F129E540367}:518.2780.fc8a432.0 MSG:*
[AVG.IDPSDK] INFO 2013-04-15 20:52:23,205 MAC-AZURE PID:1696 THID:2072 ID:{89FB0EC8-FDD2-48a5GetName-BC0A-8F129E540367}:464.2780.fc8a432.0 MSG:aCYTZzFHWri46mGg1PhITIXoBO20=
[AVG.IDPSDK] INFO 2013-04-15 20:52:23,205 MAC-AZURE PID:1696 THID:2072 ID:{89FB0EC8-FDD2-48a5GetName-BC0A-8F129E540367}:518.2780.fc8a432.0 MSG:*
[AVG.IDPSDK] INFO 2013-04-15 20:53:23,205 MAC-AZURE PID:1696 THID:2072 ID:{89FB0EC8-FDD2-48a5GetName-BC0A-8F129E540367}:464.2780.fc8a432.0 MSG:aCYTZzFHWri46mGg1PhITIXoBO20=
[AVG.IDPSDK] INFO 2013-04-15 20:53:23,205 MAC-AZURE PID:1696 THID:2072 ID:{89FB0EC8-FDD2-48a5GetName-BC0A-8F129E540367}:518.2780.fc8a432.0 MSG:*
[AVG.IDPSDK] INFO 2013-04-15 20:54:23,205 MAC-AZURE PID:1696 THID:2072 ID:{89FB0EC8-FDD2-48a5GetName-BC0A-8F129E540367}:464.2780.fc8a432.0 MSG:aCrCXRv1ajjn4utGUY8sCGKNClrg=
[AVG.IDPSDK] INFO 2013-04-15 20:54:23,205 MAC-AZURE PID:1696 THID:2072 ID:{89FB0EC8-FDD2-48a5GetName-BC0A-8F129E540367}:518.2780.fc8a432.0 MSG:*
[AVG.IDPSDK] INFO 2013-04-15 20:55:23,205 MAC-AZURE PID:1696 THID:2072 ID:{89FB0EC8-FDD2-48a5GetName-BC0A-8F129E540367}:464.2780.fc8a432.0 MSG:aDZragiaP6Gg+md29ctWpezDHvYA=
[AVG.IDPSDK] INFO 2013-04-15 20:55:23,205 MAC-AZURE PID:1696 THID:2072 ID:{89FB0EC8-FDD2-48a5GetName-BC0A-8F129E540367}:518.2780.fc8a432.0 MSG:*
[AVG.IDPSDK] INFO 2013-04-15 20:56:23,205 MAC-AZURE PID:1696 THID:2072 ID:{89FB0EC8-FDD2-48a5GetName-BC0A-8F129E540367}:464.2780.fc8a432.0 MSG:aBORTJMtk2oifuiD0D3iBRvmrjYs=
[AVG.IDPSDK] INFO 2013-04-15 20:56:23,205 MAC-AZURE PID:1696 THID:2072 ID:{89FB0EC8-FDD2-48a5GetName-BC0A-8F129E540367}:518.2780.fc8a432.0 MSG:*
[AVG.IDPSDK] INFO 2013-04-15 20:57:23,205 MAC-AZURE PID:1696 THID:2072 ID:{89FB0EC8-FDD2-48a5GetName-BC0A-8F129E540367}:464.2780.fc8a432.0 MSG:aBUSkbqqOF2Vnvx33mk90JWZ/UM0=
[AVG.IDPSDK] INFO 2013-04-15 20:57:23,205 MAC-AZURE PID:1696 THID:2072 ID:{89FB0EC8-FDD2-48a5GetName-BC0A-8F129E540367}:518.2780.fc8a432.0 MSG:*
[AVG.IDPSDK] INFO 2013-04-15 20:58:23,205 MAC-AZURE PID:1696 THID:2072 ID:{89FB0EC8-FDD2-48a5GetName-BC0A-8F129E540367}:464.2780.fc8a432.0 MSG:aCrCXRv1ajjn4utGUY8sCGKNClrg=
[AVG.IDPSDK] INFO 2013-04-15 20:58:23,205 MAC-AZURE PID:1696 THID:2072 ID:{89FB0EC8-FDD2-48a5GetName-BC0A-8F129E540367}:518.2780.fc8a432.0 MSG:*
[AVG.IDPSDK] INFO 2013-04-15 20:59:23,205 MAC-AZURE PID:1696 THID:2072 ID:{89FB0EC8-FDD2-48a5GetName-BC0A-8F129E540367}:464.2780.fc8a432.0 MSG:aBtfKclg1biSHYy7MTobkfT/Ku0s=
[AVG.IDPSDK] INFO 2013-04-15 20:59:23,205 MAC-AZURE PID:1696 THID:2072 ID:{89FB0EC8-FDD2-48a5GetName-BC0A-8F129E540367}:518.2780.fc8a432.0 MSG:*
[AVG.IDPSDK] INFO 2013-04-15 21:00:23,205 MAC-AZURE PID:1696 THID:2072 ID:{89FB0EC8-FDD2-48a5GetName-BC0A-8F129E540367}:464.2780.fc8a432.0 MSG:aBUSkbqqOF2Vnvx33mk90JWZ/UM0=
[AVG.IDPSDK] INFO 2013-04-15 21:00:23,205 MAC-AZURE PID:1696 THID:2072 ID:{89FB0EC8-FDD2-48a5GetName-BC0A-8F129E540367}:518.2780.fc8a432.0 MSG:*
[AVG.IDPSDK] INFO 2013-04-15 21:01:23,205 MAC-AZURE PID:1696 THID:2072 ID:{89FB0EC8-FDD2-48a5GetName-BC0A-8F129E540367}:464.2780.fc8a432.0 MSG:aCIZsGOfHFJDXIAXfh25fLLGhp1s=
[AVG.IDPSDK] INFO 2013-04-15 21:01:23,205 MAC-AZURE PID:1696 THID:2072 ID:{89FB0EC8-FDD2-48a5GetName-BC0A-8F129E540367}:518.2780.fc8a432.0 MSG:*
[AVG.IDPSDK] INFO 2013-04-15 21:02:23,205 MAC-AZURE PID:1696 THID:2072 ID:{89FB0EC8-FDD2-48a5GetName-BC0A-8F129E540367}:464.2780.fc8a432.0 MSG:aCYTZzFHWri46mGg1PhITIXoBO20=
[AVG.IDPSDK] INFO 2013-04-15 21:02:23,205 MAC-AZURE PID:1696 THID:2072 ID:{89FB0EC8-FDD2-48a5GetName-BC0A-8F129E540367}:518.2780.fc8a432.0 MSG:*
[AVG.IDPSDK] INFO 2013-04-15 21:03:23,205 MAC-AZURE PID:1696 THID:2072 ID:{89FB0EC8-FDD2-48a5GetName-BC0A-8F129E540367}:464.2780.fc8a432.0 MSG:aCIZsGOfHFJDXIAXfh25fLLGhp1s=
[AVG.IDPSDK] INFO 2013-04-15 21:03:23,205 MAC-AZURE PID:1696 THID:2072 ID:{89FB0EC8-FDD2-48a5GetName-BC0A-8F129E540367}:518.2780.fc8a432.0 MSG:*
[AVG.IDPSDK] INFO 2013-04-15 21:04:23,205 MAC-AZURE PID:1696 THID:2072 ID:{89FB0EC8-FDD2-48a5GetName-BC0A-8F129E540367}:464.2780.fc8a432.0 MSG:aCIZsGOfHFJDXIAXfh25fLLGhp1s=
[AVG.IDPSDK] INFO 2013-04-15 21:04:23,205 MAC-AZURE PID:1696 THID:2072 ID:{89FB0EC8-FDD2-48a5GetName-BC0A-8F129E540367}:518.2780.fc8a432.0 MSG:*
[AVG.IDPSDK] INFO 2013-04-15 21:05:23,205 MAC-AZURE PID:1696 THID:2072 ID:{89FB0EC8-FDD2-48a5GetName-BC0A-8F129E540367}:464.2780.fc8a432.0 MSG:aBwx2I26wY48asWhdAFbAuq5vztA=
[AVG.IDPSDK] INFO 2013-04-15 21:05:23,205 MAC-AZURE PID:1696 THID:2072 ID:{89FB0EC8-FDD2-48a5GetName-BC0A-8F129E540367}:518.2780.fc8a432.0 MSG:*
[AVG.IDPSDK] INFO 2013-04-15 21:06:23,205 MAC-AZURE PID:1696 THID:2072 ID:{89FB0EC8-FDD2-48a5GetName-BC0A-8F129E540367}:464.2780.fc8a432.0 MSG:aBtfKclg1biSHYy7MTobkfT/Ku0s=
[AVG.IDPSDK] INFO 2013-04-15 21:06:23,205 MAC-AZURE PID:1696 THID:2072 ID:{89FB0EC8-FDD2-48a5GetName-BC0A-8F129E540367}:518.2780.fc8a432.0 MSG:*
[AVG.IDPSDK] INFO 2013-04-15 21:07:23,208 MAC-AZURE PID:1696 THID:2072 ID:{89FB0EC8-FDD2-48a5GetName-BC0A-8F129E540367}:464.2780.fc8a432.0 MSG:aBUSkbqqOF2Vnvx33mk90JWZ/UM0=
[AVG.IDPSDK] INFO 2013-04-15 21:07:23,208 MAC-AZURE PID:1696 THID:2072 ID:{89FB0EC8-FDD2-48a5GetName-BC0A-8F129E540367}:518.2780.fc8a432.0 MSG:*
[AVG.IDPSDK] INFO 2013-04-15 21:08:23,223 MAC-AZURE PID:1696 THID:2072 ID:{89FB0EC8-FDD2-48a5GetName-BC0A-8F129E540367}:464.2780.fc8a432.0 MSG:aDZragiaP6Gg+md29ctWpezDHvYA=
[AVG.IDPSDK] INFO 2013-04-15 21:08:23,223 MAC-AZURE PID:1696 THID:2072 ID:{89FB0EC8-FDD2-48a5GetName-BC0A-8F129E540367}:518.2780.fc8a432.0 MSG:*
[AVG.IDPSDK] INFO 2013-04-15 21:09:23,229 MAC-AZURE PID:1696 THID:2072 ID:{89FB0EC8-FDD2-48a5GetName-BC0A-8F129E540367}:464.2780.fc8a432.0 MSG:aA8raDL7w9fznWibO5zX3bsHsKMk=
[AVG.IDPSDK] INFO 2013-04-15 21:09:23,229 MAC-AZURE PID:1696 THID:2072 ID:{89FB0EC8-FDD2-48a5GetName-BC0A-8F129E540367}:518.2780.fc8a432.0 MSG:*
[AVG.IDPSDK] INFO 2013-04-15 21:10:23,233 MAC-AZURE PID:1696 THID:2072 ID:{89FB0EC8-FDD2-48a5GetName-BC0A-8F129E540367}:464.2780.fc8a432.0 MSG:aALNbhmxnzdr5qA0C/UfAQjj6oKw=
[AVG.IDPSDK] INFO 2013-04-15 21:10:23,233 MAC-AZURE PID:1696 THID:2072 ID:{89FB0EC8-FDD2-48a5GetName-BC0A-8F129E540367}:518.2780.fc8a432.0 MSG:*
[AVG.IDPSDK] INFO 2013-04-15 21:11:23,245 MAC-AZURE PID:1696 THID:2072 ID:{89FB0EC8-FDD2-48a5GetName-BC0A-8F129E540367}:464.2780.fc8a432.0 MSG:aDZragiaP6Gg+md29ctWpezDHvYA=
[AVG.IDPSDK] INFO 2013-04-15 21:11:23,245 MAC-AZURE PID:1696 THID:2072 ID:{89FB0EC8-FDD2-48a5GetName-BC0A-8F129E540367}:518.2780.fc8a432.0 MSG:*
[AVG.IDPSDK] INFO 2013-04-15 21:12:23,245 MAC-AZURE PID:1696 THID:2072 ID:{89FB0EC8-FDD2-48a5GetName-BC0A-8F129E540367}:464.2780.fc8a432.0 MSG:aDZragiaP6Gg+md29ctWpezDHvYA=
[AVG.IDPSDK] INFO 2013-04-15 21:12:23,245 MAC-AZURE PID:1696 THID:2072 ID:{89FB0EC8-FDD2-48a5GetName-BC0A-8F129E540367}:518.2780.fc8a432.0 MSG:*
