[AVG.LOG.SM] ALL 2013-04-12 20:09:15,323 MAC-AZURE PID:1696 THID:1700 ID:AVG.LOG.SM:0.0.0.0 MSG:c00000000001943425760bAE2vHqGWWYcB9az/Ocl0q39dUtKrk2V9+u9K0QfTRREkVnYNjmDItZV+RvWFP21eo3GqX5pDavR1mn4gvL+gn5MNFRT6d/mjYz+hAHkaTL7neJbCQOZNM/vcXloUlQY3nDwtQAdwiKdQNzNBsafIb6v/OIptN2twwzFTiC70+LzYcxRAu8STjkYsHWC8a8hqaTaSX3rGlitFhzuhH4e6PFbQBJ3EA5/SfMmS+GICL83e2Tn5SdIg+VX8tiHqoeLDdfvVqRCDFMLq/21GAoPWE/c0trqqAgT5z35E0mKxUeItAAjMTTM4EK/wnB4zmvWuj2ZYW+SRJ8zrcUMX2Pd9NKo=
[AVG.WD.UpdateMgr] INFO 2013-04-15 16:00:50,521 MAC-AZURE PID:1696 THID:3472 ID:F33F7F2D-20D9-4d27-AFA9-A07D52EE993B:1197.2900.081641c.0 MSG:*
[AVG.WD.UpdateMgr] INFO 2013-04-15 16:00:50,521 MAC-AZURE PID:1696 THID:3472 ID:F33F7F2D-20D9-4d27-AFA9-A07D52EE993B:856.2900.081641c.0 MSG:*
[AVG.WD.UpdateMgr] INFO 2013-04-15 16:00:50,537 MAC-AZURE PID:1696 THID:10456 ID:F33F7F2D-20D9-4d27-AFA9-A07D52EE993B:1108.2900.081641c.0 MSG:*
[AVG.WD.UpdateMgr] INFO 2013-04-15 16:00:50,537 MAC-AZURE PID:1696 THID:10456 ID:F33F7F2D-20D9-4d27-AFA9-A07D52EE993B:1197.2900.081641c.0 MSG:*
[AVG.WD.UpdateMgr] INFO 2013-04-15 16:00:50,537 MAC-AZURE PID:1696 THID:10456 ID:F33F7F2D-20D9-4d27-AFA9-A07D52EE993B:856.2900.081641c.0 MSG:*
[AVG.WD.UpdateMgr] INFO 2013-04-15 16:00:50,537 MAC-AZURE PID:1696 THID:3472 ID:F33F7F2D-20D9-4d27-AFA9-A07D52EE993B:1108.2900.081641c.0 MSG:*
[AVG.WD.UpdateMgr] INFO 2013-04-15 16:00:50,537 MAC-AZURE PID:1696 THID:3472 ID:F33F7F2D-20D9-4d27-AFA9-A07D52EE993B:1197.2900.081641c.0 MSG:*
[AVG.WD.UpdateMgr] INFO 2013-04-15 16:00:50,537 MAC-AZURE PID:1696 THID:3472 ID:F33F7F2D-20D9-4d27-AFA9-A07D52EE993B:856.2900.081641c.0 MSG:*
[AVG.WD.UpdateMgr] INFO 2013-04-15 16:00:50,740 MAC-AZURE PID:1696 THID:10456 ID:F33F7F2D-20D9-4d27-AFA9-A07D52EE993B:1108.2900.081641c.0 MSG:*
[AVG.WD.UpdateMgr] INFO 2013-04-15 16:00:50,740 MAC-AZURE PID:1696 THID:10456 ID:F33F7F2D-20D9-4d27-AFA9-A07D52EE993B:1197.2900.081641c.0 MSG:*
[AVG.WD.UpdateMgr] INFO 2013-04-15 16:00:50,740 MAC-AZURE PID:1696 THID:10456 ID:F33F7F2D-20D9-4d27-AFA9-A07D52EE993B:856.2900.081641c.0 MSG:*
[AVG.WD.UpdateMgr] INFO 2013-04-15 16:00:50,755 MAC-AZURE PID:1696 THID:3472 ID:F33F7F2D-20D9-4d27-AFA9-A07D52EE993B:1108.2900.081641c.0 MSG:*
[AVG.WD.UpdateMgr] INFO 2013-04-15 16:00:50,755 MAC-AZURE PID:1696 THID:3472 ID:F33F7F2D-20D9-4d27-AFA9-A07D52EE993B:1197.2900.081641c.0 MSG:*
[AVG.WD.UpdateMgr] INFO 2013-04-15 16:00:50,755 MAC-AZURE PID:1696 THID:3472 ID:F33F7F2D-20D9-4d27-AFA9-A07D52EE993B:856.2900.081641c.0 MSG:*
[AVG.WD.UpdateMgr] INFO 2013-04-15 16:00:50,755 MAC-AZURE PID:1696 THID:10456 ID:F33F7F2D-20D9-4d27-AFA9-A07D52EE993B:1108.2900.081641c.0 MSG:*
[AVG.WD.UpdateMgr] INFO 2013-04-15 16:00:50,880 MAC-AZURE PID:1696 THID:6352 ID:F33F7F2D-20D9-4d27-AFA9-A07D52EE993B:1108.2900.081641c.0 MSG:*
[AVG.WD.UpdateMgr] INFO 2013-04-15 16:00:50,912 MAC-AZURE PID:1696 THID:9428 ID:F33F7F2D-20D9-4d27-AFA9-A07D52EE993B:1108.2900.081641c.0 MSG:*
[AVG.WD.UpdateMgr] INFO 2013-04-15 16:00:50,912 MAC-AZURE PID:1696 THID:10456 ID:F33F7F2D-20D9-4d27-AFA9-A07D52EE993B:1197.2900.081641c.0 MSG:*
[AVG.WD.UpdateMgr] INFO 2013-04-15 16:00:50,912 MAC-AZURE PID:1696 THID:10456 ID:F33F7F2D-20D9-4d27-AFA9-A07D52EE993B:856.2900.081641c.0 MSG:*
[AVG.WD.UpdateMgr] INFO 2013-04-15 16:00:50,958 MAC-AZURE PID:1696 THID:11060 ID:F33F7F2D-20D9-4d27-AFA9-A07D52EE993B:1108.2900.081641c.0 MSG:*
[AVG.WD.UpdateMgr] INFO 2013-04-15 16:00:51,099 MAC-AZURE PID:1696 THID:6352 ID:F33F7F2D-20D9-4d27-AFA9-A07D52EE993B:1197.2900.081641c.0 MSG:*
[AVG.WD.UpdateMgr] INFO 2013-04-15 16:00:51,099 MAC-AZURE PID:1696 THID:6352 ID:F33F7F2D-20D9-4d27-AFA9-A07D52EE993B:856.2900.081641c.0 MSG:*
[AVG.WD.UpdateMgr] INFO 2013-04-15 16:00:51,365 MAC-AZURE PID:1696 THID:9428 ID:F33F7F2D-20D9-4d27-AFA9-A07D52EE993B:1197.2900.081641c.0 MSG:*
[AVG.WD.UpdateMgr] INFO 2013-04-15 16:00:51,365 MAC-AZURE PID:1696 THID:9428 ID:F33F7F2D-20D9-4d27-AFA9-A07D52EE993B:856.2900.081641c.0 MSG:*
[AVG.WD.UpdateMgr] INFO 2013-04-15 16:00:51,505 MAC-AZURE PID:1696 THID:11060 ID:F33F7F2D-20D9-4d27-AFA9-A07D52EE993B:1197.2900.081641c.0 MSG:*
[AVG.WD.UpdateMgr] INFO 2013-04-15 16:00:51,505 MAC-AZURE PID:1696 THID:11060 ID:F33F7F2D-20D9-4d27-AFA9-A07D52EE993B:856.2900.081641c.0 MSG:*
[AVG.WD] INFO 2013-04-15 16:00:51,662 MAC-AZURE PID:1696 THID:8140 ID:{82F683F1-E14B-41d9-8243-8C711FD17DCE}:447.2900.081641c.0 MSG:*
[AVG.WD] INFO 2013-04-15 16:00:51,662 MAC-AZURE PID:1696 THID:1524 ID:{786290AE-DB52-44af-A720-FC1CB29FEE74}:1652.2900.081641c.0 MSG:*
[AVG.WD.AntiVirus] INFO 2013-04-15 16:00:51,662 MAC-AZURE PID:1696 THID:2072 ID:D7DD7CA3-5D78-4129-ADF2-B0E30A751AC3:185.2900.081641c.0 MSG:*
[AVG.WD.AntiSpy] INFO 2013-04-15 16:00:51,662 MAC-AZURE PID:1696 THID:2072 ID:{A6793CB4-9A28-448d-BCF9-F1E8D4FE1D75}:183.2900.081641c.0 MSG:*
[AVG.WD.License] INFO 2013-04-15 16:00:51,662 MAC-AZURE PID:1696 THID:2072 ID:{4FD90288-E0BC-41be-883E-DDC2609286A8}:407.2900.081641c.0 MSG:*
[AVG.WD.License] INFO 2013-04-15 16:00:51,662 MAC-AZURE PID:1696 THID:2072 ID:{4FD90288-E0BC-41be-883E-DDC2609286A8}:232.2900.081641c.0 MSG:*
[AVG.WD] INFO 2013-04-15 16:00:52,833 MAC-AZURE PID:1696 THID:5636 ID:{82F683F1-E14B-41d9-8243-8C711FD17DCE}:217.2900.081641c.0 MSG:*
[AVG.WD] INFO 2013-04-15 16:00:52,833 MAC-AZURE PID:1696 THID:1524 ID:{786290AE-DB52-44af-A720-FC1CB29FEE74}:1652.2900.081641c.0 MSG:*
[AVG.WD.AntiVirus] INFO 2013-04-15 16:00:52,833 MAC-AZURE PID:1696 THID:2072 ID:D7DD7CA3-5D78-4129-ADF2-B0E30A751AC3:185.2900.081641c.0 MSG:*
[AVG.WD.AntiSpy] INFO 2013-04-15 16:00:52,833 MAC-AZURE PID:1696 THID:2072 ID:{A6793CB4-9A28-448d-BCF9-F1E8D4FE1D75}:183.2900.081641c.0 MSG:*
[AVG.WD.License] INFO 2013-04-15 16:00:52,833 MAC-AZURE PID:1696 THID:2072 ID:{4FD90288-E0BC-41be-883E-DDC2609286A8}:407.2900.081641c.0 MSG:*
[AVG.WD.License] INFO 2013-04-15 16:00:52,833 MAC-AZURE PID:1696 THID:2072 ID:{4FD90288-E0BC-41be-883E-DDC2609286A8}:232.2900.081641c.0 MSG:*
[AVG.WD] INFO 2013-04-15 16:00:52,849 MAC-AZURE PID:1696 THID:8600 ID:{82F683F1-E14B-41d9-8243-8C711FD17DCE}:241.2900.081641c.0 MSG:*
[AVG.WD] INFO 2013-04-15 16:00:52,849 MAC-AZURE PID:1696 THID:7552 ID:{82F683F1-E14B-41d9-8243-8C711FD17DCE}:338.2900.081641c.0 MSG:*
[AVG.WD] INFO 2013-04-15 16:00:53,255 MAC-AZURE PID:1696 THID:8448 ID:{82F683F1-E14B-41d9-8243-8C711FD17DCE}:447.2900.081641c.0 MSG:*
[AVG.WD] INFO 2013-04-15 16:00:53,255 MAC-AZURE PID:1696 THID:1524 ID:{786290AE-DB52-44af-A720-FC1CB29FEE74}:1652.2900.081641c.0 MSG:*
[AVG.WD.AntiVirus] INFO 2013-04-15 16:00:53,255 MAC-AZURE PID:1696 THID:2072 ID:D7DD7CA3-5D78-4129-ADF2-B0E30A751AC3:185.2900.081641c.0 MSG:*
[AVG.WD.AntiSpy] INFO 2013-04-15 16:00:53,255 MAC-AZURE PID:1696 THID:2072 ID:{A6793CB4-9A28-448d-BCF9-F1E8D4FE1D75}:183.2900.081641c.0 MSG:*
[AVG.WD.License] INFO 2013-04-15 16:00:53,255 MAC-AZURE PID:1696 THID:2072 ID:{4FD90288-E0BC-41be-883E-DDC2609286A8}:407.2900.081641c.0 MSG:*
[AVG.WD.License] INFO 2013-04-15 16:00:53,255 MAC-AZURE PID:1696 THID:2072 ID:{4FD90288-E0BC-41be-883E-DDC2609286A8}:232.2900.081641c.0 MSG:*
[AVG.WD.UpdateMgr] INFO 2013-04-15 16:00:54,146 MAC-AZURE PID:1696 THID:8536 ID:F33F7F2D-20D9-4d27-AFA9-A07D52EE993B:1108.2900.081641c.0 MSG:*
[AVG.WD.UpdateMgr] INFO 2013-04-15 16:00:54,146 MAC-AZURE PID:1696 THID:8536 ID:F33F7F2D-20D9-4d27-AFA9-A07D52EE993B:1163.2900.081641c.0 MSG:*
[AVG.WD.UpdateMgr] INFO 2013-04-15 16:00:54,224 MAC-AZURE PID:1696 THID:8536 ID:F33F7F2D-20D9-4d27-AFA9-A07D52EE993B:856.2900.081641c.0 MSG:*
[AVG.WD.UsersInteractions] INFO 2013-04-15 16:09:02,161 MAC-AZURE PID:1696 THID:2072 ID:{1CF8FC14-3A5C-4ce1-A97C-A2D1170B63A0}:196.2900.081641c.0 MSG:aAuF9xMIOk59e2v4Z75o=
[AVG.WD.License] INFO 2013-04-15 16:09:20,661 MAC-AZURE PID:1696 THID:2072 ID:{4FD90288-E0BC-41be-883E-DDC2609286A8}:407.2900.081641c.0 MSG:*
[AVG.WD.License] INFO 2013-04-15 16:09:20,661 MAC-AZURE PID:1696 THID:2072 ID:{4FD90288-E0BC-41be-883E-DDC2609286A8}:232.2900.081641c.0 MSG:*
[AVG.WD.AntiVirus] INFO 2013-04-15 16:09:20,661 MAC-AZURE PID:1696 THID:2072 ID:D7DD7CA3-5D78-4129-ADF2-B0E30A751AC3:185.2900.081641c.0 MSG:*
[AVG.WD.AntiSpy] INFO 2013-04-15 16:09:20,676 MAC-AZURE PID:1696 THID:2072 ID:{A6793CB4-9A28-448d-BCF9-F1E8D4FE1D75}:183.2900.081641c.0 MSG:*
[AVG.WD.UpdateMgr] INFO 2013-04-15 16:09:20,676 MAC-AZURE PID:1696 THID:2072 ID:F33F7F2D-20D9-4d27-AFA9-A07D52EE993B:480.2900.081641c.0 MSG:aA8raAafrlIrnWibO5zX3bsHqLMnXgOZEC97OfZl9VU14N5098XmTKSbt2QLm3TG5Fw9fVE1Y7hSTel7SJ6T3qGD7uQm9+ur/jzUNlrh3swGCqHmanv+1cif4q1yvWXh6SVX8WoRkjxILo/oc3usM6mROG2JrYccJ+Rs10jbR4cgS6bIHpYXh+ZE5G9k=
[AVG.WD] INFO 2013-04-15 16:09:20,958 MAC-AZURE PID:1696 THID:2072 ID:{1B128E32-4B40-474E-9828-062B51FFD515}:102.2900.081641c.0 MSG:aBUSkb6+TCnMewCGCkE88JWZ/UNrMXtfV
[AVG.WD] INFO 2013-04-15 16:31:57,004 MAC-AZURE PID:1696 THID:3472 ID:{82F683F1-E14B-41d9-8243-8C711FD17DCE}:1289.2900.081641c.0 MSG:aCIZsGOfHFJDXIAXfh25fLrmn8Vs=
[AVG.WD] INFO 2013-04-15 16:31:57,083 MAC-AZURE PID:1696 THID:3472 ID:{82F683F1-E14B-41d9-8243-8C711FD17DCE}:1362.2900.081641c.0 MSG:aBwx2I26wY48asWhdAFbAuq5vz9DvbwFz6aDntPRE/70mDs6DC4MQyO1x4mg=
[AVG.WD] INFO 2013-04-15 16:31:57,083 MAC-AZURE PID:1696 THID:3472 ID:{82F683F1-E14B-41d9-8243-8C711FD17DCE}:1332.2900.081641c.0 MSG:aAQ5rh0BgaPYG4AxfDoC/ngULH5fm+woSwLNE0T970ImTW75Q9eTurypN73k=
[AVG.WD.UsersInteractions] INFO 2013-04-15 16:33:32,051 MAC-AZURE PID:1696 THID:2072 ID:{1CF8FC14-3A5C-4ce1-A97C-A2D1170B63A0}:196.2900.081641c.0 MSG:aBUSkaLKOCRsJ3TCCjQ==
[AVG.WD.UsersInteractions] INFO 2013-04-15 16:35:57,550 MAC-AZURE PID:1696 THID:2072 ID:{1CF8FC14-3A5C-4ce1-A97C-A2D1170B63A0}:196.2900.081641c.0 MSG:aBwx2JXawffFmwFw+dUE=
[AVG.WD.UsersInteractions] INFO 2013-04-15 16:36:12,597 MAC-AZURE PID:1696 THID:2072 ID:{1CF8FC14-3A5C-4ce1-A97C-A2D1170B63A0}:196.2900.081641c.0 MSG:aCIZsHv/HCu65QiiqkA==
[AVG.WD.UsersInteractions] INFO 2013-04-15 16:37:12,785 MAC-AZURE PID:1696 THID:2072 ID:{1CF8FC14-3A5C-4ce1-A97C-A2D1170B63A0}:196.2900.081641c.0 MSG:aA8raCqbw64KbKxKtkiI=
[AVG.WD.UsersInteractions] INFO 2013-04-15 16:37:17,800 MAC-AZURE PID:1696 THID:2072 ID:{1CF8FC14-3A5C-4ce1-A97C-A2D1170B63A0}:196.2900.081641c.0 MSG:aAQ5rgVhgdohogiEqGQ==
[AVG.WD.UsersInteractions] INFO 2013-04-15 16:37:37,863 MAC-AZURE PID:1696 THID:2072 ID:{1CF8FC14-3A5C-4ce1-A97C-A2D1170B63A0}:196.2900.081641c.0 MSG:aAuF9xMIOk59e2v4Z75o=
[AVG.WD.UsersInteractions] INFO 2013-04-15 16:45:04,253 MAC-AZURE PID:1696 THID:2072 ID:{1CF8FC14-3A5C-4ce1-A97C-A2D1170B63A0}:196.2900.081641c.0 MSG:aBwx2JXawffF000UoFw==
[AVG.WD.UsersInteractions] INFO 2013-04-15 16:45:24,316 MAC-AZURE PID:1696 THID:2072 ID:{1CF8FC14-3A5C-4ce1-A97C-A2D1170B63A0}:196.2900.081641c.0 MSG:aAuF9xMIOk59e2v4Z75o=
[AVG.WD.UsersInteractions] INFO 2013-04-15 16:55:21,207 MAC-AZURE PID:1696 THID:2072 ID:{1CF8FC14-3A5C-4ce1-A97C-A2D1170B63A0}:196.2900.081641c.0 MSG:aBORTItNkxPbx2A2BGA==
[AVG.WD.UsersInteractions] INFO 2013-04-15 17:04:48,312 MAC-AZURE PID:1696 THID:2072 ID:{1CF8FC14-3A5C-4ce1-A97C-A2D1170B63A0}:196.2900.081641c.0 MSG:aCrCXQOVakEeEy+X3Ftw=
[AVG.WD.License] INFO 2013-04-15 17:09:20,671 MAC-AZURE PID:1696 THID:2072 ID:{4FD90288-E0BC-41be-883E-DDC2609286A8}:407.2900.081641c.0 MSG:*
[AVG.WD.License] INFO 2013-04-15 17:09:20,671 MAC-AZURE PID:1696 THID:2072 ID:{4FD90288-E0BC-41be-883E-DDC2609286A8}:232.2900.081641c.0 MSG:*
[AVG.WD.AntiVirus] INFO 2013-04-15 17:09:20,671 MAC-AZURE PID:1696 THID:2072 ID:D7DD7CA3-5D78-4129-ADF2-B0E30A751AC3:185.2900.081641c.0 MSG:*
[AVG.WD.AntiSpy] INFO 2013-04-15 17:09:20,687 MAC-AZURE PID:1696 THID:2072 ID:{A6793CB4-9A28-448d-BCF9-F1E8D4FE1D75}:183.2900.081641c.0 MSG:*
[AVG.WD.UpdateMgr] INFO 2013-04-15 17:09:20,687 MAC-AZURE PID:1696 THID:2072 ID:F33F7F2D-20D9-4d27-AFA9-A07D52EE993B:480.2900.081641c.0 MSG:aALNbi3V8rKz5qA0C/UfAQjj8pKxiBYP1gw7Q2CW7buZ9P/X34sqFQmxhq+vArmvzO0EwfMef0DLDiDk1cQ1FHquCOINvbdLZkccmWqIFhC17vvH/K3rQw68otfkTn0PRTF2UkJfXmXlBL4j1+JhWoEgAdErhpvkvqelSNWB4U37ZkDONdxLZ34/LMBU=
[AVG.WD] INFO 2013-04-15 17:09:20,968 MAC-AZURE PID:1696 THID:2072 ID:{1B128E32-4B40-474E-9828-062B51FFD515}:102.2900.081641c.0 MSG:aCYTZzVTLszhD51RANBJbIXoBO3oMH2wC
[AVG.WD.License] INFO 2013-04-15 18:09:20,683 MAC-AZURE PID:1696 THID:2072 ID:{4FD90288-E0BC-41be-883E-DDC2609286A8}:407.2900.081641c.0 MSG:*
[AVG.WD.License] INFO 2013-04-15 18:09:20,683 MAC-AZURE PID:1696 THID:2072 ID:{4FD90288-E0BC-41be-883E-DDC2609286A8}:232.2900.081641c.0 MSG:*
[AVG.WD.AntiVirus] INFO 2013-04-15 18:09:20,683 MAC-AZURE PID:1696 THID:2072 ID:D7DD7CA3-5D78-4129-ADF2-B0E30A751AC3:185.2900.081641c.0 MSG:*
[AVG.WD.AntiSpy] INFO 2013-04-15 18:09:20,699 MAC-AZURE PID:1696 THID:2072 ID:{A6793CB4-9A28-448d-BCF9-F1E8D4FE1D75}:183.2900.081641c.0 MSG:*
[AVG.WD.UpdateMgr] INFO 2013-04-15 18:09:20,699 MAC-AZURE PID:1696 THID:2072 ID:F33F7F2D-20D9-4d27-AFA9-A07D52EE993B:480.2900.081641c.0 MSG:aDkxXoCN40+RB6f+/88V6NVmZ8csT9O8ERsG9whaCv8GyXMDYbUzI3BuSFBJFWjkvdZBZ1KPHptks/npEYo+vHQp9NKg5aa2RKYbU56yHPloa26SYWou8Mmrn2OMgppL2gz6hvxhR1Oc23DcMfWwEfAbRHeKF/o/ERp8RRHP6uX14bz+mIRamlzeKwqg=
[AVG.WD] INFO 2013-04-15 18:09:20,980 MAC-AZURE PID:1696 THID:2072 ID:{1B128E32-4B40-474E-9828-062B51FFD515}:102.2900.081641c.0 MSG:aBUSkb6+TCnMewCGCkE88JWZ/UNrMXtfV
[AVG.WD.UsersInteractions] INFO 2013-04-15 18:11:40,996 MAC-AZURE PID:1696 THID:2072 ID:{1CF8FC14-3A5C-4ce1-A97C-A2D1170B63A0}:196.2900.081641c.0 MSG:aCYTZyknWsFBU+kVAKQ==
[AVG.WD.UsersInteractions] INFO 2013-04-15 18:13:16,289 MAC-AZURE PID:1696 THID:2072 ID:{1CF8FC14-3A5C-4ce1-A97C-A2D1170B63A0}:196.2900.081641c.0 MSG:aA8raCqbw64KbKxKtkiI=
[AVG.WD.UsersInteractions] INFO 2013-04-15 18:16:36,914 MAC-AZURE PID:1696 THID:2072 ID:{1CF8FC14-3A5C-4ce1-A97C-A2D1170B63A0}:196.2900.081641c.0 MSG:aDkxXqyJjrOwvi9LK5A==
[AVG.WD.UsersInteractions] INFO 2013-04-15 18:21:27,839 MAC-AZURE PID:1696 THID:2072 ID:{1CF8FC14-3A5C-4ce1-A97C-A2D1170B63A0}:196.2900.081641c.0 MSG:aCYTZyknWsFBG6VxWSwU=
[AVG.WD.UsersInteractions] INFO 2013-04-15 18:21:37,871 MAC-AZURE PID:1696 THID:2072 ID:{1CF8FC14-3A5C-4ce1-A97C-A2D1170B63A0}:196.2900.081641c.0 MSG:aCrCXQOVakEeW2PzhdA==
[AVG.WD.UsersInteractions] INFO 2013-04-15 18:25:13,542 MAC-AZURE PID:1696 THID:2072 ID:{1CF8FC14-3A5C-4ce1-A97C-A2D1170B63A0}:196.2900.081641c.0 MSG:aDMnX2OwL8HJ2RSONG10=
[AVG.WD] INFO 2013-04-15 18:25:54,667 MAC-AZURE PID:1696 THID:2188 ID:{82F683F1-E14B-41d9-8243-8C711FD17DCE}:352.2900.081641c.0 MSG:*
[AVG.WD.License] INFO 2013-04-15 19:09:20,683 MAC-AZURE PID:1696 THID:2072 ID:{4FD90288-E0BC-41be-883E-DDC2609286A8}:407.2900.081641c.0 MSG:*
[AVG.WD.License] INFO 2013-04-15 19:09:20,683 MAC-AZURE PID:1696 THID:2072 ID:{4FD90288-E0BC-41be-883E-DDC2609286A8}:232.2900.081641c.0 MSG:*
[AVG.WD.AntiVirus] INFO 2013-04-15 19:09:20,683 MAC-AZURE PID:1696 THID:2072 ID:D7DD7CA3-5D78-4129-ADF2-B0E30A751AC3:185.2900.081641c.0 MSG:*
[AVG.WD.AntiSpy] INFO 2013-04-15 19:09:20,699 MAC-AZURE PID:1696 THID:2072 ID:{A6793CB4-9A28-448d-BCF9-F1E8D4FE1D75}:183.2900.081641c.0 MSG:*
[AVG.WD.UpdateMgr] INFO 2013-04-15 19:09:20,699 MAC-AZURE PID:1696 THID:2072 ID:F33F7F2D-20D9-4d27-AFA9-A07D52EE993B:480.2900.081641c.0 MSG:aALNbi3V8rKz5qA0C/UfAQjj8pKxiBYP1gw7Q2CW7buZ9P/X34sqFQmxhq+vArmvzO0EwfMef0DLDiDk1cQ1FHquCOINvbdLZkccmWqIFhC17vvH/K3rQw68otfkTn0PRTF2UkJfXmXlBL4j1+JhWoEgAdErhpvkvqelSNWB4U37ZkDONdxLZ34/LMBU=
[AVG.WD] INFO 2013-04-15 19:09:20,980 MAC-AZURE PID:1696 THID:2072 ID:{1B128E32-4B40-474E-9828-062B51FFD515}:102.2900.081641c.0 MSG:aCyImhZBniD7Nqo6N5EY5wJqqVODlkdEu
[AVG.WD.UsersInteractions] INFO 2013-04-15 19:12:27,621 MAC-AZURE PID:1696 THID:2072 ID:{1CF8FC14-3A5C-4ce1-A97C-A2D1170B63A0}:196.2900.081641c.0 MSG:aALNbgHRn06SXyiB36g==
[AVG.WD.UsersInteractions] INFO 2013-04-15 19:13:52,886 MAC-AZURE PID:1696 THID:2072 ID:{1CF8FC14-3A5C-4ce1-A97C-A2D1170B63A0}:196.2900.081641c.0 MSG:aCrCXQOVakEeEy+X3Ftw=
[AVG.WD.UsersInteractions] INFO 2013-04-15 19:14:02,917 MAC-AZURE PID:1696 THID:2072 ID:{1CF8FC14-3A5C-4ce1-A97C-A2D1170B63A0}:196.2900.081641c.0 MSG:aCrCXQOVakEeW2PzhdA==
[AVG.WD.UsersInteractions] INFO 2013-04-15 19:14:43,042 MAC-AZURE PID:1696 THID:2072 ID:{1CF8FC14-3A5C-4ce1-A97C-A2D1170B63A0}:196.2900.081641c.0 MSG:aBORTItNkxPbjyxSXem8=
[AVG.WD.UsersInteractions] INFO 2013-04-15 19:14:48,058 MAC-AZURE PID:1696 THID:2072 ID:{1CF8FC14-3A5C-4ce1-A97C-A2D1170B63A0}:196.2900.081641c.0 MSG:aAuF9xMIOk59MyecPjQ==
[AVG.WD.UsersInteractions] INFO 2013-04-15 19:18:08,683 MAC-AZURE PID:1696 THID:2072 ID:{1CF8FC14-3A5C-4ce1-A97C-A2D1170B63A0}:196.2900.081641c.0 MSG:aBORTItNkxPbjyxSXem8=
[AVG.WD.UsersInteractions] INFO 2013-04-15 19:18:18,714 MAC-AZURE PID:1696 THID:2072 ID:{1CF8FC14-3A5C-4ce1-A97C-A2D1170B63A0}:196.2900.081641c.0 MSG:aD/kL2EG75gU6vr+AYg==
[AVG.WD.UsersInteractions] INFO 2013-04-15 19:21:29,325 MAC-AZURE PID:1696 THID:2072 ID:{1CF8FC14-3A5C-4ce1-A97C-A2D1170B63A0}:196.2900.081641c.0 MSG:aDZrahD6P9hZC6OneB8I=
[AVG.WD.UsersInteractions] INFO 2013-04-15 19:21:34,340 MAC-AZURE PID:1696 THID:2072 ID:{1CF8FC14-3A5C-4ce1-A97C-A2D1170B63A0}:196.2900.081641c.0 MSG:aBtfKdEA1cFrpAQO5WQ==
[AVG.WD.UsersInteractions] INFO 2013-04-15 19:23:29,700 MAC-AZURE PID:1696 THID:2072 ID:{1CF8FC14-3A5C-4ce1-A97C-A2D1170B63A0}:196.2900.081641c.0 MSG:aALNbgHRn06SF2TlhiFA=
[AVG.WD.UsersInteractions] INFO 2013-04-15 19:23:39,731 MAC-AZURE PID:1696 THID:2072 ID:{1CF8FC14-3A5C-4ce1-A97C-A2D1170B63A0}:196.2900.081641c.0 MSG:aBtfKdEA1cFrpAQO5WQ==
[AVG.WD.UsersInteractions] INFO 2013-04-15 19:23:59,793 MAC-AZURE PID:1696 THID:2072 ID:{1CF8FC14-3A5C-4ce1-A97C-A2D1170B63A0}:196.2900.081641c.0 MSG:aBORTItNkxPbjyxSXem8=
[AVG.WD.UsersInteractions] INFO 2013-04-15 19:26:00,168 MAC-AZURE PID:1696 THID:2072 ID:{1CF8FC14-3A5C-4ce1-A97C-A2D1170B63A0}:196.2900.081641c.0 MSG:aCyImgo16i1bat5+N+Q==
[AVG.WD.UsersInteractions] INFO 2013-04-15 19:32:51,450 MAC-AZURE PID:1696 THID:2072 ID:{1CF8FC14-3A5C-4ce1-A97C-A2D1170B63A0}:196.2900.081641c.0 MSG:aBORTItNkxPbjyxSXem8=
[AVG.WD.UsersInteractions] INFO 2013-04-15 19:34:41,793 MAC-AZURE PID:1696 THID:2072 ID:{1CF8FC14-3A5C-4ce1-A97C-A2D1170B63A0}:196.2900.081641c.0 MSG:aD/kL2EG75gU6vr+AYg==
[AVG.WD.UsersInteractions] INFO 2013-04-15 19:35:21,918 MAC-AZURE PID:1696 THID:2072 ID:{1CF8FC14-3A5C-4ce1-A97C-A2D1170B63A0}:196.2900.081641c.0 MSG:aAuF9xMIOk59e2v4Z75o=
[AVG.WD.UsersInteractions] INFO 2013-04-15 19:35:36,965 MAC-AZURE PID:1696 THID:2072 ID:{1CF8FC14-3A5C-4ce1-A97C-A2D1170B63A0}:196.2900.081641c.0 MSG:aD/kL2EG75gU6vr+AYg==
[AVG.WD.UsersInteractions] INFO 2013-04-15 19:36:32,137 MAC-AZURE PID:1696 THID:2072 ID:{1CF8FC14-3A5C-4ce1-A97C-A2D1170B63A0}:196.2900.081641c.0 MSG:aAuF9xMIOk59e2v4Z75o=
[AVG.WD.UsersInteractions] INFO 2013-04-15 19:42:48,309 MAC-AZURE PID:1696 THID:2072 ID:{1CF8FC14-3A5C-4ce1-A97C-A2D1170B63A0}:196.2900.081641c.0 MSG:aD/kL2EG75gU6vr+AYg==
[AVG.WD.UsersInteractions] INFO 2013-04-15 19:43:18,403 MAC-AZURE PID:1696 THID:2072 ID:{1CF8FC14-3A5C-4ce1-A97C-A2D1170B63A0}:196.2900.081641c.0 MSG:aD/kL2EG75gUoraaWALM=
[AVG.WD.UsersInteractions] INFO 2013-04-15 19:47:04,106 MAC-AZURE PID:1696 THID:2072 ID:{1CF8FC14-3A5C-4ce1-A97C-A2D1170B63A0}:196.2900.081641c.0 MSG:aDMnX2OwL8HJkVjqbeQ==
[AVG.WD.UsersInteractions] INFO 2013-04-15 19:47:29,184 MAC-AZURE PID:1696 THID:2072 ID:{1CF8FC14-3A5C-4ce1-A97C-A2D1170B63A0}:196.2900.081641c.0 MSG:aCIZsHv/HCu6rUTG88nk=
[AVG.WD.UsersInteractions] INFO 2013-04-15 19:53:20,387 MAC-AZURE PID:1696 THID:2072 ID:{1CF8FC14-3A5C-4ce1-A97C-A2D1170B63A0}:196.2900.081641c.0 MSG:aCYTZyknWsFBU+kVAKQ==
[AVG.WD.UsersInteractions] INFO 2013-04-15 19:56:30,982 MAC-AZURE PID:1696 THID:2072 ID:{1CF8FC14-3A5C-4ce1-A97C-A2D1170B63A0}:196.2900.081641c.0 MSG:aCIZsHv/HCu6rUTG88nk=
[AVG.WD.License] INFO 2013-04-15 20:09:20,685 MAC-AZURE PID:1696 THID:2072 ID:{4FD90288-E0BC-41be-883E-DDC2609286A8}:407.2900.081641c.0 MSG:*
[AVG.WD.License] INFO 2013-04-15 20:09:20,685 MAC-AZURE PID:1696 THID:2072 ID:{4FD90288-E0BC-41be-883E-DDC2609286A8}:232.2900.081641c.0 MSG:*
[AVG.WD.AntiVirus] INFO 2013-04-15 20:09:20,685 MAC-AZURE PID:1696 THID:2072 ID:D7DD7CA3-5D78-4129-ADF2-B0E30A751AC3:185.2900.081641c.0 MSG:*
[AVG.WD.AntiSpy] INFO 2013-04-15 20:09:20,701 MAC-AZURE PID:1696 THID:2072 ID:{A6793CB4-9A28-448d-BCF9-F1E8D4FE1D75}:183.2900.081641c.0 MSG:*
[AVG.WD.UpdateMgr] INFO 2013-04-15 20:09:20,701 MAC-AZURE PID:1696 THID:2072 ID:F33F7F2D-20D9-4d27-AFA9-A07D52EE993B:480.2900.081641c.0 MSG:aCrCXS+RB70/4utGUY8sCGKNEkrgEKwuDrFcJ0c4rFzJxT8WKQRfKANH4Ik6ExB3k+f5BlTXF8dZcTvrtk9xA5NSB9EP+UJE6kNX6zDyJRnfgBsfrTVRYtYBxbPD4DzoFQC2k7TQK1jv8tgFQvPIgt4q/BaMT/NjLNi+R7YKpVoSmk/9N5i+aPI7Z7IM=
[AVG.WD] INFO 2013-04-15 20:09:21,013 MAC-AZURE PID:1696 THID:2072 ID:{1B128E32-4B40-474E-9828-062B51FFD515}:102.2900.081641c.0 MSG:aAQ5rhkV9deB/nzAqBID3nA0NSYD66x1w
[AVG.WD.UsersInteractions] INFO 2013-04-15 20:40:24,236 MAC-AZURE PID:1696 THID:2072 ID:{1CF8FC14-3A5C-4ce1-A97C-A2D1170B63A0}:196.2900.081641c.0 MSG:aDkxXqyJjrOwvi9LK5A==
[AVG.WD.UsersInteractions] INFO 2013-04-15 20:41:04,361 MAC-AZURE PID:1696 THID:2072 ID:{1CF8FC14-3A5C-4ce1-A97C-A2D1170B63A0}:196.2900.081641c.0 MSG:aAuF9xMIOk59e2v4Z75o=
[AVG.WD.UsersInteractions] INFO 2013-04-15 20:41:09,376 MAC-AZURE PID:1696 THID:2072 ID:{1CF8FC14-3A5C-4ce1-A97C-A2D1170B63A0}:196.2900.081641c.0 MSG:aBtfKdEA1cFrpAQO5WQ==
[AVG.WD.UsersInteractions] INFO 2013-04-15 20:43:39,845 MAC-AZURE PID:1696 THID:2072 ID:{1CF8FC14-3A5C-4ce1-A97C-A2D1170B63A0}:196.2900.081641c.0 MSG:aCrCXQOVakEeEy+X3Ftw=
[AVG.WD.UsersInteractions] INFO 2013-04-15 20:53:51,751 MAC-AZURE PID:1696 THID:2072 ID:{1CF8FC14-3A5C-4ce1-A97C-A2D1170B63A0}:196.2900.081641c.0 MSG:aCYTZyknWsFBU+kVAKQ==
[AVG.WD.UsersInteractions] INFO 2013-04-15 20:54:21,845 MAC-AZURE PID:1696 THID:2072 ID:{1CF8FC14-3A5C-4ce1-A97C-A2D1170B63A0}:196.2900.081641c.0 MSG:aBwx2JXawffFmwFw+dUE=
[AVG.WD.UsersInteractions] INFO 2013-04-15 21:04:23,830 MAC-AZURE PID:1696 THID:2072 ID:{1CF8FC14-3A5C-4ce1-A97C-A2D1170B63A0}:196.2900.081641c.0 MSG:aA8raCqbw64KJOAu78A==
[AVG.WD.UsersInteractions] INFO 2013-04-15 21:05:08,970 MAC-AZURE PID:1696 THID:2072 ID:{1CF8FC14-3A5C-4ce1-A97C-A2D1170B63A0}:196.2900.081641c.0 MSG:aBtfKdEA1cFr7EhqvO5E=
[AVG.WD.UsersInteractions] INFO 2013-04-15 21:06:34,267 MAC-AZURE PID:1696 THID:2072 ID:{1CF8FC14-3A5C-4ce1-A97C-A2D1170B63A0}:196.2900.081641c.0 MSG:aAuF9xMIOk59MyecPjQ==
[AVG.WD.License] INFO 2013-04-15 21:09:20,698 MAC-AZURE PID:1696 THID:2072 ID:{4FD90288-E0BC-41be-883E-DDC2609286A8}:407.2900.081641c.0 MSG:*
[AVG.WD.License] INFO 2013-04-15 21:09:20,698 MAC-AZURE PID:1696 THID:2072 ID:{4FD90288-E0BC-41be-883E-DDC2609286A8}:232.2900.081641c.0 MSG:*
[AVG.WD.AntiVirus] INFO 2013-04-15 21:09:20,698 MAC-AZURE PID:1696 THID:2072 ID:D7DD7CA3-5D78-4129-ADF2-B0E30A751AC3:185.2900.081641c.0 MSG:*
[AVG.WD.AntiSpy] INFO 2013-04-15 21:09:20,713 MAC-AZURE PID:1696 THID:2072 ID:{A6793CB4-9A28-448d-BCF9-F1E8D4FE1D75}:183.2900.081641c.0 MSG:*
[AVG.WD.UpdateMgr] INFO 2013-04-15 21:09:20,713 MAC-AZURE PID:1696 THID:2072 ID:F33F7F2D-20D9-4d27-AFA9-A07D52EE993B:480.2900.081641c.0 MSG:aDMnX0+0Qj3oKNBfubkryWa7n9r0t0kTrinYKHHYMIdgVR2qy/8Fr5tPthxawl0KoHrghxkw+FRCvuHQCuo50GYL4tNv3AfEPYls8tjEItjbtpaPuZK0X3aZQbz1AKAzvJCUL1Yrcd93+o6QIiKF/+235ZfBqBzwNxdkfAqv7Ynnw6r/V7376CXxXKvk=
[AVG.WD] INFO 2013-04-15 21:09:21,026 MAC-AZURE PID:1696 THID:2072 ID:{1B128E32-4B40-474E-9828-062B51FFD515}:102.2900.081641c.0 MSG:aBORTJc55x57mxRyBBXjJRvmrjZxNnwXT
