[AVG.LOG.SM] ALL 2013-04-11 15:50:49,938 MAC-AZURE PID:1696 THID:1700 ID:AVG.LOG.SM:0.0.0.0 MSG:c00000000001930384096bAAAb8oMqmn3kqsDFAQe7uEvFR1f0D4kwlFlx0XANi+yoipSq/+kTxuF+NQxrbUQoF+FWE6tO2MChRDM1YGlyDpGqngHtdbmQMLNDwcOZ3vdm9COeh2MwUoZrmqzQ9ermi6709w5OEmujnYt9JhySQj4qZLXXCtgQ2wvoRQ6dpkjo1TmI/ys/50nBza2sLm39ByJ+oVFO7wbq6IQ8hToTigZf04k2+Hr8kBrr9uskM1CU9vftTRvDFr28o03yiscmSEsN2YUoI8TosP7eAl1++7QpIaoqwR2foYeAKm3xnvkmCIRHyAsElY96WK2J3M695RvvFtQ/zkxUZ/na1/v+UUE=
[AVG.WDService] INFO 2013-04-11 15:50:49,949 MAC-AZURE PID:1696 THID:1728 ID:{236D5B11-F892-472e-99DD-E932F6DBBB91}:124.2780.fc8a432.0 MSG:*
[AVG.WDService] INFO 2013-04-11 15:50:49,950 MAC-AZURE PID:1696 THID:1728 ID:{236D5B11-F892-472e-99DD-E932F6DBBB91}:125.2780.fc8a432.0 MSG:*
[AVG.WDService] INFO 2013-04-11 15:50:49,950 MAC-AZURE PID:1696 THID:1728 ID:{236D5B11-F892-472e-99DD-E932F6DBBB91}:126.2780.fc8a432.0 MSG:*
[AVG.WDService] ERROR 2013-04-11 15:50:50,102 MAC-AZURE PID:1696 THID:1728 ID:{236D5B11-F892-472e-99DD-E932F6DBBB91}:534.2780.fc8a432.0 MSG:aCIZsGeLaCYauXzmqjW4XebGhpkyN9dEX
[AVG.WDService] INFO 2013-04-11 15:50:50,103 MAC-AZURE PID:1696 THID:1728 ID:{236D5B11-F892-472e-99DD-E932F6DBBB91}:152.2780.fc8a432.0 MSG:aAQ5rkEN9ANNKtwMLHpc=
[AVG.WDService] INFO 2013-04-11 15:50:50,103 MAC-AZURE PID:1696 THID:1728 ID:{236D5B11-F892-472e-99DD-E932F6DBBB91}:173.2780.fc8a432.0 MSG:aCyImk5Zn/S+0uZq6sREzkce6Irm5xJIpAml8o4MMJEfg3wO3JqNJB0nQKw==
[AVG.WDService] INFO 2013-04-11 15:50:50,107 MAC-AZURE PID:1696 THID:1728 ID:{236D5B11-F892-472e-99DD-E932F6DBBB91}:186.2780.fc8a432.0 MSG:*
[AVG.WDService] INFO 2013-04-11 15:50:50,149 MAC-AZURE PID:1696 THID:1728 ID:{236D5B11-F892-472e-99DD-E932F6DBBB91}:200.2780.fc8a432.0 MSG:*
[AVG.WDService] INFO 2013-04-11 15:50:51,144 MAC-AZURE PID:1696 THID:1728 ID:{236D5B11-F892-472e-99DD-E932F6DBBB91}:247.2780.fc8a432.0 MSG:*
[AVG.WDService] INFO 2013-04-11 15:50:51,144 MAC-AZURE PID:1696 THID:1728 ID:{236D5B11-F892-472e-99DD-E932F6DBBB91}:260.2780.fc8a432.0 MSG:*
[AVG.WDService] INFO 2013-04-11 15:50:51,144 MAC-AZURE PID:1696 THID:1728 ID:{236D5B11-F892-472e-99DD-E932F6DBBB91}:477.2780.fc8a432.0 MSG:aAQ5rkEN9AMdSowAATsDuzlFYXg==
[AVG.WDService] ERROR 2013-04-11 15:50:51,160 MAC-AZURE PID:1696 THID:1728 ID:{236D5B11-F892-472e-99DD-E932F6DBBB91}:534.2780.fc8a432.0 MSG:aDMnX3/EW8xpzSyubZEq6DK7h86oxx1uf
[AVG.WDService] INFO 2013-04-11 17:44:07,455 MAC-AZURE PID:1696 THID:1700 ID:{236D5B11-F892-472e-99DD-E932F6DBBB91}:395.2780.fc8a432.0 MSG:aBUSkbqqOF2Vnvx33mk90JWZ/Ac0=
[AVG.WDService] INFO 2013-04-11 20:23:30,109 MAC-AZURE PID:1696 THID:1700 ID:{236D5B11-F892-472e-99DD-E932F6DBBB91}:395.2780.fc8a432.0 MSG:aCyImhJV6lSi01bL47kZxwJqqBfc=
[AVG.WDService] INFO 2013-04-11 20:23:42,109 MAC-AZURE PID:1696 THID:1700 ID:{236D5B11-F892-472e-99DD-E932F6DBBB91}:395.2780.fc8a432.0 MSG:aDMnX3vQL7gwKNBfubkryWa7ho70=
[AVG.WDService] INFO 2013-04-11 21:44:57,936 MAC-AZURE PID:1696 THID:1700 ID:{236D5B11-F892-472e-99DD-E932F6DBBB91}:395.2780.fc8a432.0 MSG:aDMnX3vQL7gwKNBfubkryWa7ho70=
[AVG.WDService] INFO 2013-04-11 21:56:04,810 MAC-AZURE PID:1696 THID:1700 ID:{236D5B11-F892-472e-99DD-E932F6DBBB91}:395.2780.fc8a432.0 MSG:aA8raDL7w9fznWibO5zX3bsHseck=
[AVG.WDService] INFO 2013-04-11 21:56:16,823 MAC-AZURE PID:1696 THID:1700 ID:{236D5B11-F892-472e-99DD-E932F6DBBB91}:395.2780.fc8a432.0 MSG:aBwx2I26wY48asWhdAFbAuq5vn9A=
[AVG.WDService] INFO 2013-04-11 22:04:47,236 MAC-AZURE PID:1696 THID:1700 ID:{236D5B11-F892-472e-99DD-E932F6DBBB91}:395.2780.fc8a432.0 MSG:aDZragiaP6Gg+md29ctWpezDH7IA=
[AVG.WDService] INFO 2013-04-11 22:05:04,845 MAC-AZURE PID:1696 THID:1700 ID:{236D5B11-F892-472e-99DD-E932F6DBBB91}:395.2780.fc8a432.0 MSG:aBORTJMtk2oifuiD0D3iBRvmr3Is=
[AVG.WDService] INFO 2013-04-12 15:51:22,843 MAC-AZURE PID:1696 THID:1700 ID:{236D5B11-F892-472e-99DD-E932F6DBBB91}:395.2780.fc8a432.0 MSG:aCrCXRv1ajjn4utGUY8sCGKNCx7g=
[AVG.WDService] INFO 2013-04-12 16:42:02,017 MAC-AZURE PID:1696 THID:1700 ID:{236D5B11-F892-472e-99DD-E932F6DBBB91}:395.2780.fc8a432.0 MSG:aALNbhmxnzdr5qA0C/UfAQjj68aw=
[AVG.WDService] INFO 2013-04-12 20:08:43,450 MAC-AZURE PID:1696 THID:1700 ID:{236D5B11-F892-472e-99DD-E932F6DBBB91}:279.2780.fc8a432.0 MSG:*
[AVG.WDService] INFO 2013-04-12 20:08:43,450 MAC-AZURE PID:1696 THID:1700 ID:{236D5B11-F892-472e-99DD-E932F6DBBB91}:280.2780.fc8a432.0 MSG:*
[AVG.WDService] INFO 2013-04-12 20:08:43,450 MAC-AZURE PID:1696 THID:1700 ID:{236D5B11-F892-472e-99DD-E932F6DBBB91}:281.2780.fc8a432.0 MSG:*
[AVG.WDService] INFO 2013-04-12 20:08:43,450 MAC-AZURE PID:1696 THID:1700 ID:{236D5B11-F892-472e-99DD-E932F6DBBB91}:283.2780.fc8a432.0 MSG:*
[AVG.WDService] ERROR 2013-04-12 20:08:43,450 MAC-AZURE PID:1696 THID:1700 ID:{236D5B11-F892-472e-99DD-E932F6DBBB91}:534.2780.fc8a432.0 MSG:aCYTZzVTLszhD51RANBJbdHoBOnoMGmQC
[AVG.WDService] INFO 2013-04-12 20:08:43,450 MAC-AZURE PID:1696 THID:1700 ID:{236D5B11-F892-472e-99DD-E932F6DBBB91}:304.2780.fc8a432.0 MSG:*
[AVG.WDService] INFO 2013-04-12 20:08:44,731 MAC-AZURE PID:1696 THID:1700 ID:{236D5B11-F892-472e-99DD-E932F6DBBB91}:316.2780.fc8a432.0 MSG:*
[AVG.WDService] INFO 2013-04-12 20:08:45,387 MAC-AZURE PID:1696 THID:1700 ID:{236D5B11-F892-472e-99DD-E932F6DBBB91}:330.2780.fc8a432.0 MSG:*
[AVG.LOG.SM] ALL 2013-04-12 20:09:15,323 MAC-AZURE PID:1696 THID:1700 ID:AVG.LOG.SM:0.0.0.0 MSG:c00000000001943425760bAE2vHqGWWYcB9az/Ocl0q39dUtKrk2V9+u9K0QfTRREkVnYNjmDItZV+RvWFP21eo3GqX5pDavR1mn4gvL+gn5MNFRT6d/mjYz+hAHkaTL7neJbCQOZNM/vcXloUlQY3nDwtQAdwiKdQNzNBsafIb6v/OIptN2twwzFTiC70+LzYcxRAu8STjkYsHWC8a8hqaTaSX3rGlitFhzuhH4e6PFbQBJ3EA5/SfMmS+GICL83e2Tn5SdIg+VX8tiHqoeLDdfvVqRCDFMLq/21GAoPWE/c0trqqAgT5z35E0mKxUeItAAjMTTM4EK/wnB4zmvWuj2ZYW+SRJ8zrcUMX2Pd9NKo=
[AVG.WDService] INFO 2013-04-12 20:09:15,354 MAC-AZURE PID:1696 THID:1732 ID:{236D5B11-F892-472e-99DD-E932F6DBBB91}:124.2780.fc8a432.0 MSG:*
[AVG.WDService] INFO 2013-04-12 20:09:15,358 MAC-AZURE PID:1696 THID:1732 ID:{236D5B11-F892-472e-99DD-E932F6DBBB91}:125.2780.fc8a432.0 MSG:*
[AVG.WDService] INFO 2013-04-12 20:09:15,358 MAC-AZURE PID:1696 THID:1732 ID:{236D5B11-F892-472e-99DD-E932F6DBBB91}:126.2780.fc8a432.0 MSG:*
[AVG.WDService] ERROR 2013-04-12 20:09:15,937 MAC-AZURE PID:1696 THID:1732 ID:{236D5B11-F892-472e-99DD-E932F6DBBB91}:534.2780.fc8a432.0 MSG:aCrCXR/hHky+Bxe3hactKTaNCl68YPhT3
[AVG.WDService] INFO 2013-04-12 20:09:16,060 MAC-AZURE PID:1696 THID:1732 ID:{236D5B11-F892-472e-99DD-E932F6DBBB91}:152.2780.fc8a432.0 MSG:aAQ5rkEN9ANNKtwMLHpc=
[AVG.WDService] INFO 2013-04-12 20:09:16,060 MAC-AZURE PID:1696 THID:1732 ID:{236D5B11-F892-472e-99DD-E932F6DBBB91}:173.2780.fc8a432.0 MSG:aCyImk5Zn/S+0uZq6sREzkce6Irm5xJIpAml8o4MMJEfg3wO3JqNJB0nQKw==
[AVG.WDService] INFO 2013-04-12 20:09:16,128 MAC-AZURE PID:1696 THID:1732 ID:{236D5B11-F892-472e-99DD-E932F6DBBB91}:186.2780.fc8a432.0 MSG:*
[AVG.WDService] INFO 2013-04-12 20:09:16,331 MAC-AZURE PID:1696 THID:1732 ID:{236D5B11-F892-472e-99DD-E932F6DBBB91}:200.2780.fc8a432.0 MSG:*
[AVG.WDService] INFO 2013-04-12 20:09:17,509 MAC-AZURE PID:1696 THID:1732 ID:{236D5B11-F892-472e-99DD-E932F6DBBB91}:247.2780.fc8a432.0 MSG:*
[AVG.WDService] INFO 2013-04-12 20:09:20,377 MAC-AZURE PID:1696 THID:1732 ID:{236D5B11-F892-472e-99DD-E932F6DBBB91}:260.2780.fc8a432.0 MSG:*
[AVG.WDService] INFO 2013-04-12 20:09:20,518 MAC-AZURE PID:1696 THID:1732 ID:{236D5B11-F892-472e-99DD-E932F6DBBB91}:477.2780.fc8a432.0 MSG:aAuF91dkT5dB26MYl2s35hu8yEA==
[AVG.WDService] ERROR 2013-04-12 20:09:20,862 MAC-AZURE PID:1696 THID:1732 ID:{236D5B11-F892-472e-99DD-E932F6DBBB91}:534.2780.fc8a432.0 MSG:aAQ5rhkV9deB/nzAqBID3yQ0NSID67hVw
